This is pdfTeX, Version 3.14159265-2.6-1.40.20 (MiKTeX 2.9.7250 64-bit) (preloaded format=pdflatex 2019.12.3)  5 DEC 2019 11:56
entering extended mode
**./ichps2020-kolenikov-svy.tex
(ichps2020-kolenikov-svy.tex
LaTeX2e <2019-10-01> patch level 3
(C:\Users\KolenikovS\AppData\Roaming\MiKTeX\2.9\tex/latex/beamer\beamer.cls
Document Class: beamer 2018/09/20 v3.54 A class for typesetting presentations

(C:\Users\KolenikovS\AppData\Roaming\MiKTeX\2.9\tex/latex/beamer\beamerbasemode
s.sty
(C:\Users\KolenikovS\AppData\Roaming\MiKTeX\2.9\tex/latex/etoolbox\etoolbox.sty
Package: etoolbox 2018/08/19 v2.5f e-TeX tools for LaTeX (JAW)
\etb@tempcnta=\count80

Package etoolbox Warning: Patching '\begin' failed!
(etoolbox)                '\AtBeginEnvironment' will not work.


Package etoolbox Warning: Patching '\end' failed!
(etoolbox)                '\AtEndEnvironment' will not work.


Package etoolbox Warning: Patching '\end' failed!
(etoolbox)                '\AfterEndEnvironment' will not work.

)
\beamer@tempbox=\box27
\beamer@tempcount=\count81
\c@beamerpauses=\count82

(C:\Users\KolenikovS\AppData\Roaming\MiKTeX\2.9\tex/latex/beamer\beamerbasedeco
de.sty
\beamer@slideinframe=\count83
\beamer@minimum=\count84
)
\beamer@commentbox=\box28
\beamer@modecount=\count85
) (ifpdf.sty
Package: ifpdf 2019/10/25 v3.4 ifpdf legacy package. Use iftex instead.
 (iftex.sty
Package: iftex 2019/11/07 v1.0c TeX engine tests
))
\headdp=\dimen102
\footheight=\dimen103
\sidebarheight=\dimen104
\beamer@tempdim=\dimen105
\beamer@finalheight=\dimen106
\beamer@animht=\dimen107
\beamer@animdp=\dimen108
\beamer@animwd=\dimen109
\beamer@leftmargin=\dimen110
\beamer@rightmargin=\dimen111
\beamer@leftsidebar=\dimen112
\beamer@rightsidebar=\dimen113
\beamer@boxsize=\dimen114
\beamer@vboxoffset=\dimen115
\beamer@descdefault=\dimen116
\beamer@descriptionwidth=\dimen117
\beamer@lastskip=\skip41
\beamer@areabox=\box29
\beamer@animcurrent=\box30
\beamer@animshowbox=\box31
\beamer@sectionbox=\box32
\beamer@logobox=\box33
\beamer@linebox=\box34
\beamer@sectioncount=\count86
\beamer@subsubsectionmax=\count87
\beamer@subsectionmax=\count88
\beamer@sectionmax=\count89
\beamer@totalheads=\count90
\beamer@headcounter=\count91
\beamer@partstartpage=\count92
\beamer@sectionstartpage=\count93
\beamer@subsectionstartpage=\count94
\beamer@animationtempa=\count95
\beamer@animationtempb=\count96
\beamer@xpos=\count97
\beamer@ypos=\count98
\beamer@ypos@offset=\count99
\beamer@showpartnumber=\count100
\beamer@currentsubsection=\count101
\beamer@coveringdepth=\count102
\beamer@sectionadjust=\count103
\beamer@tocsectionnumber=\count104

(C:\Users\KolenikovS\AppData\Roaming\MiKTeX\2.9\tex/latex/beamer\beamerbaseopti
ons.sty ("C:\Program Files\MiKTeX 2.9\tex/latex/graphics\keyval.sty"
Package: keyval 2014/10/28 v1.15 key=value parser (DPC)
\KV@toks@=\toks14
))
\beamer@paperwidth=\skip42
\beamer@paperheight=\skip43

("C:\Program Files\MiKTeX 2.9\tex/latex/geometry\geometry.sty"
Package: geometry 2018/04/16 v5.8 Page Geometry
 (ifvtex.sty
Package: ifvtex 2019/10/25 v1.7 ifvtex legacy package. Use iftex instead.
)
(ifxetex.sty
Package: ifxetex 2019/10/25 v0.7 ifxetex legacy package. Use iftex instead.
)
\Gm@cnth=\count105
\Gm@cntv=\count106
\c@Gm@tempcnt=\count107
\Gm@bindingoffset=\dimen118
\Gm@wd@mp=\dimen119
\Gm@odd@mp=\dimen120
\Gm@even@mp=\dimen121
\Gm@layoutwidth=\dimen122
\Gm@layoutheight=\dimen123
\Gm@layouthoffset=\dimen124
\Gm@layoutvoffset=\dimen125
\Gm@dimlist=\toks15
 ("C:\Program Files\MiKTeX 2.9\tex/latex/geometry\geometry.cfg"))
("C:\Program Files\MiKTeX 2.9\tex/latex/base\size11.clo"
File: size11.clo 2019/10/25 v1.4k Standard LaTeX file (size option)
)
(C:\Users\KolenikovS\AppData\Roaming\MiKTeX\2.9\tex/latex/pgf/basiclayer\pgfcor
e.sty ("C:\Program Files\MiKTeX 2.9\tex/latex/graphics\graphicx.sty"
Package: graphicx 2017/06/01 v1.1a Enhanced LaTeX Graphics (DPC,SPQR)

("C:\Program Files\MiKTeX 2.9\tex/latex/graphics\graphics.sty"
Package: graphics 2019/11/01 v1.3d Standard LaTeX Graphics (DPC,SPQR)

("C:\Program Files\MiKTeX 2.9\tex/latex/graphics\trig.sty"
Package: trig 2016/01/03 v1.10 sin cos tan (DPC)
)
("C:\Program Files\MiKTeX 2.9\tex/latex/graphics-cfg\graphics.cfg"
File: graphics.cfg 2016/06/04 v1.11 sample graphics configuration
)
Package graphics Info: Driver file: pdftex.def on input line 105.

("C:\Program Files\MiKTeX 2.9\tex/latex/graphics-def\pdftex.def"
File: pdftex.def 2018/01/08 v1.0l Graphics/color driver for pdftex
))
\Gin@req@height=\dimen126
\Gin@req@width=\dimen127
)
(C:\Users\KolenikovS\AppData\Roaming\MiKTeX\2.9\tex/latex/pgf/systemlayer\pgfsy
s.sty
(C:\Users\KolenikovS\AppData\Roaming\MiKTeX\2.9\tex/latex/pgf/utilities\pgfrcs.
sty
(C:\Users\KolenikovS\AppData\Roaming\MiKTeX\2.9\tex/generic/pgf/utilities\pgfut
il-common.tex
\pgfutil@everybye=\toks16
\pgfutil@tempdima=\dimen128
\pgfutil@tempdimb=\dimen129

(C:\Users\KolenikovS\AppData\Roaming\MiKTeX\2.9\tex/generic/pgf/utilities\pgfut
il-common-lists.tex))
(C:\Users\KolenikovS\AppData\Roaming\MiKTeX\2.9\tex/generic/pgf/utilities\pgfut
il-latex.def
\pgfutil@abb=\box35

(C:\Users\KolenikovS\AppData\Roaming\MiKTeX\2.9\tex/latex/ms\everyshi.sty
Package: everyshi 2001/05/15 v3.00 EveryShipout Package (MS)
))
(C:\Users\KolenikovS\AppData\Roaming\MiKTeX\2.9\tex/generic/pgf/utilities\pgfrc
s.code.tex
Package: pgfrcs 2015/08/07 v3.0.1a (rcs-revision 1.31)
))
(C:\Users\KolenikovS\AppData\Roaming\MiKTeX\2.9\tex/generic/pgf/systemlayer\pgf
sys.code.tex
Package: pgfsys 2014/07/09 v3.0.1a (rcs-revision 1.48)

(C:\Users\KolenikovS\AppData\Roaming\MiKTeX\2.9\tex/generic/pgf/utilities\pgfke
ys.code.tex
\pgfkeys@pathtoks=\toks17
\pgfkeys@temptoks=\toks18

(C:\Users\KolenikovS\AppData\Roaming\MiKTeX\2.9\tex/generic/pgf/utilities\pgfke
ysfiltered.code.tex
\pgfkeys@tmptoks=\toks19
))
\pgf@x=\dimen130
\pgf@y=\dimen131
\pgf@xa=\dimen132
\pgf@ya=\dimen133
\pgf@xb=\dimen134
\pgf@yb=\dimen135
\pgf@xc=\dimen136
\pgf@yc=\dimen137
\w@pgf@writea=\write3
\r@pgf@reada=\read1
\c@pgf@counta=\count108
\c@pgf@countb=\count109
\c@pgf@countc=\count110
\c@pgf@countd=\count111
\t@pgf@toka=\toks20
\t@pgf@tokb=\toks21
\t@pgf@tokc=\toks22

(C:\Users\KolenikovS\AppData\Roaming\MiKTeX\2.9\tex/generic/pgf/systemlayer\pgf
.cfg
File: pgf.cfg 2008/05/14  (rcs-revision 1.7)
)
Driver file for pgf: pgfsys-pdftex.def

(C:\Users\KolenikovS\AppData\Roaming\MiKTeX\2.9\tex/generic/pgf/systemlayer\pgf
sys-pdftex.def
File: pgfsys-pdftex.def 2014/10/11  (rcs-revision 1.35)

(C:\Users\KolenikovS\AppData\Roaming\MiKTeX\2.9\tex/generic/pgf/systemlayer\pgf
sys-common-pdf.def
File: pgfsys-common-pdf.def 2013/10/10  (rcs-revision 1.13)
)))
(C:\Users\KolenikovS\AppData\Roaming\MiKTeX\2.9\tex/generic/pgf/systemlayer\pgf
syssoftpath.code.tex
File: pgfsyssoftpath.code.tex 2013/09/09  (rcs-revision 1.9)
\pgfsyssoftpath@smallbuffer@items=\count112
\pgfsyssoftpath@bigbuffer@items=\count113
)
(C:\Users\KolenikovS\AppData\Roaming\MiKTeX\2.9\tex/generic/pgf/systemlayer\pgf
sysprotocol.code.tex
File: pgfsysprotocol.code.tex 2006/10/16  (rcs-revision 1.4)
))
(C:\Users\KolenikovS\AppData\Roaming\MiKTeX\2.9\tex/latex/xcolor\xcolor.sty
Package: xcolor 2016/05/11 v2.12 LaTeX color extensions (UK)

("C:\Program Files\MiKTeX 2.9\tex/latex/graphics-cfg\color.cfg"
File: color.cfg 2016/01/02 v1.6 sample color configuration
)
Package xcolor Info: Driver file: pdftex.def on input line 225.
Package xcolor Info: Model `cmy' substituted by `cmy0' on input line 1348.
Package xcolor Info: Model `hsb' substituted by `rgb' on input line 1352.
Package xcolor Info: Model `RGB' extended on input line 1364.
Package xcolor Info: Model `HTML' substituted by `rgb' on input line 1366.
Package xcolor Info: Model `Hsb' substituted by `hsb' on input line 1367.
Package xcolor Info: Model `tHsb' substituted by `hsb' on input line 1368.
Package xcolor Info: Model `HSB' substituted by `hsb' on input line 1369.
Package xcolor Info: Model `Gray' substituted by `gray' on input line 1370.
Package xcolor Info: Model `wave' substituted by `hsb' on input line 1371.
)
(C:\Users\KolenikovS\AppData\Roaming\MiKTeX\2.9\tex/generic/pgf/basiclayer\pgfc
ore.code.tex
Package: pgfcore 2010/04/11 v3.0.1a (rcs-revision 1.7)

(C:\Users\KolenikovS\AppData\Roaming\MiKTeX\2.9\tex/generic/pgf/math\pgfmath.co
de.tex
(C:\Users\KolenikovS\AppData\Roaming\MiKTeX\2.9\tex/generic/pgf/math\pgfmathcal
c.code.tex
(C:\Users\KolenikovS\AppData\Roaming\MiKTeX\2.9\tex/generic/pgf/math\pgfmathuti
l.code.tex)
(C:\Users\KolenikovS\AppData\Roaming\MiKTeX\2.9\tex/generic/pgf/math\pgfmathpar
ser.code.tex
\pgfmath@dimen=\dimen138
\pgfmath@count=\count114
\pgfmath@box=\box36
\pgfmath@toks=\toks23
\pgfmath@stack@operand=\toks24
\pgfmath@stack@operation=\toks25
)
(C:\Users\KolenikovS\AppData\Roaming\MiKTeX\2.9\tex/generic/pgf/math\pgfmathfun
ctions.code.tex
(C:\Users\KolenikovS\AppData\Roaming\MiKTeX\2.9\tex/generic/pgf/math\pgfmathfun
ctions.basic.code.tex)
(C:\Users\KolenikovS\AppData\Roaming\MiKTeX\2.9\tex/generic/pgf/math\pgfmathfun
ctions.trigonometric.code.tex)
(C:\Users\KolenikovS\AppData\Roaming\MiKTeX\2.9\tex/generic/pgf/math\pgfmathfun
ctions.random.code.tex)
(C:\Users\KolenikovS\AppData\Roaming\MiKTeX\2.9\tex/generic/pgf/math\pgfmathfun
ctions.comparison.code.tex)
(C:\Users\KolenikovS\AppData\Roaming\MiKTeX\2.9\tex/generic/pgf/math\pgfmathfun
ctions.base.code.tex)
(C:\Users\KolenikovS\AppData\Roaming\MiKTeX\2.9\tex/generic/pgf/math\pgfmathfun
ctions.round.code.tex)
(C:\Users\KolenikovS\AppData\Roaming\MiKTeX\2.9\tex/generic/pgf/math\pgfmathfun
ctions.misc.code.tex)
(C:\Users\KolenikovS\AppData\Roaming\MiKTeX\2.9\tex/generic/pgf/math\pgfmathfun
ctions.integerarithmetics.code.tex)))
(C:\Users\KolenikovS\AppData\Roaming\MiKTeX\2.9\tex/generic/pgf/math\pgfmathflo
at.code.tex
\c@pgfmathroundto@lastzeros=\count115
))
(C:\Users\KolenikovS\AppData\Roaming\MiKTeX\2.9\tex/generic/pgf/basiclayer\pgfc
orepoints.code.tex
File: pgfcorepoints.code.tex 2013/10/07  (rcs-revision 1.27)
\pgf@picminx=\dimen139
\pgf@picmaxx=\dimen140
\pgf@picminy=\dimen141
\pgf@picmaxy=\dimen142
\pgf@pathminx=\dimen143
\pgf@pathmaxx=\dimen144
\pgf@pathminy=\dimen145
\pgf@pathmaxy=\dimen146
\pgf@xx=\dimen147
\pgf@xy=\dimen148
\pgf@yx=\dimen149
\pgf@yy=\dimen150
\pgf@zx=\dimen151
\pgf@zy=\dimen152
)
(C:\Users\KolenikovS\AppData\Roaming\MiKTeX\2.9\tex/generic/pgf/basiclayer\pgfc
orepathconstruct.code.tex
File: pgfcorepathconstruct.code.tex 2013/10/07  (rcs-revision 1.29)
\pgf@path@lastx=\dimen153
\pgf@path@lasty=\dimen154
)
(C:\Users\KolenikovS\AppData\Roaming\MiKTeX\2.9\tex/generic/pgf/basiclayer\pgfc
orepathusage.code.tex
File: pgfcorepathusage.code.tex 2014/11/02  (rcs-revision 1.24)
\pgf@shorten@end@additional=\dimen155
\pgf@shorten@start@additional=\dimen156
)
(C:\Users\KolenikovS\AppData\Roaming\MiKTeX\2.9\tex/generic/pgf/basiclayer\pgfc
orescopes.code.tex
File: pgfcorescopes.code.tex 2015/05/08  (rcs-revision 1.46)
\pgfpic=\box37
\pgf@hbox=\box38
\pgf@layerbox@main=\box39
\pgf@picture@serial@count=\count116
)
(C:\Users\KolenikovS\AppData\Roaming\MiKTeX\2.9\tex/generic/pgf/basiclayer\pgfc
oregraphicstate.code.tex
File: pgfcoregraphicstate.code.tex 2014/11/02  (rcs-revision 1.12)
\pgflinewidth=\dimen157
)
(C:\Users\KolenikovS\AppData\Roaming\MiKTeX\2.9\tex/generic/pgf/basiclayer\pgfc
oretransformations.code.tex
File: pgfcoretransformations.code.tex 2015/08/07  (rcs-revision 1.20)
\pgf@pt@x=\dimen158
\pgf@pt@y=\dimen159
\pgf@pt@temp=\dimen160
)
(C:\Users\KolenikovS\AppData\Roaming\MiKTeX\2.9\tex/generic/pgf/basiclayer\pgfc
orequick.code.tex
File: pgfcorequick.code.tex 2008/10/09  (rcs-revision 1.3)
)
(C:\Users\KolenikovS\AppData\Roaming\MiKTeX\2.9\tex/generic/pgf/basiclayer\pgfc
oreobjects.code.tex
File: pgfcoreobjects.code.tex 2006/10/11  (rcs-revision 1.2)
)
(C:\Users\KolenikovS\AppData\Roaming\MiKTeX\2.9\tex/generic/pgf/basiclayer\pgfc
orepathprocessing.code.tex
File: pgfcorepathprocessing.code.tex 2013/09/09  (rcs-revision 1.9)
)
(C:\Users\KolenikovS\AppData\Roaming\MiKTeX\2.9\tex/generic/pgf/basiclayer\pgfc
orearrows.code.tex
File: pgfcorearrows.code.tex 2015/05/14  (rcs-revision 1.43)
\pgfarrowsep=\dimen161
)
(C:\Users\KolenikovS\AppData\Roaming\MiKTeX\2.9\tex/generic/pgf/basiclayer\pgfc
oreshade.code.tex
File: pgfcoreshade.code.tex 2013/07/15  (rcs-revision 1.15)
\pgf@max=\dimen162
\pgf@sys@shading@range@num=\count117
)
(C:\Users\KolenikovS\AppData\Roaming\MiKTeX\2.9\tex/generic/pgf/basiclayer\pgfc
oreimage.code.tex
File: pgfcoreimage.code.tex 2013/07/15  (rcs-revision 1.18)

(C:\Users\KolenikovS\AppData\Roaming\MiKTeX\2.9\tex/generic/pgf/basiclayer\pgfc
oreexternal.code.tex
File: pgfcoreexternal.code.tex 2014/07/09  (rcs-revision 1.21)
\pgfexternal@startupbox=\box40
))
(C:\Users\KolenikovS\AppData\Roaming\MiKTeX\2.9\tex/generic/pgf/basiclayer\pgfc
orelayers.code.tex
File: pgfcorelayers.code.tex 2013/07/18  (rcs-revision 1.7)
)
(C:\Users\KolenikovS\AppData\Roaming\MiKTeX\2.9\tex/generic/pgf/basiclayer\pgfc
oretransparency.code.tex
File: pgfcoretransparency.code.tex 2013/09/30  (rcs-revision 1.5)
)
(C:\Users\KolenikovS\AppData\Roaming\MiKTeX\2.9\tex/generic/pgf/basiclayer\pgfc
orepatterns.code.tex
File: pgfcorepatterns.code.tex 2013/11/07  (rcs-revision 1.5)
)))
(C:\Users\KolenikovS\AppData\Roaming\MiKTeX\2.9\tex/latex/pgf/utilities\xxcolor
.sty
Package: xxcolor 2003/10/24 ver 0.1
\XC@nummixins=\count118
\XC@countmixins=\count119
) ("C:\Program Files\MiKTeX 2.9\tex/generic/oberdiek\atbegshi.sty"
Package: atbegshi 2016/06/09 v1.18 At begin shipout hook (HO)

("C:\Program Files\MiKTeX 2.9\tex/generic/oberdiek\infwarerr.sty"
Package: infwarerr 2016/05/16 v1.4 Providing info/warning/error messages (HO)
)
("C:\Program Files\MiKTeX 2.9\tex/generic/oberdiek\ltxcmds.sty"
Package: ltxcmds 2016/05/16 v1.23 LaTeX kernel commands for general use (HO)
))
("C:\Program Files\MiKTeX 2.9\tex/latex/hyperref\hyperref.sty"
Package: hyperref 2019/11/10 v7.00c Hypertext links for LaTeX

(C:\Users\KolenikovS\AppData\Roaming\MiKTeX\2.9\tex/latex/pdftexcmds\pdftexcmds
.sty
Package: pdftexcmds 2019/11/24 v0.31 Utility functions of pdfTeX for LuaTeX (HO
)
Package pdftexcmds Info: \pdf@primitive is available.
Package pdftexcmds Info: \pdf@ifprimitive is available.
Package pdftexcmds Info: \pdfdraftmode found.
) ("C:\Program Files\MiKTeX 2.9\tex/generic/oberdiek\kvsetkeys.sty"
Package: kvsetkeys 2016/05/16 v1.17 Key value parser (HO)

("C:\Program Files\MiKTeX 2.9\tex/generic/oberdiek\etexcmds.sty"
Package: etexcmds 2016/05/16 v1.6 Avoid name clashes with e-TeX commands (HO)
 (ifluatex.sty
Package: ifluatex 2019/10/25 v1.5 ifluatex legacy package. Use iftex instead.
))) ("C:\Program Files\MiKTeX 2.9\tex/generic/oberdiek\kvdefinekeys.sty"
Package: kvdefinekeys 2016/05/16 v1.4 Define keys (HO)
)
("C:\Program Files\MiKTeX 2.9\tex/generic/oberdiek\pdfescape.sty"
Package: pdfescape 2016/05/16 v1.14 Implements pdfTeX's escape features (HO)
)
("C:\Program Files\MiKTeX 2.9\tex/latex/oberdiek\hycolor.sty"
Package: hycolor 2016/05/16 v1.8 Color options for hyperref/bookmark (HO)

("C:\Program Files\MiKTeX 2.9\tex/latex/oberdiek\xcolor-patch.sty"
Package: xcolor-patch 2016/05/16 xcolor patch

("C:\Program Files\MiKTeX 2.9\tex/latex/oberdiek\hopatch.sty"
Package: hopatch 2016/05/16 v1.3 Wrapper for package hooks (HO)
)))
("C:\Program Files\MiKTeX 2.9\tex/latex/oberdiek\letltxmacro.sty"
Package: letltxmacro 2016/05/16 v1.5 Let assignment for LaTeX macros (HO)
)
("C:\Program Files\MiKTeX 2.9\tex/latex/oberdiek\auxhook.sty"
Package: auxhook 2016/05/16 v1.4 Hooks for auxiliary files (HO)
)
(C:\Users\KolenikovS\AppData\Roaming\MiKTeX\2.9\tex/latex/kvoptions\kvoptions.s
ty
Package: kvoptions 2019/11/29 v3.13 Key value format for package options (HO)
)
\@linkdim=\dimen163
\Hy@linkcounter=\count120
\Hy@pagecounter=\count121
 ("C:\Program Files\MiKTeX 2.9\tex/latex/hyperref\pd1enc.def"
File: pd1enc.def 2019/11/10 v7.00c Hyperref: PDFDocEncoding definition (HO)
Now handling font encoding PD1 ...
... no UTF-8 mapping file for font encoding PD1
)
("C:\Program Files\MiKTeX 2.9\tex/generic/oberdiek\intcalc.sty"
Package: intcalc 2016/05/16 v1.2 Expandable calculations with integers (HO)
)
\Hy@SavedSpaceFactor=\count122

("C:\Program Files\MiKTeX 2.9\tex/latex/00miktex\hyperref.cfg"
File: hyperref.cfg 2002/06/06 v1.2 hyperref configuration of TeXLive
)
Package hyperref Info: Option `bookmarks' set `true' on input line 4409.
Package hyperref Info: Option `bookmarksopen' set `true' on input line 4409.
Package hyperref Info: Option `implicit' set `false' on input line 4409.
Package hyperref Info: Hyper figures OFF on input line 4535.
Package hyperref Info: Link nesting OFF on input line 4540.
Package hyperref Info: Hyper index ON on input line 4543.
Package hyperref Info: Plain pages OFF on input line 4550.
Package hyperref Info: Backreferencing OFF on input line 4555.
Package hyperref Info: Implicit mode OFF; no redefinition of LaTeX internals.
Package hyperref Info: Bookmarks ON on input line 4788.
\c@Hy@tempcnt=\count123

(C:\Users\KolenikovS\AppData\Roaming\MiKTeX\2.9\tex/latex/url\url.sty
\Urlmuskip=\muskip10
Package: url 2013/09/16  ver 3.4  Verb mode for urls, etc.
)
LaTeX Info: Redefining \url on input line 5147.
\XeTeXLinkMargin=\dimen164

("C:\Program Files\MiKTeX 2.9\tex/generic/oberdiek\bitset.sty"
Package: bitset 2016/05/16 v1.2 Handle bit-vector datatype (HO)

("C:\Program Files\MiKTeX 2.9\tex/generic/oberdiek\bigintcalc.sty"
Package: bigintcalc 2016/05/16 v1.4 Expandable calculations on big integers (HO
)
))
\Fld@menulength=\count124
\Field@Width=\dimen165
\Fld@charsize=\dimen166
Package hyperref Info: Hyper figures OFF on input line 6418.
Package hyperref Info: Link nesting OFF on input line 6423.
Package hyperref Info: Hyper index ON on input line 6426.
Package hyperref Info: backreferencing OFF on input line 6433.
Package hyperref Info: Link coloring OFF on input line 6438.
Package hyperref Info: Link coloring with OCG OFF on input line 6443.
Package hyperref Info: PDF/A mode OFF on input line 6448.
LaTeX Info: Redefining \ref on input line 6488.
LaTeX Info: Redefining \pageref on input line 6492.
\Hy@abspage=\count125


Package hyperref Message: Stopped early.

)
Package hyperref Info: Driver (autodetected): hpdftex.
 ("C:\Program Files\MiKTeX 2.9\tex/latex/hyperref\hpdftex.def"
File: hpdftex.def 2019/11/10 v7.00c Hyperref driver for pdfTeX

("C:\Program Files\MiKTeX 2.9\tex/latex/oberdiek\atveryend.sty"
Package: atveryend 2016/05/16 v1.9 Hooks at the very end of document (HO)
)
\Fld@listcount=\count126
\c@bookmark@seq@number=\count127

("C:\Program Files\MiKTeX 2.9\tex/latex/oberdiek\rerunfilecheck.sty"
Package: rerunfilecheck 2016/05/16 v1.8 Rerun checks for auxiliary files (HO)

("C:\Program Files\MiKTeX 2.9\tex/generic/oberdiek\uniquecounter.sty"
Package: uniquecounter 2016/05/16 v1.3 Provide unlimited unique counter (HO)
)
Package uniquecounter Info: New unique counter `rerunfilecheck' on input line 2
86.
))
(C:\Users\KolenikovS\AppData\Roaming\MiKTeX\2.9\tex/latex/beamer\beamerbaserequ
ires.sty
(C:\Users\KolenikovS\AppData\Roaming\MiKTeX\2.9\tex/latex/beamer\beamerbasecomp
atibility.sty)
(C:\Users\KolenikovS\AppData\Roaming\MiKTeX\2.9\tex/latex/beamer\beamerbasefont
.sty ("C:\Program Files\MiKTeX 2.9\tex/latex/amsfonts\amssymb.sty"
Package: amssymb 2013/01/14 v3.01 AMS font symbols

("C:\Program Files\MiKTeX 2.9\tex/latex/amsfonts\amsfonts.sty"
Package: amsfonts 2013/01/14 v3.01 Basic AMSFonts support
\@emptytoks=\toks26
\symAMSa=\mathgroup4
\symAMSb=\mathgroup5
LaTeX Font Info:    Redeclaring math symbol \hbar on input line 98.
LaTeX Font Info:    Overwriting math alphabet `\mathfrak' in version `bold'
(Font)                  U/euf/m/n --> U/euf/b/n on input line 106.
))
(C:\Users\KolenikovS\AppData\Roaming\MiKTeX\2.9\tex/latex/sansmathaccent\sansma
thaccent.sty
Package: sansmathaccent 2013/03/28

(C:\Users\KolenikovS\AppData\Roaming\MiKTeX\2.9\tex/latex/filehook\filehook.sty
Package: filehook 2011/10/12 v0.5d Hooks for input files

! Package filehook Error: Detected unknown definition of \InputIfFileExists.
Use the 'force' option of 'filehook' to overwrite it..

See the filehook package documentation for explanation.
Type  H <return>  for immediate help.
 ...                                              
                                                  
l.387 ... option of 'filehook' to overwrite it.}{}
                                                  %
? 
)))
(C:\Users\KolenikovS\AppData\Roaming\MiKTeX\2.9\tex/latex/beamer\beamerbasetran
slator.sty
(C:\Users\KolenikovS\AppData\Roaming\MiKTeX\2.9\tex/latex/translator\translator
.sty
Package: translator 2018/01/04 v1.12 Easy translation of strings in LaTeX
))
(C:\Users\KolenikovS\AppData\Roaming\MiKTeX\2.9\tex/latex/beamer\beamerbasemisc
.sty)
(C:\Users\KolenikovS\AppData\Roaming\MiKTeX\2.9\tex/latex/beamer\beamerbasetwos
creens.sty)
(C:\Users\KolenikovS\AppData\Roaming\MiKTeX\2.9\tex/latex/beamer\beamerbaseover
lay.sty
\beamer@argscount=\count128
\beamer@lastskipcover=\skip44
\beamer@trivlistdepth=\count129
)
(C:\Users\KolenikovS\AppData\Roaming\MiKTeX\2.9\tex/latex/beamer\beamerbasetitl
e.sty)
(C:\Users\KolenikovS\AppData\Roaming\MiKTeX\2.9\tex/latex/beamer\beamerbasesect
ion.sty
\c@lecture=\count130
\c@part=\count131
\c@section=\count132
\c@subsection=\count133
\c@subsubsection=\count134
)
(C:\Users\KolenikovS\AppData\Roaming\MiKTeX\2.9\tex/latex/beamer\beamerbasefram
e.sty
\beamer@framebox=\box41
\beamer@frametitlebox=\box42
\beamer@zoombox=\box43
\beamer@zoomcount=\count135
\beamer@zoomframecount=\count136
\beamer@frametextheight=\dimen167
\c@subsectionslide=\count137
\beamer@frametopskip=\skip45
\beamer@framebottomskip=\skip46
\beamer@frametopskipautobreak=\skip47
\beamer@framebottomskipautobreak=\skip48
\beamer@envbody=\toks27
\framewidth=\dimen168
\c@framenumber=\count138
)
(C:\Users\KolenikovS\AppData\Roaming\MiKTeX\2.9\tex/latex/beamer\beamerbaseverb
atim.sty
\beamer@verbatimfileout=\write4
)
(C:\Users\KolenikovS\AppData\Roaming\MiKTeX\2.9\tex/latex/beamer\beamerbasefram
esize.sty
\beamer@splitbox=\box44
\beamer@autobreakcount=\count139
\beamer@autobreaklastheight=\dimen169
\beamer@frametitletoks=\toks28
\beamer@framesubtitletoks=\toks29
)
(C:\Users\KolenikovS\AppData\Roaming\MiKTeX\2.9\tex/latex/beamer\beamerbasefram
ecomponents.sty
\beamer@footins=\box45
)
(C:\Users\KolenikovS\AppData\Roaming\MiKTeX\2.9\tex/latex/beamer\beamerbasecolo
r.sty)
(C:\Users\KolenikovS\AppData\Roaming\MiKTeX\2.9\tex/latex/beamer\beamerbasenote
s.sty
\beamer@frameboxcopy=\box46
)
(C:\Users\KolenikovS\AppData\Roaming\MiKTeX\2.9\tex/latex/beamer\beamerbasetoc.
sty)
(C:\Users\KolenikovS\AppData\Roaming\MiKTeX\2.9\tex/latex/beamer\beamerbasetemp
lates.sty
\beamer@sbttoks=\toks30

(C:\Users\KolenikovS\AppData\Roaming\MiKTeX\2.9\tex/latex/beamer\beamerbaseauxt
emplates.sty
(C:\Users\KolenikovS\AppData\Roaming\MiKTeX\2.9\tex/latex/beamer\beamerbaseboxe
s.sty
\bmb@box=\box47
\bmb@colorbox=\box48
\bmb@boxshadow=\box49
\bmb@boxshadowball=\box50
\bmb@boxshadowballlarge=\box51
\bmb@temp=\dimen170
\bmb@dima=\dimen171
\bmb@dimb=\dimen172
\bmb@prevheight=\dimen173
)
\beamer@blockheadheight=\dimen174
))
(C:\Users\KolenikovS\AppData\Roaming\MiKTeX\2.9\tex/latex/beamer\beamerbaseloca
lstructure.sty ("C:\Program Files\MiKTeX 2.9\tex/latex/tools\enumerate.sty"
Package: enumerate 2015/07/23 v3.00 enumerate extensions (DPC)
\@enLab=\toks31
)
\c@figure=\count140
\c@table=\count141
\abovecaptionskip=\skip49
\belowcaptionskip=\skip50
)
(C:\Users\KolenikovS\AppData\Roaming\MiKTeX\2.9\tex/latex/beamer\beamerbasenavi
gation.sty
\beamer@section@min@dim=\dimen175
)
(C:\Users\KolenikovS\AppData\Roaming\MiKTeX\2.9\tex/latex/beamer\beamerbasetheo
rems.sty ("C:\Program Files\MiKTeX 2.9\tex/latex/amsmath\amsmath.sty"
Package: amsmath 2019/11/16 v2.17d AMS math features
\@mathmargin=\skip51

For additional information on amsmath, use the `?' option.
("C:\Program Files\MiKTeX 2.9\tex/latex/amsmath\amstext.sty"
Package: amstext 2000/06/29 v2.01 AMS text

("C:\Program Files\MiKTeX 2.9\tex/latex/amsmath\amsgen.sty"
File: amsgen.sty 1999/11/30 v2.0 generic functions
\@emptytoks=\toks32
\ex@=\dimen176
))
("C:\Program Files\MiKTeX 2.9\tex/latex/amsmath\amsbsy.sty"
Package: amsbsy 1999/11/29 v1.2d Bold Symbols
\pmbraise@=\dimen177
)
("C:\Program Files\MiKTeX 2.9\tex/latex/amsmath\amsopn.sty"
Package: amsopn 2016/03/08 v2.02 operator names
)
\inf@bad=\count142
LaTeX Info: Redefining \frac on input line 227.
\uproot@=\count143
\leftroot@=\count144
LaTeX Info: Redefining \overline on input line 389.
\classnum@=\count145
\DOTSCASE@=\count146
LaTeX Info: Redefining \ldots on input line 486.
LaTeX Info: Redefining \dots on input line 489.
LaTeX Info: Redefining \cdots on input line 610.
\Mathstrutbox@=\box52
\strutbox@=\box53
\big@size=\dimen178
LaTeX Font Info:    Redeclaring font encoding OML on input line 733.
LaTeX Font Info:    Redeclaring font encoding OMS on input line 734.
\macc@depth=\count147
\c@MaxMatrixCols=\count148
\dotsspace@=\muskip11
\c@parentequation=\count149
\dspbrk@lvl=\count150
\tag@help=\toks33
\row@=\count151
\column@=\count152
\maxfields@=\count153
\andhelp@=\toks34
\eqnshift@=\dimen179
\alignsep@=\dimen180
\tagshift@=\dimen181
\tagwidth@=\dimen182
\totwidth@=\dimen183
\lineht@=\dimen184
\@envbody=\toks35
\multlinegap=\skip52
\multlinetaggap=\skip53
\mathdisplay@stack=\toks36
LaTeX Info: Redefining \[ on input line 2858.
LaTeX Info: Redefining \] on input line 2859.
)
("C:\Program Files\MiKTeX 2.9\tex/latex/amscls\amsthm.sty"
Package: amsthm 2017/10/31 v2.20.4
\thm@style=\toks37
\thm@bodyfont=\toks38
\thm@headfont=\toks39
\thm@notefont=\toks40
\thm@headpunct=\toks41
\thm@preskip=\skip54
\thm@postskip=\skip55
\thm@headsep=\skip56
\dth@everypar=\toks42
)
\c@theorem=\count154
)
(C:\Users\KolenikovS\AppData\Roaming\MiKTeX\2.9\tex/latex/beamer\beamerbasethem
es.sty))
(C:\Users\KolenikovS\AppData\Roaming\MiKTeX\2.9\tex/latex/beamer\beamerthemedef
ault.sty
(C:\Users\KolenikovS\AppData\Roaming\MiKTeX\2.9\tex/latex/beamer\beamerfontthem
edefault.sty)
(C:\Users\KolenikovS\AppData\Roaming\MiKTeX\2.9\tex/latex/beamer\beamercolorthe
medefault.sty)
(C:\Users\KolenikovS\AppData\Roaming\MiKTeX\2.9\tex/latex/beamer\beamerinnerthe
medefault.sty
\beamer@dima=\dimen185
\beamer@dimb=\dimen186
)
(C:\Users\KolenikovS\AppData\Roaming\MiKTeX\2.9\tex/latex/beamer\beamerouterthe
medefault.sty)))
(C:\Users\KolenikovS\AppData\Roaming\MiKTeX\2.9\tex/latex/beamer\beamerthemeboa
dilla.sty
(C:\Users\KolenikovS\AppData\Roaming\MiKTeX\2.9\tex/latex/beamer\beamercolorthe
merose.sty)
(C:\Users\KolenikovS\AppData\Roaming\MiKTeX\2.9\tex/latex/beamer\beamerinnerthe
merounded.sty)
(C:\Users\KolenikovS\AppData\Roaming\MiKTeX\2.9\tex/latex/beamer\beamercolorthe
medolphin.sty)
(C:\Users\KolenikovS\AppData\Roaming\MiKTeX\2.9\tex/latex/beamer\beamerouterthe
meinfolines.sty)) (beamercolorthemebullfinchbw.sty)
(C:\Users\KolenikovS\AppData\Roaming\MiKTeX\2.9\tex/latex/natbib\natbib.sty
Package: natbib 2010/09/13 8.31b (PWD, AO)
\bibhang=\skip57
\bibsep=\skip58
LaTeX Info: Redefining \cite on input line 694.
\c@NAT@ctr=\count155
)
(C:\Users\KolenikovS\AppData\Roaming\MiKTeX\2.9\tex/latex/comment\comment.sty
\CommentStream=\write5

Excluding comment 'comment')
(C:\Users\KolenikovS\AppData\Roaming\MiKTeX\2.9\tex/latex/pgf/utilities\pgfpage
s.sty
Package: pgfpages 2011/01/05 ver 0.02
 ("C:\Program Files\MiKTeX 2.9\tex/latex/tools\calc.sty"
Package: calc 2017/05/25 v4.3 Infix arithmetic (KKT,FJ)
\calc@Acount=\count156
\calc@Bcount=\count157
\calc@Adimen=\dimen187
\calc@Bdimen=\dimen188
\calc@Askip=\skip59
\calc@Bskip=\skip60
LaTeX Info: Redefining \setlength on input line 80.
LaTeX Info: Redefining \addtolength on input line 81.
\calc@Ccount=\count158
\calc@Cskip=\skip61
)
\pgf@logicalpages=\count159
\pgf@firstshipout=\count160
\pgf@lastshipout=\count161
\pgf@currentshipout=\count162
\pgf@cpn=\count163
\pgf@shipoutnextto=\count164
\pgfphysicalheight=\dimen189
\pgfphysicalwidth=\dimen190
\pgfpages@shipoutbox=\box54
)
\pgfpages@box@1=\box55
\pgfpages@box@2=\box56

(ichps2020-kolenikov-svy.aux)
\openout1 = `ichps2020-kolenikov-svy.aux'.

LaTeX Font Info:    Checking defaults for OML/cmm/m/it on input line 18.
LaTeX Font Info:    ... okay on input line 18.
LaTeX Font Info:    Checking defaults for T1/cmr/m/n on input line 18.
LaTeX Font Info:    ... okay on input line 18.
LaTeX Font Info:    Checking defaults for OT1/cmr/m/n on input line 18.
LaTeX Font Info:    ... okay on input line 18.
LaTeX Font Info:    Checking defaults for OMS/cmsy/m/n on input line 18.
LaTeX Font Info:    ... okay on input line 18.
LaTeX Font Info:    Checking defaults for OMX/cmex/m/n on input line 18.
LaTeX Font Info:    ... okay on input line 18.
LaTeX Font Info:    Checking defaults for U/cmr/m/n on input line 18.
LaTeX Font Info:    ... okay on input line 18.
LaTeX Font Info:    Checking defaults for PD1/pdf/m/n on input line 18.
LaTeX Font Info:    ... okay on input line 18.

*geometry* driver: auto-detecting
*geometry* detected driver: pdftex
*geometry* verbose mode - [ preamble ] result:
* driver: pdftex
* paper: custom
* layout: <same size as paper>
* layoutoffset:(h,v)=(0.0pt,0.0pt)
* modes: includehead includefoot 
* h-part:(L,W,R)=(10.95003pt, 342.2953pt, 10.95003pt)
* v-part:(T,H,B)=(0.0pt, 273.14662pt, 0.0pt)
* \paperwidth=364.19536pt
* \paperheight=273.14662pt
* \textwidth=342.2953pt
* \textheight=244.6939pt
* \oddsidemargin=-61.31996pt
* \evensidemargin=-61.31996pt
* \topmargin=-72.26999pt
* \headheight=14.22636pt
* \headsep=0.0pt
* \topskip=11.0pt
* \footskip=14.22636pt
* \marginparwidth=4.0pt
* \marginparsep=10.0pt
* \columnsep=10.0pt
* \skip\footins=10.0pt plus 4.0pt minus 2.0pt
* \hoffset=0.0pt
* \voffset=0.0pt
* \mag=1000
* \@twocolumnfalse
* \@twosidefalse
* \@mparswitchfalse
* \@reversemarginfalse
* (1in=72.27pt=25.4mm, 1cm=28.453pt)

(C:\Users\KolenikovS\AppData\Roaming\MiKTeX\2.9\tex/context/base\supp-pdf.mkii
[Loading MPS to PDF converter (version 2006.09.02).]
\scratchcounter=\count165
\scratchdimen=\dimen191
\scratchbox=\box57
\nofMPsegments=\count166
\nofMParguments=\count167
\everyMPshowfont=\toks43
\MPscratchCnt=\count168
\MPscratchDim=\dimen192
\MPnumerator=\count169
\makeMPintoPDFobject=\count170
\everyMPtoPDFconversion=\toks44
)
(C:\Users\KolenikovS\AppData\Roaming\MiKTeX\2.9\tex/latex/epstopdf-pkg\epstopdf
-base.sty
Package: epstopdf-base 2019-11-30 v2.9 Base part for package epstopdf
Package epstopdf-base Info: Redefining graphics rule for `.eps' on input line 4
85.
) ABD: EveryShipout initializing macros
\AtBeginShipoutBox=\box58
Package hyperref Info: Link coloring OFF on input line 18.

("C:\Program Files\MiKTeX 2.9\tex/latex/hyperref\nameref.sty"
Package: nameref 2019/09/16 v2.46 Cross-referencing by name of section

("C:\Program Files\MiKTeX 2.9\tex/latex/oberdiek\refcount.sty"
Package: refcount 2016/05/16 v3.5 Data extraction from label references (HO)
)
("C:\Program Files\MiKTeX 2.9\tex/generic/oberdiek\gettitlestring.sty"
Package: gettitlestring 2016/05/16 v1.5 Cleanup title references (HO)
)
\c@section@level=\count171
)
LaTeX Info: Redefining \ref on input line 18.
LaTeX Info: Redefining \pageref on input line 18.
LaTeX Info: Redefining \nameref on input line 18.

(ichps2020-kolenikov-svy.out) (ichps2020-kolenikov-svy.out)
\@outlinefile=\write6
\openout6 = `ichps2020-kolenikov-svy.out'.

LaTeX Font Info:    Overwriting symbol font `operators' in version `normal'
(Font)                  OT1/cmr/m/n --> OT1/cmss/m/n on input line 18.
LaTeX Font Info:    Overwriting symbol font `operators' in version `bold'
(Font)                  OT1/cmr/bx/n --> OT1/cmss/bx/n on input line 18.
\symnumbers=\mathgroup6
\sympureletters=\mathgroup7
LaTeX Font Info:    Overwriting math alphabet `\mathrm' in version `normal'
(Font)                  OT1/cmss/m/n --> OT1/cmr/m/n on input line 18.
LaTeX Font Info:    Redeclaring math alphabet \mathbf on input line 18.
LaTeX Font Info:    Overwriting math alphabet `\mathbf' in version `normal'
(Font)                  OT1/cmr/bx/n --> OT1/cmss/bx/n on input line 18.
LaTeX Font Info:    Overwriting math alphabet `\mathbf' in version `bold'
(Font)                  OT1/cmr/bx/n --> OT1/cmss/bx/n on input line 18.
LaTeX Font Info:    Redeclaring math alphabet \mathsf on input line 18.
LaTeX Font Info:    Overwriting math alphabet `\mathsf' in version `normal'
(Font)                  OT1/cmss/m/n --> OT1/cmss/m/n on input line 18.
LaTeX Font Info:    Overwriting math alphabet `\mathsf' in version `bold'
(Font)                  OT1/cmss/bx/n --> OT1/cmss/m/n on input line 18.
LaTeX Font Info:    Redeclaring math alphabet \mathit on input line 18.
LaTeX Font Info:    Overwriting math alphabet `\mathit' in version `normal'
(Font)                  OT1/cmr/m/it --> OT1/cmss/m/it on input line 18.
LaTeX Font Info:    Overwriting math alphabet `\mathit' in version `bold'
(Font)                  OT1/cmr/bx/it --> OT1/cmss/m/it on input line 18.
LaTeX Font Info:    Redeclaring math alphabet \mathtt on input line 18.
LaTeX Font Info:    Overwriting math alphabet `\mathtt' in version `normal'
(Font)                  OT1/cmtt/m/n --> OT1/cmtt/m/n on input line 18.
LaTeX Font Info:    Overwriting math alphabet `\mathtt' in version `bold'
(Font)                  OT1/cmtt/m/n --> OT1/cmtt/m/n on input line 18.
LaTeX Font Info:    Overwriting symbol font `numbers' in version `bold'
(Font)                  OT1/cmss/m/n --> OT1/cmss/bx/n on input line 18.
LaTeX Font Info:    Overwriting symbol font `pureletters' in version `bold'
(Font)                  OT1/cmss/m/it --> OT1/cmss/bx/it on input line 18.
LaTeX Font Info:    Overwriting math alphabet `\mathrm' in version `bold'
(Font)                  OT1/cmss/bx/n --> OT1/cmr/bx/n on input line 18.
LaTeX Font Info:    Overwriting math alphabet `\mathbf' in version `bold'
(Font)                  OT1/cmss/bx/n --> OT1/cmss/bx/n on input line 18.
LaTeX Font Info:    Overwriting math alphabet `\mathsf' in version `bold'
(Font)                  OT1/cmss/m/n --> OT1/cmss/bx/n on input line 18.
LaTeX Font Info:    Overwriting math alphabet `\mathit' in version `bold'
(Font)                  OT1/cmss/m/it --> OT1/cmss/bx/it on input line 18.
LaTeX Font Info:    Overwriting math alphabet `\mathtt' in version `bold'
(Font)                  OT1/cmtt/m/n --> OT1/cmtt/bx/n on input line 18.


Package filehook Warning: Macro \InputIfFileExists got redefined after 'filehoo
k' was loaded.
Certain file hooks might now be dysfunctional! on input line 18.

LaTeX Font Info:    Redeclaring symbol font `pureletters' on input line 18.
LaTeX Font Info:    Overwriting symbol font `pureletters' in version `normal'
(Font)                  OT1/cmss/m/it --> OT1/mathkerncmss/m/sl on input line 1
8.
LaTeX Font Info:    Overwriting symbol font `pureletters' in version `bold'
(Font)                  OT1/cmss/bx/it --> OT1/mathkerncmss/m/sl on input line 
18.
LaTeX Font Info:    Overwriting symbol font `pureletters' in version `bold'
(Font)                  OT1/mathkerncmss/m/sl --> OT1/mathkerncmss/bx/sl on inp
ut line 18.

(C:\Users\KolenikovS\AppData\Roaming\MiKTeX\2.9\tex/latex/translator\translator
-basic-dictionary-English.dict
Dictionary: translator-basic-dictionary, Language: English 
)
(C:\Users\KolenikovS\AppData\Roaming\MiKTeX\2.9\tex/latex/translator\translator
-bibliography-dictionary-English.dict
Dictionary: translator-bibliography-dictionary, Language: English 
)
(C:\Users\KolenikovS\AppData\Roaming\MiKTeX\2.9\tex/latex/translator\translator
-environment-dictionary-English.dict
Dictionary: translator-environment-dictionary, Language: English 
)
(C:\Users\KolenikovS\AppData\Roaming\MiKTeX\2.9\tex/latex/translator\translator
-months-dictionary-English.dict
Dictionary: translator-months-dictionary, Language: English 
)
(C:\Users\KolenikovS\AppData\Roaming\MiKTeX\2.9\tex/latex/translator\translator
-numbers-dictionary-English.dict
Dictionary: translator-numbers-dictionary, Language: English 
)
(C:\Users\KolenikovS\AppData\Roaming\MiKTeX\2.9\tex/latex/translator\translator
-theorem-dictionary-English.dict
Dictionary: translator-theorem-dictionary, Language: English 
) (ichps2020-kolenikov-svy.nav)

Package hyperref Warning: Option `pdfauthor' has already been used,
(hyperref)                setting the option has no effect on input line 21.

<abt_logo.png, id=57, 389.455pt x 126.4725pt>
File: abt_logo.png Graphic file (type png)
<use abt_logo.png>
Package pdftex.def Info: abt_logo.png  used on input line 35.
(pdftex.def)             Requested size: 52.5682pt x 17.07182pt.
File: abt_logo.png Graphic file (type png)
<use abt_logo.png>
Package pdftex.def Info: abt_logo.png  used on input line 58.
(pdftex.def)             Requested size: 52.5682pt x 17.07182pt.
LaTeX Font Info:    Trying to load font information for U+msa on input line 80.

("C:\Program Files\MiKTeX 2.9\tex/latex/amsfonts\umsa.fd"
File: umsa.fd 2013/01/14 v3.01 AMS symbols A
)
LaTeX Font Info:    Trying to load font information for U+msb on input line 80.


("C:\Program Files\MiKTeX 2.9\tex/latex/amsfonts\umsb.fd"
File: umsb.fd 2013/01/14 v3.01 AMS symbols B
)
LaTeX Font Info:    Trying to load font information for OT1+mathkerncmss on inp
ut line 80.

(C:\Users\KolenikovS\AppData\Roaming\MiKTeX\2.9\tex/latex/sansmathaccent\ot1mat
hkerncmss.fd
File: ot1mathkerncmss.fd 2013/03/27 Fontinst v1.933 font definitions for OT1/ma
thkerncmss.
)
File: abt_logo.png Graphic file (type png)
<use abt_logo.png>
Package pdftex.def Info: abt_logo.png  used on input line 80.
(pdftex.def)             Requested size: 52.5682pt x 17.07182pt.
 [3

{C:/Users/KolenikovS/AppData/Local/MiKTeX/2.9/pdftex/config/pdftex.map}

 <./abt_logo.png>]
File: abt_logo.png Graphic file (type png)
<use abt_logo.png>
Package pdftex.def Info: abt_logo.png  used on input line 104.
(pdftex.def)             Requested size: 52.5682pt x 17.07182pt.
File: abt_logo.png Graphic file (type png)
<use abt_logo.png>
Package pdftex.def Info: abt_logo.png  used on input line 121.
(pdftex.def)             Requested size: 52.5682pt x 17.07182pt.
 [5


]
File: abt_logo.png Graphic file (type png)
<use abt_logo.png>
Package pdftex.def Info: abt_logo.png  used on input line 146.
(pdftex.def)             Requested size: 52.5682pt x 17.07182pt.
File: abt_logo.png Graphic file (type png)
<use abt_logo.png>
Package pdftex.def Info: abt_logo.png  used on input line 164.
(pdftex.def)             Requested size: 52.5682pt x 17.07182pt.
 [7


]
File: abt_logo.png Graphic file (type png)
<use abt_logo.png>
Package pdftex.def Info: abt_logo.png  used on input line 178.
(pdftex.def)             Requested size: 52.5682pt x 17.07182pt.
File: abt_logo.png Graphic file (type png)
<use abt_logo.png>
Package pdftex.def Info: abt_logo.png  used on input line 196.
(pdftex.def)             Requested size: 52.5682pt x 17.07182pt.
 [9


]
File: abt_logo.png Graphic file (type png)
<use abt_logo.png>
Package pdftex.def Info: abt_logo.png  used on input line 235.
(pdftex.def)             Requested size: 52.5682pt x 17.07182pt.
File: abt_logo.png Graphic file (type png)
<use abt_logo.png>
Package pdftex.def Info: abt_logo.png  used on input line 257.
(pdftex.def)             Requested size: 52.5682pt x 17.07182pt.
 [11


]
File: abt_logo.png Graphic file (type png)
<use abt_logo.png>
Package pdftex.def Info: abt_logo.png  used on input line 280.
(pdftex.def)             Requested size: 52.5682pt x 17.07182pt.
File: abt_logo.png Graphic file (type png)
<use abt_logo.png>
Package pdftex.def Info: abt_logo.png  used on input line 303.
(pdftex.def)             Requested size: 52.5682pt x 17.07182pt.
 [13


]
File: abt_logo.png Graphic file (type png)
<use abt_logo.png>
Package pdftex.def Info: abt_logo.png  used on input line 324.
(pdftex.def)             Requested size: 52.5682pt x 17.07182pt.
File: abt_logo.png Graphic file (type png)
<use abt_logo.png>
Package pdftex.def Info: abt_logo.png  used on input line 343.
(pdftex.def)             Requested size: 52.5682pt x 17.07182pt.
 [15


]
File: abt_logo.png Graphic file (type png)
<use abt_logo.png>
Package pdftex.def Info: abt_logo.png  used on input line 366.
(pdftex.def)             Requested size: 52.5682pt x 17.07182pt.
File: abt_logo.png Graphic file (type png)
<use abt_logo.png>
Package pdftex.def Info: abt_logo.png  used on input line 388.
(pdftex.def)             Requested size: 52.5682pt x 17.07182pt.
 [17


]
File: abt_logo.png Graphic file (type png)
<use abt_logo.png>
Package pdftex.def Info: abt_logo.png  used on input line 412.
(pdftex.def)             Requested size: 52.5682pt x 17.07182pt.


LaTeX Font Warning: Font shape `OT1/cmss/m/sc' in size <10.95> not available
(Font)              Font shape `OT1/cmr/m/sc' tried instead on input line 441.

File: abt_logo.png Graphic file (type png)
<use abt_logo.png>
Package pdftex.def Info: abt_logo.png  used on input line 441.
(pdftex.def)             Requested size: 52.5682pt x 17.07182pt.
[19


]
File: abt_logo.png Graphic file (type png)
<use abt_logo.png>
Package pdftex.def Info: abt_logo.png  used on input line 456.
(pdftex.def)             Requested size: 52.5682pt x 17.07182pt.
File: abt_logo.png Graphic file (type png)
<use abt_logo.png>
Package pdftex.def Info: abt_logo.png  used on input line 474.
(pdftex.def)             Requested size: 52.5682pt x 17.07182pt.
 [21


]
File: abt_logo.png Graphic file (type png)
<use abt_logo.png>
Package pdftex.def Info: abt_logo.png  used on input line 500.
(pdftex.def)             Requested size: 52.5682pt x 17.07182pt.
File: abt_logo.png Graphic file (type png)
<use abt_logo.png>
Package pdftex.def Info: abt_logo.png  used on input line 520.
(pdftex.def)             Requested size: 52.5682pt x 17.07182pt.
 [23


]
File: abt_logo.png Graphic file (type png)
<use abt_logo.png>
Package pdftex.def Info: abt_logo.png  used on input line 544.
(pdftex.def)             Requested size: 52.5682pt x 17.07182pt.
File: abt_logo.png Graphic file (type png)
<use abt_logo.png>
Package pdftex.def Info: abt_logo.png  used on input line 560.
(pdftex.def)             Requested size: 52.5682pt x 17.07182pt.
 [25


]
File: abt_logo.png Graphic file (type png)
<use abt_logo.png>
Package pdftex.def Info: abt_logo.png  used on input line 585.
(pdftex.def)             Requested size: 52.5682pt x 17.07182pt.
File: abt_logo.png Graphic file (type png)
<use abt_logo.png>
Package pdftex.def Info: abt_logo.png  used on input line 611.
(pdftex.def)             Requested size: 52.5682pt x 17.07182pt.
 [27


]
File: abt_logo.png Graphic file (type png)
<use abt_logo.png>
Package pdftex.def Info: abt_logo.png  used on input line 636.
(pdftex.def)             Requested size: 52.5682pt x 17.07182pt.
File: abt_logo.png Graphic file (type png)
<use abt_logo.png>
Package pdftex.def Info: abt_logo.png  used on input line 658.
(pdftex.def)             Requested size: 52.5682pt x 17.07182pt.
 [29


]
File: abt_logo.png Graphic file (type png)
<use abt_logo.png>
Package pdftex.def Info: abt_logo.png  used on input line 678.
(pdftex.def)             Requested size: 52.5682pt x 17.07182pt.
File: abt_logo.png Graphic file (type png)
<use abt_logo.png>
Package pdftex.def Info: abt_logo.png  used on input line 697.
(pdftex.def)             Requested size: 52.5682pt x 17.07182pt.
 [31


]
File: abt_logo.png Graphic file (type png)
<use abt_logo.png>
Package pdftex.def Info: abt_logo.png  used on input line 717.
(pdftex.def)             Requested size: 52.5682pt x 17.07182pt.
File: abt_logo.png Graphic file (type png)
<use abt_logo.png>
Package pdftex.def Info: abt_logo.png  used on input line 751.
(pdftex.def)             Requested size: 52.5682pt x 17.07182pt.
 [33


]
File: abt_logo.png Graphic file (type png)
<use abt_logo.png>
Package pdftex.def Info: abt_logo.png  used on input line 771.
(pdftex.def)             Requested size: 52.5682pt x 17.07182pt.
<tse-slide.png, id=282, 722.7pt x 542.025pt>
File: tse-slide.png Graphic file (type png)
<use tse-slide.png>
Package pdftex.def Info: tse-slide.png  used on input line 783.
(pdftex.def)             Requested size: 317.98898pt x 238.49173pt.

Overfull \vbox (9.42114pt too high) detected at line 783
 []

File: abt_logo.png Graphic file (type png)
<use abt_logo.png>
Package pdftex.def Info: abt_logo.png  used on input line 783.
(pdftex.def)             Requested size: 52.5682pt x 17.07182pt.
[35


]
File: abt_logo.png Graphic file (type png)
<use abt_logo.png>
Package pdftex.def Info: abt_logo.png  used on input line 805.
(pdftex.def)             Requested size: 52.5682pt x 17.07182pt.

Overfull \hbox (11.1774pt too wide) in paragraph at lines 829--829
\OT1/cmss/m/n/10.95 http://www.surveypractice.org/index.php/SurveyPractice/issu
e/view/61  
 []

File: abt_logo.png Graphic file (type png)
<use abt_logo.png>
Package pdftex.def Info: abt_logo.png  used on input line 829.
(pdftex.def)             Requested size: 52.5682pt x 17.07182pt.
[37


 <./tse-slide.png>] (ichps2020-kolenikov-svy.toc)
File: abt_logo.png Graphic file (type png)
<use abt_logo.png>
Package pdftex.def Info: abt_logo.png  used on input line 834.
(pdftex.def)             Requested size: 52.5682pt x 17.07182pt.


Package hyperref Warning: Token not allowed in a PDF string (PDFDocEncoding):
(hyperref)                removing `\translate ' on input line 837.

File: abt_logo.png Graphic file (type png)
<use abt_logo.png>
Package pdftex.def Info: abt_logo.png  used on input line 852.
(pdftex.def)             Requested size: 52.5682pt x 17.07182pt.
[39


]
File: abt_logo.png Graphic file (type png)
<use abt_logo.png>
Package pdftex.def Info: abt_logo.png  used on input line 884.
(pdftex.def)             Requested size: 52.5682pt x 17.07182pt.
File: abt_logo.png Graphic file (type png)
<use abt_logo.png>
Package pdftex.def Info: abt_logo.png  used on input line 908.
(pdftex.def)             Requested size: 52.5682pt x 17.07182pt.
 [41


]
File: abt_logo.png Graphic file (type png)
<use abt_logo.png>
Package pdftex.def Info: abt_logo.png  used on input line 929.
(pdftex.def)             Requested size: 52.5682pt x 17.07182pt.
File: abt_logo.png Graphic file (type png)
<use abt_logo.png>
Package pdftex.def Info: abt_logo.png  used on input line 955.
(pdftex.def)             Requested size: 52.5682pt x 17.07182pt.
 [43


]
File: abt_logo.png Graphic file (type png)
<use abt_logo.png>
Package pdftex.def Info: abt_logo.png  used on input line 973.
(pdftex.def)             Requested size: 52.5682pt x 17.07182pt.
File: abt_logo.png Graphic file (type png)
<use abt_logo.png>
Package pdftex.def Info: abt_logo.png  used on input line 990.
(pdftex.def)             Requested size: 52.5682pt x 17.07182pt.
 [45


]
File: abt_logo.png Graphic file (type png)
<use abt_logo.png>
Package pdftex.def Info: abt_logo.png  used on input line 1023.
(pdftex.def)             Requested size: 52.5682pt x 17.07182pt.
File: abt_logo.png Graphic file (type png)
<use abt_logo.png>
Package pdftex.def Info: abt_logo.png  used on input line 1033.
(pdftex.def)             Requested size: 52.5682pt x 17.07182pt.
 [47


]
File: abt_logo.png Graphic file (type png)
<use abt_logo.png>
Package pdftex.def Info: abt_logo.png  used on input line 1049.
(pdftex.def)             Requested size: 52.5682pt x 17.07182pt.
File: abt_logo.png Graphic file (type png)
<use abt_logo.png>
Package pdftex.def Info: abt_logo.png  used on input line 1068.
(pdftex.def)             Requested size: 52.5682pt x 17.07182pt.
 [49


]
File: abt_logo.png Graphic file (type png)
<use abt_logo.png>
Package pdftex.def Info: abt_logo.png  used on input line 1095.
(pdftex.def)             Requested size: 52.5682pt x 17.07182pt.
File: abt_logo.png Graphic file (type png)
<use abt_logo.png>
Package pdftex.def Info: abt_logo.png  used on input line 1114.
(pdftex.def)             Requested size: 52.5682pt x 17.07182pt.
 [51


]
File: abt_logo.png Graphic file (type png)
<use abt_logo.png>
Package pdftex.def Info: abt_logo.png  used on input line 1134.
(pdftex.def)             Requested size: 52.5682pt x 17.07182pt.
File: abt_logo.png Graphic file (type png)
<use abt_logo.png>
Package pdftex.def Info: abt_logo.png  used on input line 1154.
(pdftex.def)             Requested size: 52.5682pt x 17.07182pt.
 [53


]

Package amsmath Warning: Foreign command \atopwithdelims;
(amsmath)                \frac or \genfrac should be used instead
(amsmath)                 on input line 1175.

File: abt_logo.png Graphic file (type png)
<use abt_logo.png>
Package pdftex.def Info: abt_logo.png  used on input line 1175.
(pdftex.def)             Requested size: 52.5682pt x 17.07182pt.
File: abt_logo.png Graphic file (type png)
<use abt_logo.png>
Package pdftex.def Info: abt_logo.png  used on input line 1196.
(pdftex.def)             Requested size: 52.5682pt x 17.07182pt.
[55


] (ichps2020-kolenikov-svy.bbl

Package hyperref Warning: Token not allowed in a PDF string (PDFDocEncoding):
(hyperref)                removing `\translate ' on input line 1.


Overfull \hbox (14.8274pt too wide) in paragraph at lines 109--113
\OT1/cmss/m/n/10.95 http://www.surveypractice.org/index.php/SurveyPractice/arti
cle/view/315.  
 []

)
File: abt_logo.png Graphic file (type png)
<use abt_logo.png>
Package pdftex.def Info: abt_logo.png  used on input line 1205.
(pdftex.def)             Requested size: 52.5682pt x 17.07182pt.
File: abt_logo.png Graphic file (type png)
<use abt_logo.png>
Package pdftex.def Info: abt_logo.png  used on input line 1205.
(pdftex.def)             Requested size: 52.5682pt x 17.07182pt.
 [57


]
File: abt_logo.png Graphic file (type png)
<use abt_logo.png>
Package pdftex.def Info: abt_logo.png  used on input line 1205.
(pdftex.def)             Requested size: 52.5682pt x 17.07182pt.
File: abt_logo.png Graphic file (type png)
<use abt_logo.png>
Package pdftex.def Info: abt_logo.png  used on input line 1205.
(pdftex.def)             Requested size: 52.5682pt x 17.07182pt.
 [59




]
File: abt_logo.png Graphic file (type png)
<use abt_logo.png>
Package pdftex.def Info: abt_logo.png  used on input line 1205.
(pdftex.def)             Requested size: 52.5682pt x 17.07182pt.
File: abt_logo.png Graphic file (type png)
<use abt_logo.png>
Package pdftex.def Info: abt_logo.png  used on input line 1205.
(pdftex.def)             Requested size: 52.5682pt x 17.07182pt.
 [61




]
File: abt_logo.png Graphic file (type png)
<use abt_logo.png>
Package pdftex.def Info: abt_logo.png  used on input line 1205.
(pdftex.def)             Requested size: 52.5682pt x 17.07182pt.
\tf@nav=\write7
\openout7 = `ichps2020-kolenikov-svy.nav'.

\tf@toc=\write8
\openout8 = `ichps2020-kolenikov-svy.toc'.

\tf@snm=\write9
\openout9 = `ichps2020-kolenikov-svy.snm'.

 [63




]
Package atveryend Info: Empty hook `BeforeClearDocument' on input line 1209.
Package atveryend Info: Empty hook `AfterLastShipout' on input line 1209.
 (ichps2020-kolenikov-svy.aux)
Package atveryend Info: Executing hook `AtVeryEndDocument' on input line 1209.
Package atveryend Info: Executing hook `AtEndAfterFileList' on input line 1209.

Package rerunfilecheck Info: File `ichps2020-kolenikov-svy.out' has not changed
.
(rerunfilecheck)             Checksum: DDB44ED62BC5A3FCADFDE9FDE783A58C;664.
 ) 
Here is how much of TeX's memory you used:
 18568 strings out of 492450
 354794 string characters out of 3129734
 448307 words of memory out of 3000000
 22295 multiletter control sequences out of 15000+200000
 19615 words of font info for 71 fonts, out of 3000000 for 9000
 1141 hyphenation exceptions out of 8191
 54i,15n,61p,792b,650s stack positions out of 5000i,500n,10000p,200000b,50000s
<C:/Program Files/MiKTeX 2.9/fonts/type1/public/amsfonts/cm/cmcsc10.pfb><C:/P
rogram Files/MiKTeX 2.9/fonts/type1/public/amsfonts/cm/cmex10.pfb><C:/Program F
iles/MiKTeX 2.9/fonts/type1/public/amsfonts/cmextra/cmex8.pfb><C:/Program Files
/MiKTeX 2.9/fonts/type1/public/amsfonts/cm/cmmi10.pfb><C:/Program Files/MiKTeX 
2.9/fonts/type1/public/amsfonts/cm/cmr10.pfb><C:/Program Files/MiKTeX 2.9/fonts
/type1/public/amsfonts/cm/cmr8.pfb><C:/Program Files/MiKTeX 2.9/fonts/type1/pub
lic/amsfonts/cm/cmss10.pfb><C:/Program Files/MiKTeX 2.9/fonts/type1/public/amsf
onts/cm/cmss12.pfb><C:/Program Files/MiKTeX 2.9/fonts/type1/public/amsfonts/cm/
cmss8.pfb><C:/Program Files/MiKTeX 2.9/fonts/type1/public/amsfonts/cm/cmssbx10.
pfb><C:/Program Files/MiKTeX 2.9/fonts/type1/public/amsfonts/cm/cmssi10.pfb><C:
/Program Files/MiKTeX 2.9/fonts/type1/public/amsfonts/cm/cmssi8.pfb><C:/Program
 Files/MiKTeX 2.9/fonts/type1/public/amsfonts/cm/cmsy10.pfb><C:/Program Files/M
iKTeX 2.9/fonts/type1/public/amsfonts/cm/cmsy6.pfb><C:/Program Files/MiKTeX 2.9
/fonts/type1/public/amsfonts/cm/cmsy7.pfb><C:/Program Files/MiKTeX 2.9/fonts/ty
pe1/public/amsfonts/cm/cmsy8.pfb><C:/Program Files/MiKTeX 2.9/fonts/type1/publi
c/amsfonts/cm/cmtt10.pfb><C:/Program Files/MiKTeX 2.9/fonts/type1/public/amsfon
ts/symbols/msam7.pfb><C:/Program Files/MiKTeX 2.9/fonts/type1/public/amsfonts/s
ymbols/msbm10.pfb>
Output written on ichps2020-kolenikov-svy.pdf (31 pages, 526607 bytes).
PDF statistics:
 564 PDF objects out of 1000 (max. 8388607)
 175 named destinations out of 1000 (max. 500000)
 153 words of extra memory for PDF output out of 10000 (max. 10000000)

