This is pdfTeX, Version 3.141592653-2.6-1.40.24 (MiKTeX 22.7) (preloaded format=pdflatex 2022.9.23)  3 OCT 2022 17:27
entering extended mode
 restricted \write18 enabled.
 %&-line parsing enabled.
**./ichps2023-kolenikov-svy.tex
(ichps2023-kolenikov-svy.tex
LaTeX2e <2022-06-01> patch level 5
L3 programming layer <2022-07-04>
(C:\Users\kolenikov-stanislav\AppData\Local\Programs\MiKTeX\tex/latex/beamer\be
amer.cls
Document Class: beamer 2022/05/17 v3.67 A class for typesetting presentations

(C:\Users\kolenikov-stanislav\AppData\Local\Programs\MiKTeX\tex/latex/beamer\be
amerbasemodes.sty
(C:\Users\kolenikov-stanislav\AppData\Local\Programs\MiKTeX\tex/latex/etoolbox\
etoolbox.sty
Package: etoolbox 2020/10/05 v2.5k e-TeX tools for LaTeX (JAW)
\etb@tempcnta=\count185
)
\beamer@tempbox=\box51
\beamer@tempcount=\count186
\c@beamerpauses=\count187

(C:\Users\kolenikov-stanislav\AppData\Local\Programs\MiKTeX\tex/latex/beamer\be
amerbasedecode.sty
\beamer@slideinframe=\count188
\beamer@minimum=\count189
\beamer@decode@box=\box52
)
\beamer@commentbox=\box53
\beamer@modecount=\count190
)
(C:\Users\kolenikov-stanislav\AppData\Local\Programs\MiKTeX\tex/generic/iftex\i
ftex.sty
Package: iftex 2022/02/03 v1.0f TeX engine tests
)
\headdp=\dimen138
\footheight=\dimen139
\sidebarheight=\dimen140
\beamer@tempdim=\dimen141
\beamer@finalheight=\dimen142
\beamer@animht=\dimen143
\beamer@animdp=\dimen144
\beamer@animwd=\dimen145
\beamer@leftmargin=\dimen146
\beamer@rightmargin=\dimen147
\beamer@leftsidebar=\dimen148
\beamer@rightsidebar=\dimen149
\beamer@boxsize=\dimen150
\beamer@vboxoffset=\dimen151
\beamer@descdefault=\dimen152
\beamer@descriptionwidth=\dimen153
\beamer@lastskip=\skip47
\beamer@areabox=\box54
\beamer@animcurrent=\box55
\beamer@animshowbox=\box56
\beamer@sectionbox=\box57
\beamer@logobox=\box58
\beamer@linebox=\box59
\beamer@sectioncount=\count191
\beamer@subsubsectionmax=\count192
\beamer@subsectionmax=\count193
\beamer@sectionmax=\count194
\beamer@totalheads=\count195
\beamer@headcounter=\count196
\beamer@partstartpage=\count197
\beamer@sectionstartpage=\count198
\beamer@subsectionstartpage=\count199
\beamer@animationtempa=\count266
\beamer@animationtempb=\count267
\beamer@xpos=\count268
\beamer@ypos=\count269
\beamer@ypos@offset=\count270
\beamer@showpartnumber=\count271
\beamer@currentsubsection=\count272
\beamer@coveringdepth=\count273
\beamer@sectionadjust=\count274
\beamer@toclastsection=\count275
\beamer@tocsectionnumber=\count276

(C:\Users\kolenikov-stanislav\AppData\Local\Programs\MiKTeX\tex/latex/beamer\be
amerbaseoptions.sty
(C:\Users\kolenikov-stanislav\AppData\Local\Programs\MiKTeX\tex/latex/graphics\
keyval.sty
Package: keyval 2022/05/29 v1.15 key=value parser (DPC)
\KV@toks@=\toks16
))
\beamer@paperwidth=\skip48
\beamer@paperheight=\skip49

(C:\Users\kolenikov-stanislav\AppData\Local\Programs\MiKTeX\tex/latex/geometry\
geometry.sty
Package: geometry 2020/01/02 v5.9 Page Geometry

(C:\Users\kolenikov-stanislav\AppData\Local\Programs\MiKTeX\tex/generic/iftex\i
fvtex.sty
Package: ifvtex 2019/10/25 v1.7 ifvtex legacy package. Use iftex instead.
)
\Gm@cnth=\count277
\Gm@cntv=\count278
\c@Gm@tempcnt=\count279
\Gm@bindingoffset=\dimen154
\Gm@wd@mp=\dimen155
\Gm@odd@mp=\dimen156
\Gm@even@mp=\dimen157
\Gm@layoutwidth=\dimen158
\Gm@layoutheight=\dimen159
\Gm@layouthoffset=\dimen160
\Gm@layoutvoffset=\dimen161
\Gm@dimlist=\toks17

(C:\Users\kolenikov-stanislav\AppData\Local\Programs\MiKTeX\tex/latex/geometry\
geometry.cfg))
(C:\Users\kolenikov-stanislav\AppData\Local\Programs\MiKTeX\tex/latex/pgf/math\
pgfmath.sty
(C:\Users\kolenikov-stanislav\AppData\Local\Programs\MiKTeX\tex/latex/pgf/utili
ties\pgfrcs.sty
(C:\Users\kolenikov-stanislav\AppData\Local\Programs\MiKTeX\tex/generic/pgf/uti
lities\pgfutil-common.tex
\pgfutil@everybye=\toks18
\pgfutil@tempdima=\dimen162
\pgfutil@tempdimb=\dimen163

(C:\Users\kolenikov-stanislav\AppData\Local\Programs\MiKTeX\tex/generic/pgf/uti
lities\pgfutil-common-lists.tex))
(C:\Users\kolenikov-stanislav\AppData\Local\Programs\MiKTeX\tex/generic/pgf/uti
lities\pgfutil-latex.def
\pgfutil@abb=\box60
)
(C:\Users\kolenikov-stanislav\AppData\Local\Programs\MiKTeX\tex/generic/pgf/uti
lities\pgfrcs.code.tex
(C:\Users\kolenikov-stanislav\AppData\Local\Programs\MiKTeX\tex/generic/pgf\pgf
.revision.tex)
Package: pgfrcs 2021/05/15 v3.1.9a (3.1.9a)
))
(C:\Users\kolenikov-stanislav\AppData\Local\Programs\MiKTeX\tex/latex/pgf/utili
ties\pgfkeys.sty
(C:\Users\kolenikov-stanislav\AppData\Local\Programs\MiKTeX\tex/generic/pgf/uti
lities\pgfkeys.code.tex
\pgfkeys@pathtoks=\toks19
\pgfkeys@temptoks=\toks20

(C:\Users\kolenikov-stanislav\AppData\Local\Programs\MiKTeX\tex/generic/pgf/uti
lities\pgfkeysfiltered.code.tex
\pgfkeys@tmptoks=\toks21
)))
(C:\Users\kolenikov-stanislav\AppData\Local\Programs\MiKTeX\tex/generic/pgf/mat
h\pgfmath.code.tex
(C:\Users\kolenikov-stanislav\AppData\Local\Programs\MiKTeX\tex/generic/pgf/mat
h\pgfmathcalc.code.tex
(C:\Users\kolenikov-stanislav\AppData\Local\Programs\MiKTeX\tex/generic/pgf/mat
h\pgfmathutil.code.tex
\pgf@x=\dimen164
\pgf@xa=\dimen165
\pgf@xb=\dimen166
\pgf@xc=\dimen167
\pgf@y=\dimen168
\pgf@ya=\dimen169
\pgf@yb=\dimen170
\pgf@yc=\dimen171
\c@pgf@counta=\count280
\c@pgf@countb=\count281
\c@pgf@countc=\count282
\c@pgf@countd=\count283
)
(C:\Users\kolenikov-stanislav\AppData\Local\Programs\MiKTeX\tex/generic/pgf/mat
h\pgfmathparser.code.tex
\pgfmath@dimen=\dimen172
\pgfmath@count=\count284
\pgfmath@box=\box61
\pgfmath@toks=\toks22
\pgfmath@stack@operand=\toks23
\pgfmath@stack@operation=\toks24
)
(C:\Users\kolenikov-stanislav\AppData\Local\Programs\MiKTeX\tex/generic/pgf/mat
h\pgfmathfunctions.code.tex
(C:\Users\kolenikov-stanislav\AppData\Local\Programs\MiKTeX\tex/generic/pgf/mat
h\pgfmathfunctions.basic.code.tex)
(C:\Users\kolenikov-stanislav\AppData\Local\Programs\MiKTeX\tex/generic/pgf/mat
h\pgfmathfunctions.trigonometric.code.tex)
(C:\Users\kolenikov-stanislav\AppData\Local\Programs\MiKTeX\tex/generic/pgf/mat
h\pgfmathfunctions.random.code.tex)
(C:\Users\kolenikov-stanislav\AppData\Local\Programs\MiKTeX\tex/generic/pgf/mat
h\pgfmathfunctions.comparison.code.tex)
(C:\Users\kolenikov-stanislav\AppData\Local\Programs\MiKTeX\tex/generic/pgf/mat
h\pgfmathfunctions.base.code.tex)
(C:\Users\kolenikov-stanislav\AppData\Local\Programs\MiKTeX\tex/generic/pgf/mat
h\pgfmathfunctions.round.code.tex)
(C:\Users\kolenikov-stanislav\AppData\Local\Programs\MiKTeX\tex/generic/pgf/mat
h\pgfmathfunctions.misc.code.tex)
(C:\Users\kolenikov-stanislav\AppData\Local\Programs\MiKTeX\tex/generic/pgf/mat
h\pgfmathfunctions.integerarithmetics.code.tex)))
(C:\Users\kolenikov-stanislav\AppData\Local\Programs\MiKTeX\tex/generic/pgf/mat
h\pgfmathfloat.code.tex
\c@pgfmathroundto@lastzeros=\count285
)))
(C:\Users\kolenikov-stanislav\AppData\Local\Programs\MiKTeX\tex/latex/base\size
11.clo
File: size11.clo 2021/10/04 v1.4n Standard LaTeX file (size option)
)
(C:\Users\kolenikov-stanislav\AppData\Local\Programs\MiKTeX\tex/latex/pgf/basic
layer\pgfcore.sty
(C:\Users\kolenikov-stanislav\AppData\Local\Programs\MiKTeX\tex/latex/graphics\
graphicx.sty
Package: graphicx 2021/09/16 v1.2d Enhanced LaTeX Graphics (DPC,SPQR)

(C:\Users\kolenikov-stanislav\AppData\Local\Programs\MiKTeX\tex/latex/graphics\
graphics.sty
Package: graphics 2022/03/10 v1.4e Standard LaTeX Graphics (DPC,SPQR)

(C:\Users\kolenikov-stanislav\AppData\Local\Programs\MiKTeX\tex/latex/graphics\
trig.sty
Package: trig 2021/08/11 v1.11 sin cos tan (DPC)
)
(C:\Users\kolenikov-stanislav\AppData\Local\Programs\MiKTeX\tex/latex/graphics-
cfg\graphics.cfg
File: graphics.cfg 2016/06/04 v1.11 sample graphics configuration
)
Package graphics Info: Driver file: pdftex.def on input line 107.

(C:\Users\kolenikov-stanislav\AppData\Local\Programs\MiKTeX\tex/latex/graphics-
def\pdftex.def
File: pdftex.def 2020/10/05 v1.2a Graphics/color driver for pdftex
))
\Gin@req@height=\dimen173
\Gin@req@width=\dimen174
)
(C:\Users\kolenikov-stanislav\AppData\Local\Programs\MiKTeX\tex/latex/pgf/syste
mlayer\pgfsys.sty
(C:\Users\kolenikov-stanislav\AppData\Local\Programs\MiKTeX\tex/generic/pgf/sys
temlayer\pgfsys.code.tex
Package: pgfsys 2021/05/15 v3.1.9a (3.1.9a)

(C:\Users\kolenikov-stanislav\AppData\Local\Programs\MiKTeX\tex/generic/pgf/uti
lities\pgfkeys.code.tex)
\pgf@x=\dimen175
\pgf@y=\dimen176
\pgf@xa=\dimen177
\pgf@ya=\dimen178
\pgf@xb=\dimen179
\pgf@yb=\dimen180
\pgf@xc=\dimen181
\pgf@yc=\dimen182
\pgf@xd=\dimen183
\pgf@yd=\dimen184
\w@pgf@writea=\write3
\r@pgf@reada=\read2
\c@pgf@counta=\count286
\c@pgf@countb=\count287
\c@pgf@countc=\count288
\c@pgf@countd=\count289
\t@pgf@toka=\toks25
\t@pgf@tokb=\toks26
\t@pgf@tokc=\toks27
\pgf@sys@id@count=\count290

(C:\Users\kolenikov-stanislav\AppData\Local\Programs\MiKTeX\tex/generic/pgf/sys
temlayer\pgf.cfg
File: pgf.cfg 2021/05/15 v3.1.9a (3.1.9a)
)
Driver file for pgf: pgfsys-pdftex.def

(C:\Users\kolenikov-stanislav\AppData\Local\Programs\MiKTeX\tex/generic/pgf/sys
temlayer\pgfsys-pdftex.def
File: pgfsys-pdftex.def 2021/05/15 v3.1.9a (3.1.9a)

(C:\Users\kolenikov-stanislav\AppData\Local\Programs\MiKTeX\tex/generic/pgf/sys
temlayer\pgfsys-common-pdf.def
File: pgfsys-common-pdf.def 2021/05/15 v3.1.9a (3.1.9a)
)))
(C:\Users\kolenikov-stanislav\AppData\Local\Programs\MiKTeX\tex/generic/pgf/sys
temlayer\pgfsyssoftpath.code.tex
File: pgfsyssoftpath.code.tex 2021/05/15 v3.1.9a (3.1.9a)
\pgfsyssoftpath@smallbuffer@items=\count291
\pgfsyssoftpath@bigbuffer@items=\count292
)
(C:\Users\kolenikov-stanislav\AppData\Local\Programs\MiKTeX\tex/generic/pgf/sys
temlayer\pgfsysprotocol.code.tex
File: pgfsysprotocol.code.tex 2021/05/15 v3.1.9a (3.1.9a)
))
(C:\Users\kolenikov-stanislav\AppData\Local\Programs\MiKTeX\tex/latex/xcolor\xc
olor.sty
Package: xcolor 2022/06/12 v2.14 LaTeX color extensions (UK)

(C:\Users\kolenikov-stanislav\AppData\Local\Programs\MiKTeX\tex/latex/graphics-
cfg\color.cfg
File: color.cfg 2016/01/02 v1.6 sample color configuration
)
Package xcolor Info: Driver file: pdftex.def on input line 227.

(C:\Users\kolenikov-stanislav\AppData\Local\Programs\MiKTeX\tex/latex-dev/graph
ics\mathcolor.ltx)
Package xcolor Info: Model `cmy' substituted by `cmy0' on input line 1353.
Package xcolor Info: Model `hsb' substituted by `rgb' on input line 1357.
Package xcolor Info: Model `RGB' extended on input line 1369.
Package xcolor Info: Model `HTML' substituted by `rgb' on input line 1371.
Package xcolor Info: Model `Hsb' substituted by `hsb' on input line 1372.
Package xcolor Info: Model `tHsb' substituted by `hsb' on input line 1373.
Package xcolor Info: Model `HSB' substituted by `hsb' on input line 1374.
Package xcolor Info: Model `Gray' substituted by `gray' on input line 1375.
Package xcolor Info: Model `wave' substituted by `hsb' on input line 1376.
)
(C:\Users\kolenikov-stanislav\AppData\Local\Programs\MiKTeX\tex/generic/pgf/bas
iclayer\pgfcore.code.tex
Package: pgfcore 2021/05/15 v3.1.9a (3.1.9a)

(C:\Users\kolenikov-stanislav\AppData\Local\Programs\MiKTeX\tex/generic/pgf/mat
h\pgfmath.code.tex)
(C:\Users\kolenikov-stanislav\AppData\Local\Programs\MiKTeX\tex/generic/pgf/mat
h\pgfint.code.tex)
(C:\Users\kolenikov-stanislav\AppData\Local\Programs\MiKTeX\tex/generic/pgf/bas
iclayer\pgfcorepoints.code.tex
File: pgfcorepoints.code.tex 2021/05/15 v3.1.9a (3.1.9a)
\pgf@picminx=\dimen185
\pgf@picmaxx=\dimen186
\pgf@picminy=\dimen187
\pgf@picmaxy=\dimen188
\pgf@pathminx=\dimen189
\pgf@pathmaxx=\dimen190
\pgf@pathminy=\dimen191
\pgf@pathmaxy=\dimen192
\pgf@xx=\dimen193
\pgf@xy=\dimen194
\pgf@yx=\dimen195
\pgf@yy=\dimen196
\pgf@zx=\dimen197
\pgf@zy=\dimen198
)
(C:\Users\kolenikov-stanislav\AppData\Local\Programs\MiKTeX\tex/generic/pgf/bas
iclayer\pgfcorepathconstruct.code.tex
File: pgfcorepathconstruct.code.tex 2021/05/15 v3.1.9a (3.1.9a)
\pgf@path@lastx=\dimen199
\pgf@path@lasty=\dimen256
)
(C:\Users\kolenikov-stanislav\AppData\Local\Programs\MiKTeX\tex/generic/pgf/bas
iclayer\pgfcorepathusage.code.tex
File: pgfcorepathusage.code.tex 2021/05/15 v3.1.9a (3.1.9a)
\pgf@shorten@end@additional=\dimen257
\pgf@shorten@start@additional=\dimen258
)
(C:\Users\kolenikov-stanislav\AppData\Local\Programs\MiKTeX\tex/generic/pgf/bas
iclayer\pgfcorescopes.code.tex
File: pgfcorescopes.code.tex 2021/05/15 v3.1.9a (3.1.9a)
\pgfpic=\box62
\pgf@hbox=\box63
\pgf@layerbox@main=\box64
\pgf@picture@serial@count=\count293
)
(C:\Users\kolenikov-stanislav\AppData\Local\Programs\MiKTeX\tex/generic/pgf/bas
iclayer\pgfcoregraphicstate.code.tex
File: pgfcoregraphicstate.code.tex 2021/05/15 v3.1.9a (3.1.9a)
\pgflinewidth=\dimen259
)
(C:\Users\kolenikov-stanislav\AppData\Local\Programs\MiKTeX\tex/generic/pgf/bas
iclayer\pgfcoretransformations.code.tex
File: pgfcoretransformations.code.tex 2021/05/15 v3.1.9a (3.1.9a)
\pgf@pt@x=\dimen260
\pgf@pt@y=\dimen261
\pgf@pt@temp=\dimen262
)
(C:\Users\kolenikov-stanislav\AppData\Local\Programs\MiKTeX\tex/generic/pgf/bas
iclayer\pgfcorequick.code.tex
File: pgfcorequick.code.tex 2021/05/15 v3.1.9a (3.1.9a)
)
(C:\Users\kolenikov-stanislav\AppData\Local\Programs\MiKTeX\tex/generic/pgf/bas
iclayer\pgfcoreobjects.code.tex
File: pgfcoreobjects.code.tex 2021/05/15 v3.1.9a (3.1.9a)
)
(C:\Users\kolenikov-stanislav\AppData\Local\Programs\MiKTeX\tex/generic/pgf/bas
iclayer\pgfcorepathprocessing.code.tex
File: pgfcorepathprocessing.code.tex 2021/05/15 v3.1.9a (3.1.9a)
)
(C:\Users\kolenikov-stanislav\AppData\Local\Programs\MiKTeX\tex/generic/pgf/bas
iclayer\pgfcorearrows.code.tex
File: pgfcorearrows.code.tex 2021/05/15 v3.1.9a (3.1.9a)
\pgfarrowsep=\dimen263
)
(C:\Users\kolenikov-stanislav\AppData\Local\Programs\MiKTeX\tex/generic/pgf/bas
iclayer\pgfcoreshade.code.tex
File: pgfcoreshade.code.tex 2021/05/15 v3.1.9a (3.1.9a)
\pgf@max=\dimen264
\pgf@sys@shading@range@num=\count294
\pgf@shadingcount=\count295
)
(C:\Users\kolenikov-stanislav\AppData\Local\Programs\MiKTeX\tex/generic/pgf/bas
iclayer\pgfcoreimage.code.tex
File: pgfcoreimage.code.tex 2021/05/15 v3.1.9a (3.1.9a)

(C:\Users\kolenikov-stanislav\AppData\Local\Programs\MiKTeX\tex/generic/pgf/bas
iclayer\pgfcoreexternal.code.tex
File: pgfcoreexternal.code.tex 2021/05/15 v3.1.9a (3.1.9a)
\pgfexternal@startupbox=\box65
))
(C:\Users\kolenikov-stanislav\AppData\Local\Programs\MiKTeX\tex/generic/pgf/bas
iclayer\pgfcorelayers.code.tex
File: pgfcorelayers.code.tex 2021/05/15 v3.1.9a (3.1.9a)
)
(C:\Users\kolenikov-stanislav\AppData\Local\Programs\MiKTeX\tex/generic/pgf/bas
iclayer\pgfcoretransparency.code.tex
File: pgfcoretransparency.code.tex 2021/05/15 v3.1.9a (3.1.9a)
)
(C:\Users\kolenikov-stanislav\AppData\Local\Programs\MiKTeX\tex/generic/pgf/bas
iclayer\pgfcorepatterns.code.tex
File: pgfcorepatterns.code.tex 2021/05/15 v3.1.9a (3.1.9a)
)
(C:\Users\kolenikov-stanislav\AppData\Local\Programs\MiKTeX\tex/generic/pgf/bas
iclayer\pgfcorerdf.code.tex
File: pgfcorerdf.code.tex 2021/05/15 v3.1.9a (3.1.9a)
)))
(C:\Users\kolenikov-stanislav\AppData\Local\Programs\MiKTeX\tex/latex/pgf/utili
ties\xxcolor.sty
Package: xxcolor 2003/10/24 ver 0.1
\XC@nummixins=\count296
\XC@countmixins=\count297
)
(C:\Users\kolenikov-stanislav\AppData\Local\Programs\MiKTeX\tex/latex/base\atbe
gshi-ltx.sty
Package: atbegshi-ltx 2021/01/10 v1.0c Emulation of the original atbegshi
package with kernel methods
)
(C:\Users\kolenikov-stanislav\AppData\Local\Programs\MiKTeX\tex/latex/hyperref\
hyperref.sty
Package: hyperref 2022-06-20 v7.00s Hypertext links for LaTeX

(C:\Users\kolenikov-stanislav\AppData\Local\Programs\MiKTeX\tex/generic/ltxcmds
\ltxcmds.sty
Package: ltxcmds 2020-05-10 v1.25 LaTeX kernel commands for general use (HO)
)
(C:\Users\kolenikov-stanislav\AppData\Local\Programs\MiKTeX\tex/generic/pdftexc
mds\pdftexcmds.sty
Package: pdftexcmds 2020-06-27 v0.33 Utility functions of pdfTeX for LuaTeX (HO
)

(C:\Users\kolenikov-stanislav\AppData\Local\Programs\MiKTeX\tex/generic/infware
rr\infwarerr.sty
Package: infwarerr 2019/12/03 v1.5 Providing info/warning/error messages (HO)
)
Package pdftexcmds Info: \pdf@primitive is available.
Package pdftexcmds Info: \pdf@ifprimitive is available.
Package pdftexcmds Info: \pdfdraftmode found.
)
(C:\Users\kolenikov-stanislav\AppData\Local\Programs\MiKTeX\tex/generic/kvsetke
ys\kvsetkeys.sty
Package: kvsetkeys 2019/12/15 v1.18 Key value parser (HO)
)
(C:\Users\kolenikov-stanislav\AppData\Local\Programs\MiKTeX\tex/generic/kvdefin
ekeys\kvdefinekeys.sty
Package: kvdefinekeys 2019-12-19 v1.6 Define keys (HO)
)
(C:\Users\kolenikov-stanislav\AppData\Local\Programs\MiKTeX\tex/generic/pdfesca
pe\pdfescape.sty
Package: pdfescape 2019/12/09 v1.15 Implements pdfTeX's escape features (HO)
)
(C:\Users\kolenikov-stanislav\AppData\Local\Programs\MiKTeX\tex/latex/hycolor\h
ycolor.sty
Package: hycolor 2020-01-27 v1.10 Color options for hyperref/bookmark (HO)
)
(C:\Users\kolenikov-stanislav\AppData\Local\Programs\MiKTeX\tex/latex/letltxmac
ro\letltxmacro.sty
Package: letltxmacro 2019/12/03 v1.6 Let assignment for LaTeX macros (HO)
)
(C:\Users\kolenikov-stanislav\AppData\Local\Programs\MiKTeX\tex/latex/auxhook\a
uxhook.sty
Package: auxhook 2019-12-17 v1.6 Hooks for auxiliary files (HO)
)
(C:\Users\kolenikov-stanislav\AppData\Local\Programs\MiKTeX\tex/latex/hyperref\
nameref.sty
Package: nameref 2022-05-17 v2.50 Cross-referencing by name of section

(C:\Users\kolenikov-stanislav\AppData\Local\Programs\MiKTeX\tex/latex/refcount\
refcount.sty
Package: refcount 2019/12/15 v3.6 Data extraction from label references (HO)
)
(C:\Users\kolenikov-stanislav\AppData\Local\Programs\MiKTeX\tex/generic/gettitl
estring\gettitlestring.sty
Package: gettitlestring 2019/12/15 v1.6 Cleanup title references (HO)

(C:\Users\kolenikov-stanislav\AppData\Local\Programs\MiKTeX\tex/latex/kvoptions
\kvoptions.sty
Package: kvoptions 2022-06-15 v3.15 Key value format for package options (HO)
))
\c@section@level=\count298
)
\@linkdim=\dimen265
\Hy@linkcounter=\count299
\Hy@pagecounter=\count300

(C:\Users\kolenikov-stanislav\AppData\Local\Programs\MiKTeX\tex/latex/hyperref\
pd1enc.def
File: pd1enc.def 2022-06-20 v7.00s Hyperref: PDFDocEncoding definition (HO)
Now handling font encoding PD1 ...
... no UTF-8 mapping file for font encoding PD1
)
(C:\Users\kolenikov-stanislav\AppData\Local\Programs\MiKTeX\tex/generic/intcalc
\intcalc.sty
Package: intcalc 2019/12/15 v1.3 Expandable calculations with integers (HO)
)
(C:\Users\kolenikov-stanislav\AppData\Local\Programs\MiKTeX\tex/generic/etexcmd
s\etexcmds.sty
Package: etexcmds 2019/12/15 v1.7 Avoid name clashes with e-TeX commands (HO)
)
\Hy@SavedSpaceFactor=\count301

(C:\Users\kolenikov-stanislav\AppData\Local\Programs\MiKTeX\tex/latex/hyperref\
puenc.def
File: puenc.def 2022-06-20 v7.00s Hyperref: PDF Unicode definition (HO)
Now handling font encoding PU ...
... no UTF-8 mapping file for font encoding PU
)
Package hyperref Info: Option `bookmarks' set `true' on input line 4045.
Package hyperref Info: Option `bookmarksopen' set `true' on input line 4045.
Package hyperref Info: Option `implicit' set `false' on input line 4045.
Package hyperref Info: Hyper figures OFF on input line 4162.
Package hyperref Info: Link nesting OFF on input line 4167.
Package hyperref Info: Hyper index ON on input line 4170.
Package hyperref Info: Plain pages OFF on input line 4177.
Package hyperref Info: Backreferencing OFF on input line 4182.
Package hyperref Info: Implicit mode OFF; no redefinition of LaTeX internals.
Package hyperref Info: Bookmarks ON on input line 4408.
\c@Hy@tempcnt=\count302

(C:\Users\kolenikov-stanislav\AppData\Local\Programs\MiKTeX\tex/latex/url\url.s
ty
\Urlmuskip=\muskip16
Package: url 2013/09/16  ver 3.4  Verb mode for urls, etc.
)
LaTeX Info: Redefining \url on input line 4746.
\XeTeXLinkMargin=\dimen266

(C:\Users\kolenikov-stanislav\AppData\Local\Programs\MiKTeX\tex/generic/bitset\
bitset.sty
Package: bitset 2019/12/09 v1.3 Handle bit-vector datatype (HO)

(C:\Users\kolenikov-stanislav\AppData\Local\Programs\MiKTeX\tex/generic/bigintc
alc\bigintcalc.sty
Package: bigintcalc 2019/12/15 v1.5 Expandable calculations on big integers (HO
)
))
\Fld@menulength=\count303
\Field@Width=\dimen267
\Fld@charsize=\dimen268
Package hyperref Info: Hyper figures OFF on input line 6024.
Package hyperref Info: Link nesting OFF on input line 6029.
Package hyperref Info: Hyper index ON on input line 6032.
Package hyperref Info: backreferencing OFF on input line 6039.
Package hyperref Info: Link coloring OFF on input line 6044.
Package hyperref Info: Link coloring with OCG OFF on input line 6049.
Package hyperref Info: PDF/A mode OFF on input line 6054.
\Hy@abspage=\count304


Package hyperref Message: Stopped early.

)
Package hyperref Info: Driver (autodetected): hpdftex.

(C:\Users\kolenikov-stanislav\AppData\Local\Programs\MiKTeX\tex/latex/hyperref\
hpdftex.def
File: hpdftex.def 2022-06-20 v7.00s Hyperref driver for pdfTeX

(C:\Users\kolenikov-stanislav\AppData\Local\Programs\MiKTeX\tex/latex/base\atve
ryend-ltx.sty
Package: atveryend-ltx 2020/08/19 v1.0a Emulation of the original atveryend pac
kage
with kernel methods
)
\Fld@listcount=\count305
\c@bookmark@seq@number=\count306

(C:\Users\kolenikov-stanislav\AppData\Local\Programs\MiKTeX\tex/latex/rerunfile
check\rerunfilecheck.sty
Package: rerunfilecheck 2022-07-10 v1.10 Rerun checks for auxiliary files (HO)

(C:\Users\kolenikov-stanislav\AppData\Local\Programs\MiKTeX\tex/generic/uniquec
ounter\uniquecounter.sty
Package: uniquecounter 2019/12/15 v1.4 Provide unlimited unique counter (HO)
)
Package uniquecounter Info: New unique counter `rerunfilecheck' on input line 2
85.
))
(C:\Users\kolenikov-stanislav\AppData\Local\Programs\MiKTeX\tex/latex/beamer\be
amerbaserequires.sty
(C:\Users\kolenikov-stanislav\AppData\Local\Programs\MiKTeX\tex/latex/beamer\be
amerbasecompatibility.sty)
(C:\Users\kolenikov-stanislav\AppData\Local\Programs\MiKTeX\tex/latex/beamer\be
amerbasefont.sty
(C:\Users\kolenikov-stanislav\AppData\Local\Programs\MiKTeX\tex/latex/amsfonts\
amssymb.sty
Package: amssymb 2013/01/14 v3.01 AMS font symbols

(C:\Users\kolenikov-stanislav\AppData\Local\Programs\MiKTeX\tex/latex/amsfonts\
amsfonts.sty
Package: amsfonts 2013/01/14 v3.01 Basic AMSFonts support
\@emptytoks=\toks28
\symAMSa=\mathgroup4
\symAMSb=\mathgroup5
LaTeX Font Info:    Redeclaring math symbol \hbar on input line 98.
LaTeX Font Info:    Overwriting math alphabet `\mathfrak' in version `bold'
(Font)                  U/euf/m/n --> U/euf/b/n on input line 106.
))
(C:\Users\kolenikov-stanislav\AppData\Local\Programs\MiKTeX\tex/latex/sansmatha
ccent\sansmathaccent.sty
Package: sansmathaccent 2020/01/31

(C:\Users\kolenikov-stanislav\AppData\Local\Programs\MiKTeX\tex/latex/koma-scri
pt\scrlfile.sty
Package: scrlfile 2022/07/04 v3.37 KOMA-Script package (file load hooks)

(C:\Users\kolenikov-stanislav\AppData\Local\Programs\MiKTeX\tex/latex/koma-scri
pt\scrlfile-hook.sty
Package: scrlfile-hook 2022/07/04 v3.37 KOMA-Script package (using LaTeX hooks)


(C:\Users\kolenikov-stanislav\AppData\Local\Programs\MiKTeX\tex/latex/koma-scri
pt\scrlogo.sty
Package: scrlogo 2022/07/04 v3.37 KOMA-Script package (logo)
)))))
(C:\Users\kolenikov-stanislav\AppData\Local\Programs\MiKTeX\tex/latex/beamer\be
amerbasetranslator.sty
(C:\Users\kolenikov-stanislav\AppData\Local\Programs\MiKTeX\tex/latex/translato
r\translator.sty
Package: translator 2021-05-31 v1.12d Easy translation of strings in LaTeX
))
(C:\Users\kolenikov-stanislav\AppData\Local\Programs\MiKTeX\tex/latex/beamer\be
amerbasemisc.sty)
(C:\Users\kolenikov-stanislav\AppData\Local\Programs\MiKTeX\tex/latex/beamer\be
amerbasetwoscreens.sty)
(C:\Users\kolenikov-stanislav\AppData\Local\Programs\MiKTeX\tex/latex/beamer\be
amerbaseoverlay.sty
\beamer@argscount=\count307
\beamer@lastskipcover=\skip50
\beamer@trivlistdepth=\count308
)
(C:\Users\kolenikov-stanislav\AppData\Local\Programs\MiKTeX\tex/latex/beamer\be
amerbasetitle.sty)
(C:\Users\kolenikov-stanislav\AppData\Local\Programs\MiKTeX\tex/latex/beamer\be
amerbasesection.sty
\c@lecture=\count309
\c@part=\count310
\c@section=\count311
\c@subsection=\count312
\c@subsubsection=\count313
)
(C:\Users\kolenikov-stanislav\AppData\Local\Programs\MiKTeX\tex/latex/beamer\be
amerbaseframe.sty
\beamer@framebox=\box66
\beamer@frametitlebox=\box67
\beamer@zoombox=\box68
\beamer@zoomcount=\count314
\beamer@zoomframecount=\count315
\beamer@frametextheight=\dimen269
\c@subsectionslide=\count316
\beamer@frametopskip=\skip51
\beamer@framebottomskip=\skip52
\beamer@frametopskipautobreak=\skip53
\beamer@framebottomskipautobreak=\skip54
\beamer@envbody=\toks29
\framewidth=\dimen270
\c@framenumber=\count317
)
(C:\Users\kolenikov-stanislav\AppData\Local\Programs\MiKTeX\tex/latex/beamer\be
amerbaseverbatim.sty
\beamer@verbatimfileout=\write4
)
(C:\Users\kolenikov-stanislav\AppData\Local\Programs\MiKTeX\tex/latex/beamer\be
amerbaseframesize.sty
\beamer@splitbox=\box69
\beamer@autobreakcount=\count318
\beamer@autobreaklastheight=\dimen271
\beamer@frametitletoks=\toks30
\beamer@framesubtitletoks=\toks31
)
(C:\Users\kolenikov-stanislav\AppData\Local\Programs\MiKTeX\tex/latex/beamer\be
amerbaseframecomponents.sty
\beamer@footins=\box70
)
(C:\Users\kolenikov-stanislav\AppData\Local\Programs\MiKTeX\tex/latex/beamer\be
amerbasecolor.sty)
(C:\Users\kolenikov-stanislav\AppData\Local\Programs\MiKTeX\tex/latex/beamer\be
amerbasenotes.sty
\beamer@frameboxcopy=\box71
)
(C:\Users\kolenikov-stanislav\AppData\Local\Programs\MiKTeX\tex/latex/beamer\be
amerbasetoc.sty)
(C:\Users\kolenikov-stanislav\AppData\Local\Programs\MiKTeX\tex/latex/beamer\be
amerbasetemplates.sty
\beamer@sbttoks=\toks32

(C:\Users\kolenikov-stanislav\AppData\Local\Programs\MiKTeX\tex/latex/beamer\be
amerbaseauxtemplates.sty
(C:\Users\kolenikov-stanislav\AppData\Local\Programs\MiKTeX\tex/latex/beamer\be
amerbaseboxes.sty
\bmb@box=\box72
\bmb@colorbox=\box73
\bmb@boxwidth=\dimen272
\bmb@boxheight=\dimen273
\bmb@prevheight=\dimen274
\bmb@temp=\dimen275
\bmb@dima=\dimen276
\bmb@dimb=\dimen277
\bmb@prevheight=\dimen278
)
\beamer@blockheadheight=\dimen279
))
(C:\Users\kolenikov-stanislav\AppData\Local\Programs\MiKTeX\tex/latex/beamer\be
amerbaselocalstructure.sty
(C:\Users\kolenikov-stanislav\AppData\Local\Programs\MiKTeX\tex/latex/tools\enu
merate.sty
Package: enumerate 2015/07/23 v3.00 enumerate extensions (DPC)
\@enLab=\toks33
)
\beamer@bibiconwidth=\skip55
\c@figure=\count319
\c@table=\count320
\abovecaptionskip=\skip56
\belowcaptionskip=\skip57
)
(C:\Users\kolenikov-stanislav\AppData\Local\Programs\MiKTeX\tex/latex/beamer\be
amerbasenavigation.sty
\beamer@section@min@dim=\dimen280
)
(C:\Users\kolenikov-stanislav\AppData\Local\Programs\MiKTeX\tex/latex/beamer\be
amerbasetheorems.sty
(C:\Users\kolenikov-stanislav\AppData\Local\Programs\MiKTeX\tex/latex/amsmath\a
msmath.sty
Package: amsmath 2022/04/08 v2.17n AMS math features
\@mathmargin=\skip58

For additional information on amsmath, use the `?' option.

(C:\Users\kolenikov-stanislav\AppData\Local\Programs\MiKTeX\tex/latex/amsmath\a
mstext.sty
Package: amstext 2021/08/26 v2.01 AMS text

(C:\Users\kolenikov-stanislav\AppData\Local\Programs\MiKTeX\tex/latex/amsmath\a
msgen.sty
File: amsgen.sty 1999/11/30 v2.0 generic functions
\@emptytoks=\toks34
\ex@=\dimen281
))
(C:\Users\kolenikov-stanislav\AppData\Local\Programs\MiKTeX\tex/latex/amsmath\a
msbsy.sty
Package: amsbsy 1999/11/29 v1.2d Bold Symbols
\pmbraise@=\dimen282
)
(C:\Users\kolenikov-stanislav\AppData\Local\Programs\MiKTeX\tex/latex/amsmath\a
msopn.sty
Package: amsopn 2022/04/08 v2.04 operator names
)
\inf@bad=\count321
LaTeX Info: Redefining \frac on input line 234.
\uproot@=\count322
\leftroot@=\count323
LaTeX Info: Redefining \overline on input line 399.
LaTeX Info: Redefining \colon on input line 410.
\classnum@=\count324
\DOTSCASE@=\count325
LaTeX Info: Redefining \ldots on input line 496.
LaTeX Info: Redefining \dots on input line 499.
LaTeX Info: Redefining \cdots on input line 620.
\Mathstrutbox@=\box74
\strutbox@=\box75
LaTeX Info: Redefining \big on input line 722.
LaTeX Info: Redefining \Big on input line 723.
LaTeX Info: Redefining \bigg on input line 724.
LaTeX Info: Redefining \Bigg on input line 725.
\big@size=\dimen283
LaTeX Font Info:    Redeclaring font encoding OML on input line 743.
LaTeX Font Info:    Redeclaring font encoding OMS on input line 744.
\macc@depth=\count326
LaTeX Info: Redefining \bmod on input line 905.
LaTeX Info: Redefining \pmod on input line 910.
LaTeX Info: Redefining \smash on input line 940.
LaTeX Info: Redefining \relbar on input line 970.
LaTeX Info: Redefining \Relbar on input line 971.
\c@MaxMatrixCols=\count327
\dotsspace@=\muskip17
\c@parentequation=\count328
\dspbrk@lvl=\count329
\tag@help=\toks35
\row@=\count330
\column@=\count331
\maxfields@=\count332
\andhelp@=\toks36
\eqnshift@=\dimen284
\alignsep@=\dimen285
\tagshift@=\dimen286
\tagwidth@=\dimen287
\totwidth@=\dimen288
\lineht@=\dimen289
\@envbody=\toks37
\multlinegap=\skip59
\multlinetaggap=\skip60
\mathdisplay@stack=\toks38
LaTeX Info: Redefining \[ on input line 2953.
LaTeX Info: Redefining \] on input line 2954.
)
(C:\Users\kolenikov-stanislav\AppData\Local\Programs\MiKTeX\tex/latex/amscls\am
sthm.sty
Package: amsthm 2020/05/29 v2.20.6
\thm@style=\toks39
\thm@bodyfont=\toks40
\thm@headfont=\toks41
\thm@notefont=\toks42
\thm@headpunct=\toks43
\thm@preskip=\skip61
\thm@postskip=\skip62
\thm@headsep=\skip63
\dth@everypar=\toks44
)
\c@theorem=\count333
)
(C:\Users\kolenikov-stanislav\AppData\Local\Programs\MiKTeX\tex/latex/beamer\be
amerbasethemes.sty))
(C:\Users\kolenikov-stanislav\AppData\Local\Programs\MiKTeX\tex/latex/beamer\be
amerthemedefault.sty
(C:\Users\kolenikov-stanislav\AppData\Local\Programs\MiKTeX\tex/latex/beamer\be
amerfontthemedefault.sty)
(C:\Users\kolenikov-stanislav\AppData\Local\Programs\MiKTeX\tex/latex/beamer\be
amercolorthemedefault.sty)
(C:\Users\kolenikov-stanislav\AppData\Local\Programs\MiKTeX\tex/latex/beamer\be
amerinnerthemedefault.sty
\beamer@dima=\dimen290
\beamer@dimb=\dimen291
)
(C:\Users\kolenikov-stanislav\AppData\Local\Programs\MiKTeX\tex/latex/beamer\be
amerouterthemedefault.sty)))
(C:\Users\kolenikov-stanislav\AppData\Local\Programs\MiKTeX\tex/latex/beamer\be
amerthemeboadilla.sty
(C:\Users\kolenikov-stanislav\AppData\Local\Programs\MiKTeX\tex/latex/beamer\be
amercolorthemerose.sty)
(C:\Users\kolenikov-stanislav\AppData\Local\Programs\MiKTeX\tex/latex/beamer\be
amerinnerthemerounded.sty)
(C:\Users\kolenikov-stanislav\AppData\Local\Programs\MiKTeX\tex/latex/beamer\be
amercolorthemedolphin.sty)
(C:\Users\kolenikov-stanislav\AppData\Local\Programs\MiKTeX\tex/latex/beamer\be
amerouterthemeinfolines.sty)) (beamercolorthemenorcdark.sty)
(C:\Users\kolenikov-stanislav\AppData\Local\Programs\MiKTeX\tex/latex/natbib\na
tbib.sty
Package: natbib 2010/09/13 8.31b (PWD, AO)
\bibhang=\skip64
\bibsep=\skip65
LaTeX Info: Redefining \cite on input line 694.
\c@NAT@ctr=\count334
)
(C:\Users\kolenikov-stanislav\AppData\Local\Programs\MiKTeX\tex/latex/comment\c
omment.sty
\CommentStream=\write5
 Excluding comment 'comment')
(C:\Users\kolenikov-stanislav\AppData\Local\Programs\MiKTeX\tex/latex/roboto\ro
boto.sty
Package: roboto 2022/09/10 (Bob Tennent) Supports Roboto fonts for all LaTeX en
gines.

(C:\Users\kolenikov-stanislav\AppData\Local\Programs\MiKTeX\tex/generic/iftex\i
fxetex.sty
Package: ifxetex 2019/10/25 v0.7 ifxetex legacy package. Use iftex instead.
)
(C:\Users\kolenikov-stanislav\AppData\Local\Programs\MiKTeX\tex/generic/iftex\i
fluatex.sty
Package: ifluatex 2019/10/25 v1.5 ifluatex legacy package. Use iftex instead.
)
(C:\Users\kolenikov-stanislav\AppData\Local\Programs\MiKTeX\tex/latex/xkeyval\x
keyval.sty
Package: xkeyval 2022/06/16 v2.9 package option processing (HA)

(C:\Users\kolenikov-stanislav\AppData\Local\Programs\MiKTeX\tex/generic/xkeyval
\xkeyval.tex
(C:\Users\kolenikov-stanislav\AppData\Local\Programs\MiKTeX\tex/generic/xkeyval
\xkvutils.tex
\XKV@toks=\toks45
\XKV@tempa@toks=\toks46
)
\XKV@depth=\count335
File: xkeyval.tex 2014/12/03 v2.7a key=value parser (HA)
))
(C:\Users\kolenikov-stanislav\AppData\Local\Programs\MiKTeX\tex/latex/base\text
comp.sty
Package: textcomp 2020/02/02 v2.0n Standard LaTeX package
)
(C:\Users\kolenikov-stanislav\AppData\Local\Programs\MiKTeX\tex/latex/base\font
enc.sty
Package: fontenc 2021/04/29 v2.0v Standard LaTeX package
)
(C:\Users\kolenikov-stanislav\AppData\Local\Programs\MiKTeX\tex/latex/fontaxes\
fontaxes.sty
Package: fontaxes 2020/07/21 v1.0e Font selection axes
LaTeX Info: Redefining \upshape on input line 29.
LaTeX Info: Redefining \itshape on input line 31.
LaTeX Info: Redefining \slshape on input line 33.
LaTeX Info: Redefining \swshape on input line 35.
LaTeX Info: Redefining \scshape on input line 37.
LaTeX Info: Redefining \sscshape on input line 39.
LaTeX Info: Redefining \ulcshape on input line 41.
LaTeX Info: Redefining \textsw on input line 47.
LaTeX Info: Redefining \textssc on input line 48.
LaTeX Info: Redefining \textulc on input line 49.
))
(C:\Users\kolenikov-stanislav\AppData\Local\Programs\MiKTeX\tex/latex/pgf/utili
ties\pgfpages.sty
Package: pgfpages 2011/01/05 ver 0.02

(C:\Users\kolenikov-stanislav\AppData\Local\Programs\MiKTeX\tex/latex/tools\cal
c.sty
Package: calc 2017/05/25 v4.3 Infix arithmetic (KKT,FJ)
\calc@Acount=\count336
\calc@Bcount=\count337
\calc@Adimen=\dimen292
\calc@Bdimen=\dimen293
\calc@Askip=\skip66
\calc@Bskip=\skip67
LaTeX Info: Redefining \setlength on input line 80.
LaTeX Info: Redefining \addtolength on input line 81.
\calc@Ccount=\count338
\calc@Cskip=\skip68
)
\pgf@logicalpages=\count339
\pgf@firstshipout=\count340
\pgf@lastshipout=\count341
\pgf@currentshipout=\count342
\pgf@cpn=\count343
\pgf@shipoutnextto=\count344
\pgfphysicalheight=\dimen294
\pgfphysicalwidth=\dimen295
\pgfpages@shipoutbox=\box76
)
LaTeX Font Info:    Trying to load font information for OT1+Roboto-LF on input 
line 21.

(C:\Users\kolenikov-stanislav\AppData\Local\Programs\MiKTeX\tex/latex/roboto\ot
1roboto-lf.fd
File: OT1Roboto-LF.fd 2019/12/11 (autoinst) Font definitions for OT1/Roboto-LF.

)
LaTeX Font Info:    Font shape `OT1/Roboto-LF/m/n' aliased to
(Font)              `OT1/Roboto-LF/regular/n' on input line 21.
LaTeX Font Info:    Font shape `OT1/Roboto-LF/regular/n' will be
(Font)              scaled to size 10.95pt on input line 21.

(C:\Users\kolenikov-stanislav\AppData\Local\Programs\MiKTeX\tex/latex/l3backend
\l3backend-pdftex.def
File: l3backend-pdftex.def 2022-07-01 L3 backend support: PDF output (pdfTeX)
\l__color_backend_stack_int=\count345
\l__pdf_internal_box=\box77
) (ichps2023-kolenikov-svy.aux)
\openout1 = `ichps2023-kolenikov-svy.aux'.

LaTeX Font Info:    Checking defaults for OML/cmm/m/it on input line 21.
LaTeX Font Info:    ... okay on input line 21.
LaTeX Font Info:    Checking defaults for OMS/cmsy/m/n on input line 21.
LaTeX Font Info:    ... okay on input line 21.
LaTeX Font Info:    Checking defaults for OT1/cmr/m/n on input line 21.
LaTeX Font Info:    ... okay on input line 21.
LaTeX Font Info:    Checking defaults for T1/cmr/m/n on input line 21.
LaTeX Font Info:    ... okay on input line 21.
LaTeX Font Info:    Checking defaults for TS1/cmr/m/n on input line 21.
LaTeX Font Info:    ... okay on input line 21.
LaTeX Font Info:    Checking defaults for OMX/cmex/m/n on input line 21.
LaTeX Font Info:    ... okay on input line 21.
LaTeX Font Info:    Checking defaults for U/cmr/m/n on input line 21.
LaTeX Font Info:    ... okay on input line 21.
LaTeX Font Info:    Checking defaults for PD1/pdf/m/n on input line 21.
LaTeX Font Info:    ... okay on input line 21.
LaTeX Font Info:    Checking defaults for PU/pdf/m/n on input line 21.
LaTeX Font Info:    ... okay on input line 21.

*geometry* driver: auto-detecting
*geometry* detected driver: pdftex
*geometry* verbose mode - [ preamble ] result:
* driver: pdftex
* paper: custom
* layout: <same size as paper>
* layoutoffset:(h,v)=(0.0pt,0.0pt)
* modes: includehead includefoot 
* h-part:(L,W,R)=(10.95003pt, 342.2953pt, 10.95003pt)
* v-part:(T,H,B)=(0.0pt, 273.14662pt, 0.0pt)
* \paperwidth=364.19536pt
* \paperheight=273.14662pt
* \textwidth=342.2953pt
* \textheight=244.6939pt
* \oddsidemargin=-61.31996pt
* \evensidemargin=-61.31996pt
* \topmargin=-72.26999pt
* \headheight=14.22636pt
* \headsep=0.0pt
* \topskip=11.0pt
* \footskip=14.22636pt
* \marginparwidth=4.0pt
* \marginparsep=10.0pt
* \columnsep=10.0pt
* \skip\footins=10.0pt plus 4.0pt minus 2.0pt
* \hoffset=0.0pt
* \voffset=0.0pt
* \mag=1000
* \@twocolumnfalse
* \@twosidefalse
* \@mparswitchfalse
* \@reversemarginfalse
* (1in=72.27pt=25.4mm, 1cm=28.453pt)


(C:\Users\kolenikov-stanislav\AppData\Local\Programs\MiKTeX\tex/context/base/mk
ii\supp-pdf.mkii
[Loading MPS to PDF converter (version 2006.09.02).]
\scratchcounter=\count346
\scratchdimen=\dimen296
\scratchbox=\box78
\nofMPsegments=\count347
\nofMParguments=\count348
\everyMPshowfont=\toks47
\MPscratchCnt=\count349
\MPscratchDim=\dimen297
\MPnumerator=\count350
\makeMPintoPDFobject=\count351
\everyMPtoPDFconversion=\toks48
)
(C:\Users\kolenikov-stanislav\AppData\Local\Programs\MiKTeX\tex/latex/epstopdf-
pkg\epstopdf-base.sty
Package: epstopdf-base 2020-01-24 v2.11 Base part for package epstopdf
Package epstopdf-base Info: Redefining graphics rule for `.eps' on input line 4
85.

(C:\Users\kolenikov-stanislav\AppData\Local\Programs\MiKTeX\tex/latex/00miktex\
epstopdf-sys.cfg
File: epstopdf-sys.cfg 2021/03/18 v2.0 Configuration of epstopdf for MiKTeX
))
Package hyperref Info: Link coloring OFF on input line 21.
 (ichps2023-kolenikov-svy.out) (ichps2023-kolenikov-svy.out)
\@outlinefile=\write6
\openout6 = `ichps2023-kolenikov-svy.out'.

LaTeX Font Info:    Overwriting symbol font `operators' in version `normal'
(Font)                  OT1/cmr/m/n --> OT1/cmss/m/n on input line 21.
LaTeX Font Info:    Overwriting symbol font `operators' in version `bold'
(Font)                  OT1/cmr/bx/n --> OT1/cmss/b/n on input line 21.
\symnumbers=\mathgroup6
\sympureletters=\mathgroup7
LaTeX Font Info:    Overwriting math alphabet `\mathrm' in version `normal'
(Font)                  OT1/cmss/m/n --> OT1/cmr/m/n on input line 21.
LaTeX Font Info:    Redeclaring math alphabet \mathbf on input line 21.
LaTeX Font Info:    Overwriting math alphabet `\mathbf' in version `normal'
(Font)                  OT1/cmr/bx/n --> OT1/Roboto-LF/b/n on input line 21.
LaTeX Font Info:    Overwriting math alphabet `\mathbf' in version `bold'
(Font)                  OT1/cmr/bx/n --> OT1/Roboto-LF/b/n on input line 21.
LaTeX Font Info:    Redeclaring math alphabet \mathsf on input line 21.
LaTeX Font Info:    Overwriting math alphabet `\mathsf' in version `normal'
(Font)                  OT1/cmss/m/n --> OT1/Roboto-LF/m/n on input line 21.
LaTeX Font Info:    Overwriting math alphabet `\mathsf' in version `bold'
(Font)                  OT1/cmss/bx/n --> OT1/Roboto-LF/m/n on input line 21.
LaTeX Font Info:    Redeclaring math alphabet \mathit on input line 21.
LaTeX Font Info:    Overwriting math alphabet `\mathit' in version `normal'
(Font)                  OT1/cmr/m/it --> OT1/Roboto-LF/m/it on input line 21.
LaTeX Font Info:    Overwriting math alphabet `\mathit' in version `bold'
(Font)                  OT1/cmr/bx/it --> OT1/Roboto-LF/m/it on input line 21.
LaTeX Font Info:    Redeclaring math alphabet \mathtt on input line 21.
LaTeX Font Info:    Overwriting math alphabet `\mathtt' in version `normal'
(Font)                  OT1/cmtt/m/n --> OT1/cmtt/m/n on input line 21.
LaTeX Font Info:    Overwriting math alphabet `\mathtt' in version `bold'
(Font)                  OT1/cmtt/m/n --> OT1/cmtt/m/n on input line 21.
LaTeX Font Info:    Overwriting symbol font `numbers' in version `bold'
(Font)                  OT1/Roboto-LF/m/n --> OT1/Roboto-LF/b/n on input line 2
1.
LaTeX Font Info:    Overwriting symbol font `pureletters' in version `bold'
(Font)                  OT1/Roboto-LF/m/it --> OT1/Roboto-LF/b/it on input line
 21.
LaTeX Font Info:    Overwriting math alphabet `\mathrm' in version `bold'
(Font)                  OT1/cmss/b/n --> OT1/cmr/b/n on input line 21.
LaTeX Font Info:    Overwriting math alphabet `\mathbf' in version `bold'
(Font)                  OT1/Roboto-LF/b/n --> OT1/Roboto-LF/b/n on input line 2
1.
LaTeX Font Info:    Overwriting math alphabet `\mathsf' in version `bold'
(Font)                  OT1/Roboto-LF/m/n --> OT1/Roboto-LF/b/n on input line 2
1.
LaTeX Font Info:    Overwriting math alphabet `\mathit' in version `bold'
(Font)                  OT1/Roboto-LF/m/it --> OT1/Roboto-LF/b/it on input line
 21.
LaTeX Font Info:    Overwriting math alphabet `\mathtt' in version `bold'
(Font)                  OT1/cmtt/m/n --> OT1/cmtt/b/n on input line 21.

(C:\Users\kolenikov-stanislav\AppData\Local\Programs\MiKTeX\tex/latex/translato
r\translator-basic-dictionary-English.dict
Dictionary: translator-basic-dictionary, Language: English 
)
(C:\Users\kolenikov-stanislav\AppData\Local\Programs\MiKTeX\tex/latex/translato
r\translator-bibliography-dictionary-English.dict
Dictionary: translator-bibliography-dictionary, Language: English 
)
(C:\Users\kolenikov-stanislav\AppData\Local\Programs\MiKTeX\tex/latex/translato
r\translator-environment-dictionary-English.dict
Dictionary: translator-environment-dictionary, Language: English 
)
(C:\Users\kolenikov-stanislav\AppData\Local\Programs\MiKTeX\tex/latex/translato
r\translator-months-dictionary-English.dict
Dictionary: translator-months-dictionary, Language: English 
)
(C:\Users\kolenikov-stanislav\AppData\Local\Programs\MiKTeX\tex/latex/translato
r\translator-numbers-dictionary-English.dict
Dictionary: translator-numbers-dictionary, Language: English 
)
(C:\Users\kolenikov-stanislav\AppData\Local\Programs\MiKTeX\tex/latex/translato
r\translator-theorem-dictionary-English.dict
Dictionary: translator-theorem-dictionary, Language: English 
)
\c@mv@tabular=\count352
\c@mv@boldtabular=\count353
 (ichps2023-kolenikov-svy.nav)
LaTeX Font Info:    Font shape `OT1/Roboto-LF/m/n' aliased to
(Font)              `OT1/Roboto-LF/regular/n' on input line 21.
LaTeX Font Info:    Font shape `OT1/Roboto-LF/regular/n' will be
(Font)              scaled to size 6.0pt on input line 21.


Package hyperref Warning: Option `pdfauthor' has already been used,
(hyperref)                setting the option has no effect on input line 24.

LaTeX Font Info:    Font shape `OT1/Roboto-LF/m/n' aliased to
(Font)              `OT1/Roboto-LF/regular/n' on input line 38.
LaTeX Font Info:    Font shape `OT1/Roboto-LF/regular/n' will be
(Font)              scaled to size 14.4pt on input line 38.
LaTeX Font Info:    Font shape `OT1/Roboto-LF/b/n' aliased to
(Font)              `OT1/Roboto-LF/bold/n' on input line 38.
LaTeX Font Info:    Font shape `OT1/Roboto-LF/bold/n' will be
(Font)              scaled to size 14.4pt on input line 38.
LaTeX Font Info:    Font shape `OT1/Roboto-LF/m/n' aliased to
(Font)              `OT1/Roboto-LF/regular/n' on input line 38.
LaTeX Font Info:    Font shape `OT1/Roboto-LF/regular/n' will be
(Font)              scaled to size 8.0pt on input line 38.
LaTeX Font Info:    Font shape `OT1/Roboto-LF/m/n' aliased to
(Font)              `OT1/Roboto-LF/regular/n' on input line 38.
LaTeX Font Info:    Font shape `OT1/Roboto-LF/regular/n' will be
(Font)              scaled to size 4.0pt on input line 38.
<NORCLogo_Short_Color.png, id=81, 1254.6875pt x 276.03125pt>
File: NORCLogo_Short_Color.png Graphic file (type png)
<use NORCLogo_Short_Color.png>
Package pdftex.def Info: NORCLogo_Short_Color.png  used on input line 38.
(pdftex.def)             Requested size: 77.59454pt x 17.07182pt.
LaTeX Font Info:    Font shape `OT1/Roboto-LF/b/n' aliased to
(Font)              `OT1/Roboto-LF/bold/n' on input line 38.
LaTeX Font Info:    Font shape `OT1/Roboto-LF/bold/n' will be
(Font)              scaled to size 6.0pt on input line 38.
[1

{C:/Users/kolenikov-stanislav/AppData/Local/MiKTeX/fonts/map/pdftex/pdftex.map}
 <./NORCLogo_Short_Color.png>]
File: NORCLogo_Short_Color.png Graphic file (type png)
<use NORCLogo_Short_Color.png>
Package pdftex.def Info: NORCLogo_Short_Color.png  used on input line 61.
(pdftex.def)             Requested size: 77.59454pt x 17.07182pt.
 [2

]
LaTeX Font Info:    Font shape `OT1/Roboto-LF/m/n' aliased to
(Font)              `OT1/Roboto-LF/regular/n' on input line 83.
LaTeX Font Info:    Font shape `OT1/Roboto-LF/regular/n' will be
(Font)              scaled to size 10.0pt on input line 83.
LaTeX Font Info:    Trying to load font information for U+msa on input line 83.


(C:\Users\kolenikov-stanislav\AppData\Local\Programs\MiKTeX\tex/latex/amsfonts\
umsa.fd
File: umsa.fd 2013/01/14 v3.01 AMS symbols A
)
LaTeX Font Info:    Trying to load font information for U+msb on input line 83.


(C:\Users\kolenikov-stanislav\AppData\Local\Programs\MiKTeX\tex/latex/amsfonts\
umsb.fd
File: umsb.fd 2013/01/14 v3.01 AMS symbols B
)
LaTeX Font Info:    Font shape `OT1/Roboto-LF/m/n' aliased to
(Font)              `OT1/Roboto-LF/regular/n' on input line 83.
LaTeX Font Info:    Font shape `OT1/Roboto-LF/regular/n' will be
(Font)              scaled to size 5.0pt on input line 83.
LaTeX Font Info:    Font shape `OT1/Roboto-LF/m/it' aliased to
(Font)              `OT1/Roboto-LF/regular/it' on input line 83.
LaTeX Font Info:    Font shape `OT1/Roboto-LF/regular/it' will be
(Font)              scaled to size 6.0pt on input line 83.
LaTeX Font Info:    Font shape `OT1/Roboto-LF/m/it' aliased to
(Font)              `OT1/Roboto-LF/regular/it' on input line 83.
LaTeX Font Info:    Font shape `OT1/Roboto-LF/regular/it' will be
(Font)              scaled to size 5.0pt on input line 83.
File: NORCLogo_Short_Color.png Graphic file (type png)
<use NORCLogo_Short_Color.png>
Package pdftex.def Info: NORCLogo_Short_Color.png  used on input line 83.
(pdftex.def)             Requested size: 77.59454pt x 17.07182pt.
 [3

]
File: NORCLogo_Short_Color.png Graphic file (type png)
<use NORCLogo_Short_Color.png>
Package pdftex.def Info: NORCLogo_Short_Color.png  used on input line 107.
(pdftex.def)             Requested size: 77.59454pt x 17.07182pt.
 [4

]
File: NORCLogo_Short_Color.png Graphic file (type png)
<use NORCLogo_Short_Color.png>
Package pdftex.def Info: NORCLogo_Short_Color.png  used on input line 124.
(pdftex.def)             Requested size: 77.59454pt x 17.07182pt.
 [5

]
LaTeX Font Info:    Font shape `OT1/Roboto-LF/m/n' aliased to
(Font)              `OT1/Roboto-LF/regular/n' on input line 149.
LaTeX Font Info:    Font shape `OT1/Roboto-LF/regular/n' will be
(Font)              scaled to size 7.0pt on input line 149.
LaTeX Font Info:    Font shape `OT1/Roboto-LF/m/it' aliased to
(Font)              `OT1/Roboto-LF/regular/it' on input line 149.
LaTeX Font Info:    Font shape `OT1/Roboto-LF/regular/it' will be
(Font)              scaled to size 10.0pt on input line 149.
LaTeX Font Info:    Font shape `OT1/Roboto-LF/m/it' aliased to
(Font)              `OT1/Roboto-LF/regular/it' on input line 149.
LaTeX Font Info:    Font shape `OT1/Roboto-LF/regular/it' will be
(Font)              scaled to size 7.0pt on input line 149.
File: NORCLogo_Short_Color.png Graphic file (type png)
<use NORCLogo_Short_Color.png>
Package pdftex.def Info: NORCLogo_Short_Color.png  used on input line 149.
(pdftex.def)             Requested size: 77.59454pt x 17.07182pt.
 [6

]
File: NORCLogo_Short_Color.png Graphic file (type png)
<use NORCLogo_Short_Color.png>
Package pdftex.def Info: NORCLogo_Short_Color.png  used on input line 167.
(pdftex.def)             Requested size: 77.59454pt x 17.07182pt.
 [7

]
File: NORCLogo_Short_Color.png Graphic file (type png)
<use NORCLogo_Short_Color.png>
Package pdftex.def Info: NORCLogo_Short_Color.png  used on input line 181.
(pdftex.def)             Requested size: 77.59454pt x 17.07182pt.
 [8

]
File: NORCLogo_Short_Color.png Graphic file (type png)
<use NORCLogo_Short_Color.png>
Package pdftex.def Info: NORCLogo_Short_Color.png  used on input line 199.
(pdftex.def)             Requested size: 77.59454pt x 17.07182pt.
 [9

]
LaTeX Font Info:    Font shape `OT1/Roboto-LF/m/it' aliased to
(Font)              `OT1/Roboto-LF/regular/it' on input line 240.
LaTeX Font Info:    Font shape `OT1/Roboto-LF/regular/it' will be
(Font)              scaled to size 10.95pt on input line 240.
LaTeX Font Info:    Font shape `OT1/Roboto-LF/m/it' aliased to
(Font)              `OT1/Roboto-LF/regular/it' on input line 240.
LaTeX Font Info:    Font shape `OT1/Roboto-LF/regular/it' will be
(Font)              scaled to size 8.0pt on input line 240.
LaTeX Font Info:    Font shape `OT1/Roboto-LF/b/n' aliased to
(Font)              `OT1/Roboto-LF/bold/n' on input line 240.
LaTeX Font Info:    Font shape `OT1/Roboto-LF/bold/n' will be
(Font)              scaled to size 10.95pt on input line 240.
File: NORCLogo_Short_Color.png Graphic file (type png)
<use NORCLogo_Short_Color.png>
Package pdftex.def Info: NORCLogo_Short_Color.png  used on input line 240.
(pdftex.def)             Requested size: 77.59454pt x 17.07182pt.
 [10

]
File: NORCLogo_Short_Color.png Graphic file (type png)
<use NORCLogo_Short_Color.png>
Package pdftex.def Info: NORCLogo_Short_Color.png  used on input line 264.
(pdftex.def)             Requested size: 77.59454pt x 17.07182pt.
 [11

]
File: NORCLogo_Short_Color.png Graphic file (type png)
<use NORCLogo_Short_Color.png>
Package pdftex.def Info: NORCLogo_Short_Color.png  used on input line 287.
(pdftex.def)             Requested size: 77.59454pt x 17.07182pt.
 [12

]
File: NORCLogo_Short_Color.png Graphic file (type png)
<use NORCLogo_Short_Color.png>
Package pdftex.def Info: NORCLogo_Short_Color.png  used on input line 310.
(pdftex.def)             Requested size: 77.59454pt x 17.07182pt.
 [13

]
File: NORCLogo_Short_Color.png Graphic file (type png)
<use NORCLogo_Short_Color.png>
Package pdftex.def Info: NORCLogo_Short_Color.png  used on input line 331.
(pdftex.def)             Requested size: 77.59454pt x 17.07182pt.
 [14

]
File: NORCLogo_Short_Color.png Graphic file (type png)
<use NORCLogo_Short_Color.png>
Package pdftex.def Info: NORCLogo_Short_Color.png  used on input line 350.
(pdftex.def)             Requested size: 77.59454pt x 17.07182pt.
 [15

]
LaTeX Font Info:    Trying to load font information for TS1+Roboto-LF on input 
line 373.

(C:\Users\kolenikov-stanislav\AppData\Local\Programs\MiKTeX\tex/latex/roboto\ts
1roboto-lf.fd
File: TS1Roboto-LF.fd 2019/12/11 (autoinst) Font definitions for TS1/Roboto-LF.

)
LaTeX Font Info:    Font shape `TS1/Roboto-LF/m/n' aliased to
(Font)              `TS1/Roboto-LF/regular/n' on input line 373.
LaTeX Font Info:    Font shape `TS1/Roboto-LF/regular/n' will be
(Font)              scaled to size 14.4pt on input line 373.
File: NORCLogo_Short_Color.png Graphic file (type png)
<use NORCLogo_Short_Color.png>
Package pdftex.def Info: NORCLogo_Short_Color.png  used on input line 373.
(pdftex.def)             Requested size: 77.59454pt x 17.07182pt.
 [16

]
File: NORCLogo_Short_Color.png Graphic file (type png)
<use NORCLogo_Short_Color.png>
Package pdftex.def Info: NORCLogo_Short_Color.png  used on input line 397.
(pdftex.def)             Requested size: 77.59454pt x 17.07182pt.
 [17

]
File: NORCLogo_Short_Color.png Graphic file (type png)
<use NORCLogo_Short_Color.png>
Package pdftex.def Info: NORCLogo_Short_Color.png  used on input line 421.
(pdftex.def)             Requested size: 77.59454pt x 17.07182pt.
 [18

]
LaTeX Font Info:    Font shape `OT1/Roboto-LF/m/sc' aliased to
(Font)              `OT1/Roboto-LF/regular/sc' on input line 450.
LaTeX Font Info:    Font shape `OT1/Roboto-LF/regular/sc' will be
(Font)              scaled to size 10.95pt on input line 450.
LaTeX Font Info:    Font shape `OT1/Roboto-LF/m/it' aliased to
(Font)              `OT1/Roboto-LF/regular/it' on input line 450.
LaTeX Font Info:    Font shape `OT1/Roboto-LF/regular/it' will be
(Font)              scaled to size 14.4pt on input line 450.
File: NORCLogo_Short_Color.png Graphic file (type png)
<use NORCLogo_Short_Color.png>
Package pdftex.def Info: NORCLogo_Short_Color.png  used on input line 450.
(pdftex.def)             Requested size: 77.59454pt x 17.07182pt.
 [19

]
File: NORCLogo_Short_Color.png Graphic file (type png)
<use NORCLogo_Short_Color.png>
Package pdftex.def Info: NORCLogo_Short_Color.png  used on input line 465.
(pdftex.def)             Requested size: 77.59454pt x 17.07182pt.
 [20

]
File: NORCLogo_Short_Color.png Graphic file (type png)
<use NORCLogo_Short_Color.png>
Package pdftex.def Info: NORCLogo_Short_Color.png  used on input line 483.
(pdftex.def)             Requested size: 77.59454pt x 17.07182pt.
 [21

]
File: NORCLogo_Short_Color.png Graphic file (type png)
<use NORCLogo_Short_Color.png>
Package pdftex.def Info: NORCLogo_Short_Color.png  used on input line 509.
(pdftex.def)             Requested size: 77.59454pt x 17.07182pt.
 [22

]
File: NORCLogo_Short_Color.png Graphic file (type png)
<use NORCLogo_Short_Color.png>
Package pdftex.def Info: NORCLogo_Short_Color.png  used on input line 529.
(pdftex.def)             Requested size: 77.59454pt x 17.07182pt.
 [23

]
File: NORCLogo_Short_Color.png Graphic file (type png)
<use NORCLogo_Short_Color.png>
Package pdftex.def Info: NORCLogo_Short_Color.png  used on input line 555.
(pdftex.def)             Requested size: 77.59454pt x 17.07182pt.
 [24

]
File: NORCLogo_Short_Color.png Graphic file (type png)
<use NORCLogo_Short_Color.png>
Package pdftex.def Info: NORCLogo_Short_Color.png  used on input line 571.
(pdftex.def)             Requested size: 77.59454pt x 17.07182pt.
 [25

]
File: NORCLogo_Short_Color.png Graphic file (type png)
<use NORCLogo_Short_Color.png>
Package pdftex.def Info: NORCLogo_Short_Color.png  used on input line 596.
(pdftex.def)             Requested size: 77.59454pt x 17.07182pt.
 [26

]
File: NORCLogo_Short_Color.png Graphic file (type png)
<use NORCLogo_Short_Color.png>
Package pdftex.def Info: NORCLogo_Short_Color.png  used on input line 622.
(pdftex.def)             Requested size: 77.59454pt x 17.07182pt.
 [27

]
File: NORCLogo_Short_Color.png Graphic file (type png)
<use NORCLogo_Short_Color.png>
Package pdftex.def Info: NORCLogo_Short_Color.png  used on input line 648.
(pdftex.def)             Requested size: 77.59454pt x 17.07182pt.

[28

]
File: NORCLogo_Short_Color.png Graphic file (type png)
<use NORCLogo_Short_Color.png>
Package pdftex.def Info: NORCLogo_Short_Color.png  used on input line 671.
(pdftex.def)             Requested size: 77.59454pt x 17.07182pt.
 [29

]
LaTeX Font Info:    Font shape `OT1/Roboto-LF/b/n' aliased to
(Font)              `OT1/Roboto-LF/bold/n' on input line 691.
LaTeX Font Info:    Font shape `OT1/Roboto-LF/bold/n' will be
(Font)              scaled to size 8.0pt on input line 691.
LaTeX Font Info:    Font shape `OT1/Roboto-LF/b/n' aliased to
(Font)              `OT1/Roboto-LF/bold/n' on input line 691.
LaTeX Font Info:    Font shape `OT1/Roboto-LF/bold/n' will be
(Font)              scaled to size 5.0pt on input line 691.
LaTeX Font Info:    Font shape `OT1/Roboto-LF/b/n' aliased to
(Font)              `OT1/Roboto-LF/bold/n' on input line 691.
LaTeX Font Info:    Font shape `OT1/Roboto-LF/bold/n' will be
(Font)              scaled to size 10.0pt on input line 691.
LaTeX Font Info:    Font shape `OT1/Roboto-LF/b/n' aliased to
(Font)              `OT1/Roboto-LF/bold/n' on input line 691.
LaTeX Font Info:    Font shape `OT1/Roboto-LF/bold/n' will be
(Font)              scaled to size 7.0pt on input line 691.
File: NORCLogo_Short_Color.png Graphic file (type png)
<use NORCLogo_Short_Color.png>
Package pdftex.def Info: NORCLogo_Short_Color.png  used on input line 691.
(pdftex.def)             Requested size: 77.59454pt x 17.07182pt.
 [30

]
File: NORCLogo_Short_Color.png Graphic file (type png)
<use NORCLogo_Short_Color.png>
Package pdftex.def Info: NORCLogo_Short_Color.png  used on input line 710.
(pdftex.def)             Requested size: 77.59454pt x 17.07182pt.
 [31

]
File: NORCLogo_Short_Color.png Graphic file (type png)
<use NORCLogo_Short_Color.png>
Package pdftex.def Info: NORCLogo_Short_Color.png  used on input line 732.
(pdftex.def)             Requested size: 77.59454pt x 17.07182pt.
 [32

]
File: NORCLogo_Short_Color.png Graphic file (type png)
<use NORCLogo_Short_Color.png>
Package pdftex.def Info: NORCLogo_Short_Color.png  used on input line 767.
(pdftex.def)             Requested size: 77.59454pt x 17.07182pt.
 [33

]
File: NORCLogo_Short_Color.png Graphic file (type png)
<use NORCLogo_Short_Color.png>
Package pdftex.def Info: NORCLogo_Short_Color.png  used on input line 787.
(pdftex.def)             Requested size: 77.59454pt x 17.07182pt.
 [34

]
<tse-slide.png, id=367, 722.7pt x 542.025pt>
File: tse-slide.png Graphic file (type png)
<use tse-slide.png>
Package pdftex.def Info: tse-slide.png  used on input line 799.
(pdftex.def)             Requested size: 317.98898pt x 238.49173pt.

Overfull \vbox (8.64409pt too high) detected at line 799
 []

File: NORCLogo_Short_Color.png Graphic file (type png)
<use NORCLogo_Short_Color.png>
Package pdftex.def Info: NORCLogo_Short_Color.png  used on input line 799.
(pdftex.def)             Requested size: 77.59454pt x 17.07182pt.
[35

 <./tse-slide.png>]
File: NORCLogo_Short_Color.png Graphic file (type png)
<use NORCLogo_Short_Color.png>
Package pdftex.def Info: NORCLogo_Short_Color.png  used on input line 821.
(pdftex.def)             Requested size: 77.59454pt x 17.07182pt.
 [36

]
Overfull \hbox (3.39557pt too wide) in paragraph at lines 845--845
\OT1/Roboto-LF/regular/n/10.95 http://community.amstat.org/surveyresearchmethod
ssection/links  
 []

File: NORCLogo_Short_Color.png Graphic file (type png)
<use NORCLogo_Short_Color.png>
Package pdftex.def Info: NORCLogo_Short_Color.png  used on input line 845.
(pdftex.def)             Requested size: 77.59454pt x 17.07182pt.
[37

] (ichps2023-kolenikov-svy.toc)
File: NORCLogo_Short_Color.png Graphic file (type png)
<use NORCLogo_Short_Color.png>
Package pdftex.def Info: NORCLogo_Short_Color.png  used on input line 850.
(pdftex.def)             Requested size: 77.59454pt x 17.07182pt.
 [38

]

Package hyperref Warning: Token not allowed in a PDF string (Unicode):
(hyperref)                removing `\translate ' on input line 853.

File: NORCLogo_Short_Color.png Graphic file (type png)
<use NORCLogo_Short_Color.png>
Package pdftex.def Info: NORCLogo_Short_Color.png  used on input line 868.
(pdftex.def)             Requested size: 77.59454pt x 17.07182pt.
[39

]
File: NORCLogo_Short_Color.png Graphic file (type png)
<use NORCLogo_Short_Color.png>
Package pdftex.def Info: NORCLogo_Short_Color.png  used on input line 900.
(pdftex.def)             Requested size: 77.59454pt x 17.07182pt.
 [40

]
File: NORCLogo_Short_Color.png Graphic file (type png)
<use NORCLogo_Short_Color.png>
Package pdftex.def Info: NORCLogo_Short_Color.png  used on input line 924.
(pdftex.def)             Requested size: 77.59454pt x 17.07182pt.
 [41

]
File: NORCLogo_Short_Color.png Graphic file (type png)
<use NORCLogo_Short_Color.png>
Package pdftex.def Info: NORCLogo_Short_Color.png  used on input line 945.
(pdftex.def)             Requested size: 77.59454pt x 17.07182pt.
 [42

]
File: NORCLogo_Short_Color.png Graphic file (type png)
<use NORCLogo_Short_Color.png>
Package pdftex.def Info: NORCLogo_Short_Color.png  used on input line 971.
(pdftex.def)             Requested size: 77.59454pt x 17.07182pt.
 [43

]
File: NORCLogo_Short_Color.png Graphic file (type png)
<use NORCLogo_Short_Color.png>
Package pdftex.def Info: NORCLogo_Short_Color.png  used on input line 989.
(pdftex.def)             Requested size: 77.59454pt x 17.07182pt.
 [44

]
File: NORCLogo_Short_Color.png Graphic file (type png)
<use NORCLogo_Short_Color.png>
Package pdftex.def Info: NORCLogo_Short_Color.png  used on input line 1006.
(pdftex.def)             Requested size: 77.59454pt x 17.07182pt.
 [45

]
LaTeX Font Info:    Font shape `TS1/Roboto-LF/m/n' aliased to
(Font)              `TS1/Roboto-LF/regular/n' on input line 1039.
LaTeX Font Info:    Font shape `TS1/Roboto-LF/regular/n' will be
(Font)              scaled to size 10.95pt on input line 1039.
File: NORCLogo_Short_Color.png Graphic file (type png)
<use NORCLogo_Short_Color.png>
Package pdftex.def Info: NORCLogo_Short_Color.png  used on input line 1039.
(pdftex.def)             Requested size: 77.59454pt x 17.07182pt.
 [46

]
File: NORCLogo_Short_Color.png Graphic file (type png)
<use NORCLogo_Short_Color.png>
Package pdftex.def Info: NORCLogo_Short_Color.png  used on input line 1049.
(pdftex.def)             Requested size: 77.59454pt x 17.07182pt.
 [47

]
File: NORCLogo_Short_Color.png Graphic file (type png)
<use NORCLogo_Short_Color.png>
Package pdftex.def Info: NORCLogo_Short_Color.png  used on input line 1065.
(pdftex.def)             Requested size: 77.59454pt x 17.07182pt.
 [48

]
File: NORCLogo_Short_Color.png Graphic file (type png)
<use NORCLogo_Short_Color.png>
Package pdftex.def Info: NORCLogo_Short_Color.png  used on input line 1084.
(pdftex.def)             Requested size: 77.59454pt x 17.07182pt.
 [49

]
File: NORCLogo_Short_Color.png Graphic file (type png)
<use NORCLogo_Short_Color.png>
Package pdftex.def Info: NORCLogo_Short_Color.png  used on input line 1111.
(pdftex.def)             Requested size: 77.59454pt x 17.07182pt.
 [50

]
File: NORCLogo_Short_Color.png Graphic file (type png)
<use NORCLogo_Short_Color.png>
Package pdftex.def Info: NORCLogo_Short_Color.png  used on input line 1130.
(pdftex.def)             Requested size: 77.59454pt x 17.07182pt.
 [51

]
File: NORCLogo_Short_Color.png Graphic file (type png)
<use NORCLogo_Short_Color.png>
Package pdftex.def Info: NORCLogo_Short_Color.png  used on input line 1150.
(pdftex.def)             Requested size: 77.59454pt x 17.07182pt.
 [52

]
File: NORCLogo_Short_Color.png Graphic file (type png)
<use NORCLogo_Short_Color.png>
Package pdftex.def Info: NORCLogo_Short_Color.png  used on input line 1170.
(pdftex.def)             Requested size: 77.59454pt x 17.07182pt.
 [53

]

Package amsmath Warning: Foreign command \atopwithdelims;
(amsmath)                \frac or \genfrac should be used instead
(amsmath)                 on input line 1191.

File: NORCLogo_Short_Color.png Graphic file (type png)
<use NORCLogo_Short_Color.png>
Package pdftex.def Info: NORCLogo_Short_Color.png  used on input line 1191.
(pdftex.def)             Requested size: 77.59454pt x 17.07182pt.
[54

]
File: NORCLogo_Short_Color.png Graphic file (type png)
<use NORCLogo_Short_Color.png>
Package pdftex.def Info: NORCLogo_Short_Color.png  used on input line 1212.
(pdftex.def)             Requested size: 77.59454pt x 17.07182pt.
 [55

] (ichps2023-kolenikov-svy.bbl

Package hyperref Warning: Token not allowed in a PDF string (Unicode):
(hyperref)                removing `\translate ' on input line 1.


Overfull \hbox (29.08414pt too wide) in paragraph at lines 109--113
\OT1/Roboto-LF/regular/n/10.95 http://www.surveypractice.org/index.php/SurveyPr
actice/article/view/315.  
 []

)
File: NORCLogo_Short_Color.png Graphic file (type png)
<use NORCLogo_Short_Color.png>
Package pdftex.def Info: NORCLogo_Short_Color.png  used on input line 1221.
(pdftex.def)             Requested size: 77.59454pt x 17.07182pt.
 [56

]
File: NORCLogo_Short_Color.png Graphic file (type png)
<use NORCLogo_Short_Color.png>
Package pdftex.def Info: NORCLogo_Short_Color.png  used on input line 1221.
(pdftex.def)             Requested size: 77.59454pt x 17.07182pt.
 [57


]
File: NORCLogo_Short_Color.png Graphic file (type png)
<use NORCLogo_Short_Color.png>
Package pdftex.def Info: NORCLogo_Short_Color.png  used on input line 1221.
(pdftex.def)             Requested size: 77.59454pt x 17.07182pt.
 [58


]
File: NORCLogo_Short_Color.png Graphic file (type png)
<use NORCLogo_Short_Color.png>
Package pdftex.def Info: NORCLogo_Short_Color.png  used on input line 1221.
(pdftex.def)             Requested size: 77.59454pt x 17.07182pt.
 [59


]
File: NORCLogo_Short_Color.png Graphic file (type png)
<use NORCLogo_Short_Color.png>
Package pdftex.def Info: NORCLogo_Short_Color.png  used on input line 1221.
(pdftex.def)             Requested size: 77.59454pt x 17.07182pt.
 [60


]
File: NORCLogo_Short_Color.png Graphic file (type png)
<use NORCLogo_Short_Color.png>
Package pdftex.def Info: NORCLogo_Short_Color.png  used on input line 1221.
(pdftex.def)             Requested size: 77.59454pt x 17.07182pt.
 [61


]
File: NORCLogo_Short_Color.png Graphic file (type png)
<use NORCLogo_Short_Color.png>
Package pdftex.def Info: NORCLogo_Short_Color.png  used on input line 1221.
(pdftex.def)             Requested size: 77.59454pt x 17.07182pt.
 [62


]
File: NORCLogo_Short_Color.png Graphic file (type png)
<use NORCLogo_Short_Color.png>
Package pdftex.def Info: NORCLogo_Short_Color.png  used on input line 1221.
(pdftex.def)             Requested size: 77.59454pt x 17.07182pt.
 [63


]
\tf@nav=\write7
\openout7 = `ichps2023-kolenikov-svy.nav'.

\tf@toc=\write8
\openout8 = `ichps2023-kolenikov-svy.toc'.

\tf@snm=\write9
\openout9 = `ichps2023-kolenikov-svy.snm'.

 (ichps2023-kolenikov-svy.aux)
Package rerunfilecheck Info: File `ichps2023-kolenikov-svy.out' has not changed
.
(rerunfilecheck)             Checksum: B24C7CB114F8B761E50ACC1B8EA186B2;3051.
 ) 
Here is how much of TeX's memory you used:
 24207 strings out of 478338
 486301 string characters out of 2830092
 726214 words of memory out of 3000000
 41925 multiletter control sequences out of 15000+600000
 509677 words of font info for 96 fonts, out of 8000000 for 9000
 1141 hyphenation exceptions out of 8191
 128i,15n,122p,457b,681s stack positions out of 10000i,1000n,20000p,200000b,80000s
{C:/Users/kolenikov-stanislav/AppData/Local/Programs/MiKTeX/fonts/enc/dvips/r
oboto/rbto_5xgh2b.enc}{C:/Users/kolenikov-stanislav/AppData/Local/Programs/MiKT
eX/fonts/enc/dvips/roboto/rbto_ocbbsb.enc}{C:/Users/kolenikov-stanislav/AppData
/Local/Programs/MiKTeX/fonts/enc/dvips/roboto/rbto_h6xohf.enc}{C:/Users/kolenik
ov-stanislav/AppData/Local/Programs/MiKTeX/fonts/enc/dvips/roboto/rbto_schjax.e
nc}<C:/Users/kolenikov-stanislav/AppData/Local/Programs/MiKTeX/fonts/type1/goog
le/roboto/Roboto-Bold.pfb><C:/Users/kolenikov-stanislav/AppData/Local/Programs/
MiKTeX/fonts/type1/google/roboto/Roboto-Italic.pfb><C:/Users/kolenikov-stanisla
v/AppData/Local/Programs/MiKTeX/fonts/type1/google/roboto/Roboto-Regular.pfb><C
:/Users/kolenikov-stanislav/AppData/Local/Programs/MiKTeX/fonts/type1/public/am
sfonts/cm/cmex10.pfb><C:/Users/kolenikov-stanislav/AppData/Local/Programs/MiKTe
X/fonts/type1/public/amsfonts/cmextra/cmex8.pfb><C:/Users/kolenikov-stanislav/A
ppData/Local/Programs/MiKTeX/fonts/type1/public/amsfonts/cm/cmmi10.pfb><C:/User
s/kolenikov-stanislav/AppData/Local/Programs/MiKTeX/fonts/type1/public/amsfonts
/cm/cmr10.pfb><C:/Users/kolenikov-stanislav/AppData/Local/Programs/MiKTeX/fonts
/type1/public/amsfonts/cm/cmr8.pfb><C:/Users/kolenikov-stanislav/AppData/Local/
Programs/MiKTeX/fonts/type1/public/amsfonts/cm/cmss10.pfb><C:/Users/kolenikov-s
tanislav/AppData/Local/Programs/MiKTeX/fonts/type1/public/amsfonts/cm/cmss8.pfb
><C:/Users/kolenikov-stanislav/AppData/Local/Programs/MiKTeX/fonts/type1/public
/amsfonts/cm/cmsy10.pfb><C:/Users/kolenikov-stanislav/AppData/Local/Programs/Mi
KTeX/fonts/type1/public/amsfonts/cm/cmsy6.pfb><C:/Users/kolenikov-stanislav/App
Data/Local/Programs/MiKTeX/fonts/type1/public/amsfonts/cm/cmsy7.pfb><C:/Users/k
olenikov-stanislav/AppData/Local/Programs/MiKTeX/fonts/type1/public/amsfonts/cm
/cmsy8.pfb><C:/Users/kolenikov-stanislav/AppData/Local/Programs/MiKTeX/fonts/ty
pe1/public/amsfonts/cm/cmtt10.pfb><C:/Users/kolenikov-stanislav/AppData/Local/P
rograms/MiKTeX/fonts/type1/public/amsfonts/symbols/msam7.pfb><C:/Users/koleniko
v-stanislav/AppData/Local/Programs/MiKTeX/fonts/type1/public/amsfonts/symbols/m
sbm10.pfb>
Output written on ichps2023-kolenikov-svy.pdf (63 pages, 587946 bytes).
PDF statistics:
 719 PDF objects out of 1000 (max. 8388607)
 184 named destinations out of 1000 (max. 500000)
 201 words of extra memory for PDF output out of 10000 (max. 10000000)

