This is pdfTeX, Version 3.141592653-2.6-1.40.25 (MiKTeX 23.12) (preloaded format=pdflatex 2024.12.5)  5 DEC 2024 17:29
entering extended mode
 restricted \write18 enabled.
 %&-line parsing enabled.
**"C:/Users/kolenikov-stanislav/OneDrive - National Opinion Research Center/Pro
jects.2022/ICHPS.2023/svy/ichps2023-kolenikov-svy.tex"

(C:/Users/kolenikov-stanislav/OneDrive - National Opinion Research Center/Proje
cts.2022/ICHPS.2023/svy/ichps2023-kolenikov-svy.tex
LaTeX2e <2023-11-01>
L3 programming layer <2023-12-11>

(C:\Users\kolenikov-stanislav\AppData\Local\Programs\MiKTeX\tex/latex/beamer\be
amer.cls
Document Class: beamer 2023/05/15 v3.70 A class for typesetting presentations

(C:\Users\kolenikov-stanislav\AppData\Local\Programs\MiKTeX\tex/latex/beamer\be
amerbasemodes.sty
(C:\Users\kolenikov-stanislav\AppData\Local\Programs\MiKTeX\tex/latex/etoolbox\
etoolbox.sty
Package: etoolbox 2020/10/05 v2.5k e-TeX tools for LaTeX (JAW)
\etb@tempcnta=\count187
)
\beamer@tempbox=\box51
\beamer@tempcount=\count188
\c@beamerpauses=\count189

(C:\Users\kolenikov-stanislav\AppData\Local\Programs\MiKTeX\tex/latex/beamer\be
amerbasedecode.sty
\beamer@slideinframe=\count190
\beamer@minimum=\count191
\beamer@decode@box=\box52
)
\beamer@commentbox=\box53
\beamer@modecount=\count192
)
(C:\Users\kolenikov-stanislav\AppData\Local\Programs\MiKTeX\tex/generic/iftex\i
ftex.sty
Package: iftex 2022/02/03 v1.0f TeX engine tests
)
\headdp=\dimen140
\footheight=\dimen141
\sidebarheight=\dimen142
\beamer@tempdim=\dimen143
\beamer@finalheight=\dimen144
\beamer@animht=\dimen145
\beamer@animdp=\dimen146
\beamer@animwd=\dimen147
\beamer@leftmargin=\dimen148
\beamer@rightmargin=\dimen149
\beamer@leftsidebar=\dimen150
\beamer@rightsidebar=\dimen151
\beamer@boxsize=\dimen152
\beamer@vboxoffset=\dimen153
\beamer@descdefault=\dimen154
\beamer@descriptionwidth=\dimen155
\beamer@lastskip=\skip48
\beamer@areabox=\box54
\beamer@animcurrent=\box55
\beamer@animshowbox=\box56
\beamer@sectionbox=\box57
\beamer@logobox=\box58
\beamer@linebox=\box59
\beamer@sectioncount=\count193
\beamer@subsubsectionmax=\count194
\beamer@subsectionmax=\count195
\beamer@sectionmax=\count196
\beamer@totalheads=\count197
\beamer@headcounter=\count198
\beamer@partstartpage=\count199
\beamer@sectionstartpage=\count266
\beamer@subsectionstartpage=\count267
\beamer@animationtempa=\count268
\beamer@animationtempb=\count269
\beamer@xpos=\count270
\beamer@ypos=\count271
\beamer@ypos@offset=\count272
\beamer@showpartnumber=\count273
\beamer@currentsubsection=\count274
\beamer@coveringdepth=\count275
\beamer@sectionadjust=\count276
\beamer@toclastsection=\count277
\beamer@tocsectionnumber=\count278

(C:\Users\kolenikov-stanislav\AppData\Local\Programs\MiKTeX\tex/latex/beamer\be
amerbaseoptions.sty
(C:\Users\kolenikov-stanislav\AppData\Local\Programs\MiKTeX\tex/latex/graphics\
keyval.sty
Package: keyval 2022/05/29 v1.15 key=value parser (DPC)
\KV@toks@=\toks17
))
\beamer@paperwidth=\skip49
\beamer@paperheight=\skip50

(C:\Users\kolenikov-stanislav\AppData\Local\Programs\MiKTeX\tex/latex/geometry\
geometry.sty
Package: geometry 2020/01/02 v5.9 Page Geometry

(C:\Users\kolenikov-stanislav\AppData\Local\Programs\MiKTeX\tex/generic/iftex\i
fvtex.sty
Package: ifvtex 2019/10/25 v1.7 ifvtex legacy package. Use iftex instead.
)
\Gm@cnth=\count279
\Gm@cntv=\count280
\c@Gm@tempcnt=\count281
\Gm@bindingoffset=\dimen156
\Gm@wd@mp=\dimen157
\Gm@odd@mp=\dimen158
\Gm@even@mp=\dimen159
\Gm@layoutwidth=\dimen160
\Gm@layoutheight=\dimen161
\Gm@layouthoffset=\dimen162
\Gm@layoutvoffset=\dimen163
\Gm@dimlist=\toks18

(C:\Users\kolenikov-stanislav\AppData\Local\Programs\MiKTeX\tex/latex/geometry\
geometry.cfg))
(C:\Users\kolenikov-stanislav\AppData\Local\Programs\MiKTeX\tex/latex/pgf/math\
pgfmath.sty
(C:\Users\kolenikov-stanislav\AppData\Local\Programs\MiKTeX\tex/latex/pgf/utili
ties\pgfrcs.sty
(C:\Users\kolenikov-stanislav\AppData\Local\Programs\MiKTeX\tex/generic/pgf/uti
lities\pgfutil-common.tex
\pgfutil@everybye=\toks19
\pgfutil@tempdima=\dimen164
\pgfutil@tempdimb=\dimen165
)
(C:\Users\kolenikov-stanislav\AppData\Local\Programs\MiKTeX\tex/generic/pgf/uti
lities\pgfutil-latex.def
\pgfutil@abb=\box60
)
(C:\Users\kolenikov-stanislav\AppData\Local\Programs\MiKTeX\tex/generic/pgf/uti
lities\pgfrcs.code.tex
(C:\Users\kolenikov-stanislav\AppData\Local\Programs\MiKTeX\tex/generic/pgf\pgf
.revision.tex)
Package: pgfrcs 2023-01-15 v3.1.10 (3.1.10)
))
(C:\Users\kolenikov-stanislav\AppData\Local\Programs\MiKTeX\tex/latex/pgf/utili
ties\pgfkeys.sty
(C:\Users\kolenikov-stanislav\AppData\Local\Programs\MiKTeX\tex/generic/pgf/uti
lities\pgfkeys.code.tex
\pgfkeys@pathtoks=\toks20
\pgfkeys@temptoks=\toks21

(C:\Users\kolenikov-stanislav\AppData\Local\Programs\MiKTeX\tex/generic/pgf/uti
lities\pgfkeyslibraryfiltered.code.tex
\pgfkeys@tmptoks=\toks22
)))
(C:\Users\kolenikov-stanislav\AppData\Local\Programs\MiKTeX\tex/generic/pgf/mat
h\pgfmath.code.tex
(C:\Users\kolenikov-stanislav\AppData\Local\Programs\MiKTeX\tex/generic/pgf/mat
h\pgfmathutil.code.tex
\pgf@x=\dimen166
\pgf@xa=\dimen167
\pgf@xb=\dimen168
\pgf@xc=\dimen169
\pgf@y=\dimen170
\pgf@ya=\dimen171
\pgf@yb=\dimen172
\pgf@yc=\dimen173
\c@pgf@counta=\count282
\c@pgf@countb=\count283
\c@pgf@countc=\count284
\c@pgf@countd=\count285
)
(C:\Users\kolenikov-stanislav\AppData\Local\Programs\MiKTeX\tex/generic/pgf/mat
h\pgfmathparser.code.tex
\pgfmath@dimen=\dimen174
\pgfmath@count=\count286
\pgfmath@box=\box61
\pgfmath@toks=\toks23
\pgfmath@stack@operand=\toks24
\pgfmath@stack@operation=\toks25
)
(C:\Users\kolenikov-stanislav\AppData\Local\Programs\MiKTeX\tex/generic/pgf/mat
h\pgfmathfunctions.code.tex)
(C:\Users\kolenikov-stanislav\AppData\Local\Programs\MiKTeX\tex/generic/pgf/mat
h\pgfmathfunctions.basic.code.tex)
(C:\Users\kolenikov-stanislav\AppData\Local\Programs\MiKTeX\tex/generic/pgf/mat
h\pgfmathfunctions.trigonometric.code.tex)
(C:\Users\kolenikov-stanislav\AppData\Local\Programs\MiKTeX\tex/generic/pgf/mat
h\pgfmathfunctions.random.code.tex)
(C:\Users\kolenikov-stanislav\AppData\Local\Programs\MiKTeX\tex/generic/pgf/mat
h\pgfmathfunctions.comparison.code.tex)
(C:\Users\kolenikov-stanislav\AppData\Local\Programs\MiKTeX\tex/generic/pgf/mat
h\pgfmathfunctions.base.code.tex)
(C:\Users\kolenikov-stanislav\AppData\Local\Programs\MiKTeX\tex/generic/pgf/mat
h\pgfmathfunctions.round.code.tex)
(C:\Users\kolenikov-stanislav\AppData\Local\Programs\MiKTeX\tex/generic/pgf/mat
h\pgfmathfunctions.misc.code.tex)
(C:\Users\kolenikov-stanislav\AppData\Local\Programs\MiKTeX\tex/generic/pgf/mat
h\pgfmathfunctions.integerarithmetics.code.tex)
(C:\Users\kolenikov-stanislav\AppData\Local\Programs\MiKTeX\tex/generic/pgf/mat
h\pgfmathcalc.code.tex)
(C:\Users\kolenikov-stanislav\AppData\Local\Programs\MiKTeX\tex/generic/pgf/mat
h\pgfmathfloat.code.tex
\c@pgfmathroundto@lastzeros=\count287
)))
(C:\Users\kolenikov-stanislav\AppData\Local\Programs\MiKTeX\tex/latex/base\size
11.clo
File: size11.clo 2023/05/17 v1.4n Standard LaTeX file (size option)
)
(C:\Users\kolenikov-stanislav\AppData\Local\Programs\MiKTeX\tex/latex/pgf/basic
layer\pgfcore.sty
(C:\Users\kolenikov-stanislav\AppData\Local\Programs\MiKTeX\tex/latex/graphics\
graphicx.sty
Package: graphicx 2021/09/16 v1.2d Enhanced LaTeX Graphics (DPC,SPQR)

(C:\Users\kolenikov-stanislav\AppData\Local\Programs\MiKTeX\tex/latex/graphics\
graphics.sty
Package: graphics 2022/03/10 v1.4e Standard LaTeX Graphics (DPC,SPQR)

(C:\Users\kolenikov-stanislav\AppData\Local\Programs\MiKTeX\tex/latex/graphics\
trig.sty
Package: trig 2021/08/11 v1.11 sin cos tan (DPC)
)
(C:\Users\kolenikov-stanislav\AppData\Local\Programs\MiKTeX\tex/latex/graphics-
cfg\graphics.cfg
File: graphics.cfg 2016/06/04 v1.11 sample graphics configuration
)
Package graphics Info: Driver file: pdftex.def on input line 107.

(C:\Users\kolenikov-stanislav\AppData\Local\Programs\MiKTeX\tex/latex/graphics-
def\pdftex.def
File: pdftex.def 2022/09/22 v1.2b Graphics/color driver for pdftex
))
\Gin@req@height=\dimen175
\Gin@req@width=\dimen176
)
(C:\Users\kolenikov-stanislav\AppData\Local\Programs\MiKTeX\tex/latex/pgf/syste
mlayer\pgfsys.sty
(C:\Users\kolenikov-stanislav\AppData\Local\Programs\MiKTeX\tex/generic/pgf/sys
temlayer\pgfsys.code.tex
Package: pgfsys 2023-01-15 v3.1.10 (3.1.10)
\pgf@x=\dimen177
\pgf@y=\dimen178
\pgf@xa=\dimen179
\pgf@ya=\dimen180
\pgf@xb=\dimen181
\pgf@yb=\dimen182
\pgf@xc=\dimen183
\pgf@yc=\dimen184
\pgf@xd=\dimen185
\pgf@yd=\dimen186
\w@pgf@writea=\write3
\r@pgf@reada=\read2
\c@pgf@counta=\count288
\c@pgf@countb=\count289
\c@pgf@countc=\count290
\c@pgf@countd=\count291
\t@pgf@toka=\toks26
\t@pgf@tokb=\toks27
\t@pgf@tokc=\toks28
\pgf@sys@id@count=\count292

(C:\Users\kolenikov-stanislav\AppData\Local\Programs\MiKTeX\tex/generic/pgf/sys
temlayer\pgf.cfg
File: pgf.cfg 2023-01-15 v3.1.10 (3.1.10)
)
Driver file for pgf: pgfsys-pdftex.def

(C:\Users\kolenikov-stanislav\AppData\Local\Programs\MiKTeX\tex/generic/pgf/sys
temlayer\pgfsys-pdftex.def
File: pgfsys-pdftex.def 2023-01-15 v3.1.10 (3.1.10)

(C:\Users\kolenikov-stanislav\AppData\Local\Programs\MiKTeX\tex/generic/pgf/sys
temlayer\pgfsys-common-pdf.def
File: pgfsys-common-pdf.def 2023-01-15 v3.1.10 (3.1.10)
)))
(C:\Users\kolenikov-stanislav\AppData\Local\Programs\MiKTeX\tex/generic/pgf/sys
temlayer\pgfsyssoftpath.code.tex
File: pgfsyssoftpath.code.tex 2023-01-15 v3.1.10 (3.1.10)
\pgfsyssoftpath@smallbuffer@items=\count293
\pgfsyssoftpath@bigbuffer@items=\count294
)
(C:\Users\kolenikov-stanislav\AppData\Local\Programs\MiKTeX\tex/generic/pgf/sys
temlayer\pgfsysprotocol.code.tex
File: pgfsysprotocol.code.tex 2023-01-15 v3.1.10 (3.1.10)
))
(C:\Users\kolenikov-stanislav\AppData\Local\Programs\MiKTeX\tex/latex/xcolor\xc
olor.sty
Package: xcolor 2023/11/15 v3.01 LaTeX color extensions (UK)

(C:\Users\kolenikov-stanislav\AppData\Local\Programs\MiKTeX\tex/latex/graphics-
cfg\color.cfg
File: color.cfg 2016/01/02 v1.6 sample color configuration
)
Package xcolor Info: Driver file: pdftex.def on input line 274.

(C:\Users\kolenikov-stanislav\AppData\Local\Programs\MiKTeX\tex/latex/graphics\
mathcolor.ltx)
Package xcolor Info: Model `cmy' substituted by `cmy0' on input line 1350.
Package xcolor Info: Model `hsb' substituted by `rgb' on input line 1354.
Package xcolor Info: Model `RGB' extended on input line 1366.
Package xcolor Info: Model `HTML' substituted by `rgb' on input line 1368.
Package xcolor Info: Model `Hsb' substituted by `hsb' on input line 1369.
Package xcolor Info: Model `tHsb' substituted by `hsb' on input line 1370.
Package xcolor Info: Model `HSB' substituted by `hsb' on input line 1371.
Package xcolor Info: Model `Gray' substituted by `gray' on input line 1372.
Package xcolor Info: Model `wave' substituted by `hsb' on input line 1373.
)
(C:\Users\kolenikov-stanislav\AppData\Local\Programs\MiKTeX\tex/generic/pgf/bas
iclayer\pgfcore.code.tex
Package: pgfcore 2023-01-15 v3.1.10 (3.1.10)

(C:\Users\kolenikov-stanislav\AppData\Local\Programs\MiKTeX\tex/generic/pgf/mat
h\pgfint.code.tex)
(C:\Users\kolenikov-stanislav\AppData\Local\Programs\MiKTeX\tex/generic/pgf/bas
iclayer\pgfcorepoints.code.tex
File: pgfcorepoints.code.tex 2023-01-15 v3.1.10 (3.1.10)
\pgf@picminx=\dimen187
\pgf@picmaxx=\dimen188
\pgf@picminy=\dimen189
\pgf@picmaxy=\dimen190
\pgf@pathminx=\dimen191
\pgf@pathmaxx=\dimen192
\pgf@pathminy=\dimen193
\pgf@pathmaxy=\dimen194
\pgf@xx=\dimen195
\pgf@xy=\dimen196
\pgf@yx=\dimen197
\pgf@yy=\dimen198
\pgf@zx=\dimen199
\pgf@zy=\dimen256
)
(C:\Users\kolenikov-stanislav\AppData\Local\Programs\MiKTeX\tex/generic/pgf/bas
iclayer\pgfcorepathconstruct.code.tex
File: pgfcorepathconstruct.code.tex 2023-01-15 v3.1.10 (3.1.10)
\pgf@path@lastx=\dimen257
\pgf@path@lasty=\dimen258
)
(C:\Users\kolenikov-stanislav\AppData\Local\Programs\MiKTeX\tex/generic/pgf/bas
iclayer\pgfcorepathusage.code.tex
File: pgfcorepathusage.code.tex 2023-01-15 v3.1.10 (3.1.10)
\pgf@shorten@end@additional=\dimen259
\pgf@shorten@start@additional=\dimen260
)
(C:\Users\kolenikov-stanislav\AppData\Local\Programs\MiKTeX\tex/generic/pgf/bas
iclayer\pgfcorescopes.code.tex
File: pgfcorescopes.code.tex 2023-01-15 v3.1.10 (3.1.10)
\pgfpic=\box62
\pgf@hbox=\box63
\pgf@layerbox@main=\box64
\pgf@picture@serial@count=\count295
)
(C:\Users\kolenikov-stanislav\AppData\Local\Programs\MiKTeX\tex/generic/pgf/bas
iclayer\pgfcoregraphicstate.code.tex
File: pgfcoregraphicstate.code.tex 2023-01-15 v3.1.10 (3.1.10)
\pgflinewidth=\dimen261
)
(C:\Users\kolenikov-stanislav\AppData\Local\Programs\MiKTeX\tex/generic/pgf/bas
iclayer\pgfcoretransformations.code.tex
File: pgfcoretransformations.code.tex 2023-01-15 v3.1.10 (3.1.10)
\pgf@pt@x=\dimen262
\pgf@pt@y=\dimen263
\pgf@pt@temp=\dimen264
)
(C:\Users\kolenikov-stanislav\AppData\Local\Programs\MiKTeX\tex/generic/pgf/bas
iclayer\pgfcorequick.code.tex
File: pgfcorequick.code.tex 2023-01-15 v3.1.10 (3.1.10)
)
(C:\Users\kolenikov-stanislav\AppData\Local\Programs\MiKTeX\tex/generic/pgf/bas
iclayer\pgfcoreobjects.code.tex
File: pgfcoreobjects.code.tex 2023-01-15 v3.1.10 (3.1.10)
)
(C:\Users\kolenikov-stanislav\AppData\Local\Programs\MiKTeX\tex/generic/pgf/bas
iclayer\pgfcorepathprocessing.code.tex
File: pgfcorepathprocessing.code.tex 2023-01-15 v3.1.10 (3.1.10)
)
(C:\Users\kolenikov-stanislav\AppData\Local\Programs\MiKTeX\tex/generic/pgf/bas
iclayer\pgfcorearrows.code.tex
File: pgfcorearrows.code.tex 2023-01-15 v3.1.10 (3.1.10)
\pgfarrowsep=\dimen265
)
(C:\Users\kolenikov-stanislav\AppData\Local\Programs\MiKTeX\tex/generic/pgf/bas
iclayer\pgfcoreshade.code.tex
File: pgfcoreshade.code.tex 2023-01-15 v3.1.10 (3.1.10)
\pgf@max=\dimen266
\pgf@sys@shading@range@num=\count296
\pgf@shadingcount=\count297
)
(C:\Users\kolenikov-stanislav\AppData\Local\Programs\MiKTeX\tex/generic/pgf/bas
iclayer\pgfcoreimage.code.tex
File: pgfcoreimage.code.tex 2023-01-15 v3.1.10 (3.1.10)
)
(C:\Users\kolenikov-stanislav\AppData\Local\Programs\MiKTeX\tex/generic/pgf/bas
iclayer\pgfcoreexternal.code.tex
File: pgfcoreexternal.code.tex 2023-01-15 v3.1.10 (3.1.10)
\pgfexternal@startupbox=\box65
)
(C:\Users\kolenikov-stanislav\AppData\Local\Programs\MiKTeX\tex/generic/pgf/bas
iclayer\pgfcorelayers.code.tex
File: pgfcorelayers.code.tex 2023-01-15 v3.1.10 (3.1.10)
)
(C:\Users\kolenikov-stanislav\AppData\Local\Programs\MiKTeX\tex/generic/pgf/bas
iclayer\pgfcoretransparency.code.tex
File: pgfcoretransparency.code.tex 2023-01-15 v3.1.10 (3.1.10)
)
(C:\Users\kolenikov-stanislav\AppData\Local\Programs\MiKTeX\tex/generic/pgf/bas
iclayer\pgfcorepatterns.code.tex
File: pgfcorepatterns.code.tex 2023-01-15 v3.1.10 (3.1.10)
)
(C:\Users\kolenikov-stanislav\AppData\Local\Programs\MiKTeX\tex/generic/pgf/bas
iclayer\pgfcorerdf.code.tex
File: pgfcorerdf.code.tex 2023-01-15 v3.1.10 (3.1.10)
)))
(C:\Users\kolenikov-stanislav\AppData\Local\Programs\MiKTeX\tex/latex/pgf/utili
ties\xxcolor.sty
Package: xxcolor 2003/10/24 ver 0.1
\XC@nummixins=\count298
\XC@countmixins=\count299
)
(C:\Users\kolenikov-stanislav\AppData\Local\Programs\MiKTeX\tex/latex/base\atbe
gshi-ltx.sty
Package: atbegshi-ltx 2021/01/10 v1.0c Emulation of the original atbegshi
package with kernel methods
)
(C:\Users\kolenikov-stanislav\AppData\Local\Programs\MiKTeX\tex/latex/hyperref\
hyperref.sty
Package: hyperref 2023-11-26 v7.01g Hypertext links for LaTeX

(C:\Users\kolenikov-stanislav\AppData\Local\Programs\MiKTeX\tex/generic/infware
rr\infwarerr.sty
Package: infwarerr 2019/12/03 v1.5 Providing info/warning/error messages (HO)
)
(C:\Users\kolenikov-stanislav\AppData\Local\Programs\MiKTeX\tex/latex/kvsetkeys
\kvsetkeys.sty
Package: kvsetkeys 2022-10-05 v1.19 Key value parser (HO)
)
(C:\Users\kolenikov-stanislav\AppData\Local\Programs\MiKTeX\tex/generic/kvdefin
ekeys\kvdefinekeys.sty
Package: kvdefinekeys 2019-12-19 v1.6 Define keys (HO)
)
(C:\Users\kolenikov-stanislav\AppData\Local\Programs\MiKTeX\tex/generic/pdfesca
pe\pdfescape.sty
Package: pdfescape 2019/12/09 v1.15 Implements pdfTeX's escape features (HO)

(C:\Users\kolenikov-stanislav\AppData\Local\Programs\MiKTeX\tex/generic/ltxcmds
\ltxcmds.sty
Package: ltxcmds 2023-12-04 v1.26 LaTeX kernel commands for general use (HO)
)
(C:\Users\kolenikov-stanislav\AppData\Local\Programs\MiKTeX\tex/generic/pdftexc
mds\pdftexcmds.sty
Package: pdftexcmds 2020-06-27 v0.33 Utility functions of pdfTeX for LuaTeX (HO
)
Package pdftexcmds Info: \pdf@primitive is available.
Package pdftexcmds Info: \pdf@ifprimitive is available.
Package pdftexcmds Info: \pdfdraftmode found.
))
(C:\Users\kolenikov-stanislav\AppData\Local\Programs\MiKTeX\tex/latex/hycolor\h
ycolor.sty
Package: hycolor 2020-01-27 v1.10 Color options for hyperref/bookmark (HO)
)
(C:\Users\kolenikov-stanislav\AppData\Local\Programs\MiKTeX\tex/latex/letltxmac
ro\letltxmacro.sty
Package: letltxmacro 2019/12/03 v1.6 Let assignment for LaTeX macros (HO)
)
(C:\Users\kolenikov-stanislav\AppData\Local\Programs\MiKTeX\tex/latex/auxhook\a
uxhook.sty
Package: auxhook 2019-12-17 v1.6 Hooks for auxiliary files (HO)
)
(C:\Users\kolenikov-stanislav\AppData\Local\Programs\MiKTeX\tex/latex/hyperref\
nameref.sty
Package: nameref 2023-11-26 v2.56 Cross-referencing by name of section

(C:\Users\kolenikov-stanislav\AppData\Local\Programs\MiKTeX\tex/latex/refcount\
refcount.sty
Package: refcount 2019/12/15 v3.6 Data extraction from label references (HO)
)
(C:\Users\kolenikov-stanislav\AppData\Local\Programs\MiKTeX\tex/generic/gettitl
estring\gettitlestring.sty
Package: gettitlestring 2019/12/15 v1.6 Cleanup title references (HO)

(C:\Users\kolenikov-stanislav\AppData\Local\Programs\MiKTeX\tex/latex/kvoptions
\kvoptions.sty
Package: kvoptions 2022-06-15 v3.15 Key value format for package options (HO)
))
\c@section@level=\count300
)
\@linkdim=\dimen267
\Hy@linkcounter=\count301
\Hy@pagecounter=\count302

(C:\Users\kolenikov-stanislav\AppData\Local\Programs\MiKTeX\tex/latex/hyperref\
pd1enc.def
File: pd1enc.def 2023-11-26 v7.01g Hyperref: PDFDocEncoding definition (HO)
Now handling font encoding PD1 ...
... no UTF-8 mapping file for font encoding PD1
)
(C:\Users\kolenikov-stanislav\AppData\Local\Programs\MiKTeX\tex/generic/intcalc
\intcalc.sty
Package: intcalc 2019/12/15 v1.3 Expandable calculations with integers (HO)
)
\Hy@SavedSpaceFactor=\count303

(C:\Users\kolenikov-stanislav\AppData\Local\Programs\MiKTeX\tex/latex/hyperref\
puenc.def
File: puenc.def 2023-11-26 v7.01g Hyperref: PDF Unicode definition (HO)
Now handling font encoding PU ...
... no UTF-8 mapping file for font encoding PU
)
Package hyperref Info: Option `bookmarks' set `true' on input line 4064.
Package hyperref Info: Option `bookmarksopen' set `true' on input line 4064.
Package hyperref Info: Option `implicit' set `false' on input line 4064.
Package hyperref Info: Hyper figures OFF on input line 4181.
Package hyperref Info: Link nesting OFF on input line 4186.
Package hyperref Info: Hyper index ON on input line 4189.
Package hyperref Info: Plain pages OFF on input line 4196.
Package hyperref Info: Backreferencing OFF on input line 4201.
Package hyperref Info: Implicit mode OFF; no redefinition of LaTeX internals.
Package hyperref Info: Bookmarks ON on input line 4448.
\c@Hy@tempcnt=\count304

(C:\Users\kolenikov-stanislav\AppData\Local\Programs\MiKTeX\tex/latex/url\url.s
ty
\Urlmuskip=\muskip16
Package: url 2013/09/16  ver 3.4  Verb mode for urls, etc.
)
LaTeX Info: Redefining \url on input line 4786.
\XeTeXLinkMargin=\dimen268

(C:\Users\kolenikov-stanislav\AppData\Local\Programs\MiKTeX\tex/generic/bitset\
bitset.sty
Package: bitset 2019/12/09 v1.3 Handle bit-vector datatype (HO)

(C:\Users\kolenikov-stanislav\AppData\Local\Programs\MiKTeX\tex/generic/bigintc
alc\bigintcalc.sty
Package: bigintcalc 2019/12/15 v1.5 Expandable calculations on big integers (HO
)
))
\Fld@menulength=\count305
\Field@Width=\dimen269
\Fld@charsize=\dimen270
Package hyperref Info: Hyper figures OFF on input line 6065.
Package hyperref Info: Link nesting OFF on input line 6070.
Package hyperref Info: Hyper index ON on input line 6073.
Package hyperref Info: backreferencing OFF on input line 6080.
Package hyperref Info: Link coloring OFF on input line 6085.
Package hyperref Info: Link coloring with OCG OFF on input line 6090.
Package hyperref Info: PDF/A mode OFF on input line 6095.
\Hy@abspage=\count306


Package hyperref Message: Stopped early.

)
Package hyperref Info: Driver (autodetected): hpdftex.

(C:\Users\kolenikov-stanislav\AppData\Local\Programs\MiKTeX\tex/latex/hyperref\
hpdftex.def
File: hpdftex.def 2023-11-26 v7.01g Hyperref driver for pdfTeX

(C:\Users\kolenikov-stanislav\AppData\Local\Programs\MiKTeX\tex/latex/base\atve
ryend-ltx.sty
Package: atveryend-ltx 2020/08/19 v1.0a Emulation of the original atveryend pac
kage
with kernel methods
)
\Fld@listcount=\count307
\c@bookmark@seq@number=\count308

(C:\Users\kolenikov-stanislav\AppData\Local\Programs\MiKTeX\tex/latex/rerunfile
check\rerunfilecheck.sty
Package: rerunfilecheck 2022-07-10 v1.10 Rerun checks for auxiliary files (HO)

(C:\Users\kolenikov-stanislav\AppData\Local\Programs\MiKTeX\tex/generic/uniquec
ounter\uniquecounter.sty
Package: uniquecounter 2019/12/15 v1.4 Provide unlimited unique counter (HO)
)
Package uniquecounter Info: New unique counter `rerunfilecheck' on input line 2
85.
))
(C:\Users\kolenikov-stanislav\AppData\Local\Programs\MiKTeX\tex/latex/beamer\be
amerbaserequires.sty
(C:\Users\kolenikov-stanislav\AppData\Local\Programs\MiKTeX\tex/latex/beamer\be
amerbasecompatibility.sty)
(C:\Users\kolenikov-stanislav\AppData\Local\Programs\MiKTeX\tex/latex/beamer\be
amerbasefont.sty
(C:\Users\kolenikov-stanislav\AppData\Local\Programs\MiKTeX\tex/latex/amsfonts\
amssymb.sty
Package: amssymb 2013/01/14 v3.01 AMS font symbols

(C:\Users\kolenikov-stanislav\AppData\Local\Programs\MiKTeX\tex/latex/amsfonts\
amsfonts.sty
Package: amsfonts 2013/01/14 v3.01 Basic AMSFonts support
\@emptytoks=\toks29
\symAMSa=\mathgroup4
\symAMSb=\mathgroup5
LaTeX Font Info:    Redeclaring math symbol \hbar on input line 98.
LaTeX Font Info:    Overwriting math alphabet `\mathfrak' in version `bold'
(Font)                  U/euf/m/n --> U/euf/b/n on input line 106.
))
(C:\Users\kolenikov-stanislav\AppData\Local\Programs\MiKTeX\tex/latex/sansmatha
ccent\sansmathaccent.sty
Package: sansmathaccent 2020/01/31

(C:\Users\kolenikov-stanislav\AppData\Local\Programs\MiKTeX\tex/latex/koma-scri
pt\scrlfile.sty
Package: scrlfile 2023/07/07 v3.41 KOMA-Script package (file load hooks)

(C:\Users\kolenikov-stanislav\AppData\Local\Programs\MiKTeX\tex/latex/koma-scri
pt\scrlfile-hook.sty
Package: scrlfile-hook 2023/07/07 v3.41 KOMA-Script package (using LaTeX hooks)


(C:\Users\kolenikov-stanislav\AppData\Local\Programs\MiKTeX\tex/latex/koma-scri
pt\scrlogo.sty
Package: scrlogo 2023/07/07 v3.41 KOMA-Script package (logo)
)))))
(C:\Users\kolenikov-stanislav\AppData\Local\Programs\MiKTeX\tex/latex/beamer\be
amerbasetranslator.sty
(C:\Users\kolenikov-stanislav\AppData\Local\Programs\MiKTeX\tex/latex/translato
r\translator.sty
Package: translator 2021-05-31 v1.12d Easy translation of strings in LaTeX
))
(C:\Users\kolenikov-stanislav\AppData\Local\Programs\MiKTeX\tex/latex/beamer\be
amerbasemisc.sty)
(C:\Users\kolenikov-stanislav\AppData\Local\Programs\MiKTeX\tex/latex/beamer\be
amerbasetwoscreens.sty)
(C:\Users\kolenikov-stanislav\AppData\Local\Programs\MiKTeX\tex/latex/beamer\be
amerbaseoverlay.sty
\beamer@argscount=\count309
\beamer@lastskipcover=\skip51
\beamer@trivlistdepth=\count310
)
(C:\Users\kolenikov-stanislav\AppData\Local\Programs\MiKTeX\tex/latex/beamer\be
amerbasetitle.sty)
(C:\Users\kolenikov-stanislav\AppData\Local\Programs\MiKTeX\tex/latex/beamer\be
amerbasesection.sty
\c@lecture=\count311
\c@part=\count312
\c@section=\count313
\c@subsection=\count314
\c@subsubsection=\count315
)
(C:\Users\kolenikov-stanislav\AppData\Local\Programs\MiKTeX\tex/latex/beamer\be
amerbaseframe.sty
\beamer@framebox=\box66
\beamer@frametitlebox=\box67
\beamer@zoombox=\box68
\beamer@zoomcount=\count316
\beamer@zoomframecount=\count317
\beamer@frametextheight=\dimen271
\c@subsectionslide=\count318
\beamer@frametopskip=\skip52
\beamer@framebottomskip=\skip53
\beamer@frametopskipautobreak=\skip54
\beamer@framebottomskipautobreak=\skip55
\beamer@envbody=\toks30
\framewidth=\dimen272
\c@framenumber=\count319
)
(C:\Users\kolenikov-stanislav\AppData\Local\Programs\MiKTeX\tex/latex/beamer\be
amerbaseverbatim.sty
\beamer@verbatimfileout=\write4
)
(C:\Users\kolenikov-stanislav\AppData\Local\Programs\MiKTeX\tex/latex/beamer\be
amerbaseframesize.sty
\beamer@splitbox=\box69
\beamer@autobreakcount=\count320
\beamer@autobreaklastheight=\dimen273
\beamer@frametitletoks=\toks31
\beamer@framesubtitletoks=\toks32
)
(C:\Users\kolenikov-stanislav\AppData\Local\Programs\MiKTeX\tex/latex/beamer\be
amerbaseframecomponents.sty
\beamer@footins=\box70
)
(C:\Users\kolenikov-stanislav\AppData\Local\Programs\MiKTeX\tex/latex/beamer\be
amerbasecolor.sty)
(C:\Users\kolenikov-stanislav\AppData\Local\Programs\MiKTeX\tex/latex/beamer\be
amerbasenotes.sty
\beamer@frameboxcopy=\box71
)
(C:\Users\kolenikov-stanislav\AppData\Local\Programs\MiKTeX\tex/latex/beamer\be
amerbasetoc.sty)
(C:\Users\kolenikov-stanislav\AppData\Local\Programs\MiKTeX\tex/latex/beamer\be
amerbasetemplates.sty
\beamer@sbttoks=\toks33

(C:\Users\kolenikov-stanislav\AppData\Local\Programs\MiKTeX\tex/latex/beamer\be
amerbaseauxtemplates.sty
(C:\Users\kolenikov-stanislav\AppData\Local\Programs\MiKTeX\tex/latex/beamer\be
amerbaseboxes.sty
\bmb@box=\box72
\bmb@colorbox=\box73
\bmb@boxwidth=\dimen274
\bmb@boxheight=\dimen275
\bmb@prevheight=\dimen276
\bmb@temp=\dimen277
\bmb@dima=\dimen278
\bmb@dimb=\dimen279
\bmb@prevheight=\dimen280
)
\beamer@blockheadheight=\dimen281
))
(C:\Users\kolenikov-stanislav\AppData\Local\Programs\MiKTeX\tex/latex/beamer\be
amerbaselocalstructure.sty
(C:\Users\kolenikov-stanislav\AppData\Local\Programs\MiKTeX\tex/latex/tools\enu
merate.sty
Package: enumerate 2023/07/04 v3.00 enumerate extensions (DPC)
\@enLab=\toks34
)
\beamer@bibiconwidth=\skip56
\c@figure=\count321
\c@table=\count322
\abovecaptionskip=\skip57
\belowcaptionskip=\skip58
)
(C:\Users\kolenikov-stanislav\AppData\Local\Programs\MiKTeX\tex/latex/beamer\be
amerbasenavigation.sty
(C:\Users\kolenikov-stanislav\AppData\Local\Programs\MiKTeX\tex/latex/beamer\be
amerbasenavigationsymbols.tex)
\beamer@section@min@dim=\dimen282
)
(C:\Users\kolenikov-stanislav\AppData\Local\Programs\MiKTeX\tex/latex/beamer\be
amerbasetheorems.sty
(C:\Users\kolenikov-stanislav\AppData\Local\Programs\MiKTeX\tex/latex/amsmath\a
msmath.sty
Package: amsmath 2023/05/13 v2.17o AMS math features
\@mathmargin=\skip59

For additional information on amsmath, use the `?' option.

(C:\Users\kolenikov-stanislav\AppData\Local\Programs\MiKTeX\tex/latex/amsmath\a
mstext.sty
Package: amstext 2021/08/26 v2.01 AMS text

(C:\Users\kolenikov-stanislav\AppData\Local\Programs\MiKTeX\tex/latex/amsmath\a
msgen.sty
File: amsgen.sty 1999/11/30 v2.0 generic functions
\@emptytoks=\toks35
\ex@=\dimen283
))
(C:\Users\kolenikov-stanislav\AppData\Local\Programs\MiKTeX\tex/latex/amsmath\a
msbsy.sty
Package: amsbsy 1999/11/29 v1.2d Bold Symbols
\pmbraise@=\dimen284
)
(C:\Users\kolenikov-stanislav\AppData\Local\Programs\MiKTeX\tex/latex/amsmath\a
msopn.sty
Package: amsopn 2022/04/08 v2.04 operator names
)
\inf@bad=\count323
LaTeX Info: Redefining \frac on input line 234.
\uproot@=\count324
\leftroot@=\count325
LaTeX Info: Redefining \overline on input line 399.
LaTeX Info: Redefining \colon on input line 410.
\classnum@=\count326
\DOTSCASE@=\count327
LaTeX Info: Redefining \ldots on input line 496.
LaTeX Info: Redefining \dots on input line 499.
LaTeX Info: Redefining \cdots on input line 620.
\Mathstrutbox@=\box74
\strutbox@=\box75
LaTeX Info: Redefining \big on input line 722.
LaTeX Info: Redefining \Big on input line 723.
LaTeX Info: Redefining \bigg on input line 724.
LaTeX Info: Redefining \Bigg on input line 725.
\big@size=\dimen285
LaTeX Font Info:    Redeclaring font encoding OML on input line 743.
LaTeX Font Info:    Redeclaring font encoding OMS on input line 744.
\macc@depth=\count328
LaTeX Info: Redefining \bmod on input line 905.
LaTeX Info: Redefining \pmod on input line 910.
LaTeX Info: Redefining \smash on input line 940.
LaTeX Info: Redefining \relbar on input line 970.
LaTeX Info: Redefining \Relbar on input line 971.
\c@MaxMatrixCols=\count329
\dotsspace@=\muskip17
\c@parentequation=\count330
\dspbrk@lvl=\count331
\tag@help=\toks36
\row@=\count332
\column@=\count333
\maxfields@=\count334
\andhelp@=\toks37
\eqnshift@=\dimen286
\alignsep@=\dimen287
\tagshift@=\dimen288
\tagwidth@=\dimen289
\totwidth@=\dimen290
\lineht@=\dimen291
\@envbody=\toks38
\multlinegap=\skip60
\multlinetaggap=\skip61
\mathdisplay@stack=\toks39
LaTeX Info: Redefining \[ on input line 2953.
LaTeX Info: Redefining \] on input line 2954.
)
(C:\Users\kolenikov-stanislav\AppData\Local\Programs\MiKTeX\tex/latex/amscls\am
sthm.sty
Package: amsthm 2020/05/29 v2.20.6
\thm@style=\toks40
\thm@bodyfont=\toks41
\thm@headfont=\toks42
\thm@notefont=\toks43
\thm@headpunct=\toks44
\thm@preskip=\skip62
\thm@postskip=\skip63
\thm@headsep=\skip64
\dth@everypar=\toks45
)
\c@theorem=\count335
)
(C:\Users\kolenikov-stanislav\AppData\Local\Programs\MiKTeX\tex/latex/beamer\be
amerbasethemes.sty))
(C:\Users\kolenikov-stanislav\AppData\Local\Programs\MiKTeX\tex/latex/beamer\be
amerthemedefault.sty
(C:\Users\kolenikov-stanislav\AppData\Local\Programs\MiKTeX\tex/latex/beamer\be
amerfontthemedefault.sty)
(C:\Users\kolenikov-stanislav\AppData\Local\Programs\MiKTeX\tex/latex/beamer\be
amercolorthemedefault.sty)
(C:\Users\kolenikov-stanislav\AppData\Local\Programs\MiKTeX\tex/latex/beamer\be
amerinnerthemedefault.sty
\beamer@dima=\dimen292
\beamer@dimb=\dimen293
)
(C:\Users\kolenikov-stanislav\AppData\Local\Programs\MiKTeX\tex/latex/beamer\be
amerouterthemedefault.sty)))
(C:\Users\kolenikov-stanislav\AppData\Local\Programs\MiKTeX\tex/latex/pdfpages\
pdfpages.sty
Package: pdfpages 2024/10/28 v0.6c Insert pages of external PDF documents (AM)

(C:\Users\kolenikov-stanislav\AppData\Local\Programs\MiKTeX\tex/latex/base\ifth
en.sty
Package: ifthen 2022/04/13 v1.1d Standard LaTeX ifthen package (DPC)
)
(C:\Users\kolenikov-stanislav\AppData\Local\Programs\MiKTeX\tex/latex/tools\cal
c.sty
Package: calc 2023/07/08 v4.3 Infix arithmetic (KKT,FJ)
\calc@Acount=\count336
\calc@Bcount=\count337
\calc@Adimen=\dimen294
\calc@Bdimen=\dimen295
\calc@Askip=\skip65
\calc@Bskip=\skip66
LaTeX Info: Redefining \setlength on input line 80.
LaTeX Info: Redefining \addtolength on input line 81.
\calc@Ccount=\count338
\calc@Cskip=\skip67
)
(C:\Users\kolenikov-stanislav\AppData\Local\Programs\MiKTeX\tex/latex/eso-pic\e
so-pic.sty
Package: eso-pic 2023/05/03 v3.0c eso-pic (RN)
\ESO@tempdima=\dimen296
\ESO@tempdimb=\dimen297
)
\AM@pagewidth=\dimen298
\AM@pageheight=\dimen299
\AM@fboxrule=\dimen300

(C:\Users\kolenikov-stanislav\AppData\Local\Programs\MiKTeX\tex/latex/pdfpages\
pppdftex.def
File: pppdftex.def 2024/10/28 v0.6c Pdfpages driver for pdfTeX (AM)
)
\pdfpages@includegraphics@status=\count339
\AM@pagebox=\box76
\AM@global@opts=\toks46
\AM@pagecnt=\count340
\AM@toc@title=\toks47
\AM@lof@heading=\toks48
\c@AM@survey=\count341
\AM@templatesizebox=\box77
)
! Undefined control sequence.
<recently read> \pgfpagesuselayout 
                                   
l.8 \pgfpagesuselayout
                      {2 on 1}[letter,border shrink=5mm]
? q
OK, entering \batchmode...

! LaTeX Error: Missing \begin{document}.

See the LaTeX manual or LaTeX Companion for explanation.
Type  H <return>  for immediate help.
 ...                                              
                                                  
l.8 \pgfpagesuselayout{2
                         on 1}[letter,border shrink=5mm]
You're in trouble here.  Try typing  <return>  to proceed.
If that doesn't work, type  X <return>  to quit.


(C:/Users/kolenikov-stanislav/OneDrive - National Opinion Research Center/Proje
cts.2022/ICHPS.2023/svy\beamercolorthemenorclight.sty)
(C:\Users\kolenikov-stanislav\AppData\Local\Programs\MiKTeX\tex/latex/beamer\be
amerthemeboadilla.sty
(C:\Users\kolenikov-stanislav\AppData\Local\Programs\MiKTeX\tex/latex/beamer\be
amercolorthemerose.sty)
(C:\Users\kolenikov-stanislav\AppData\Local\Programs\MiKTeX\tex/latex/beamer\be
amerinnerthemerounded.sty)
(C:\Users\kolenikov-stanislav\AppData\Local\Programs\MiKTeX\tex/latex/beamer\be
amercolorthemedolphin.sty)
(C:\Users\kolenikov-stanislav\AppData\Local\Programs\MiKTeX\tex/latex/beamer\be
amerouterthemeinfolines.sty))
(C:\Users\kolenikov-stanislav\AppData\Local\Programs\MiKTeX\tex/latex/natbib\na
tbib.sty
Package: natbib 2010/09/13 8.31b (PWD, AO)
\bibhang=\skip68
\bibsep=\skip69
LaTeX Info: Redefining \cite on input line 694.
\c@NAT@ctr=\count342
)
(C:\Users\kolenikov-stanislav\AppData\Local\Programs\MiKTeX\tex/latex/comment\c
omment.sty
\CommentStream=\write5
 Excluding comment 'comment')
(C:\Users\kolenikov-stanislav\AppData\Local\Programs\MiKTeX\tex/latex/roboto\ro
boto.sty
Package: roboto 2022/09/10 (Bob Tennent) Supports Roboto fonts for all LaTeX en
gines.

(C:\Users\kolenikov-stanislav\AppData\Local\Programs\MiKTeX\tex/generic/iftex\i
fxetex.sty
Package: ifxetex 2019/10/25 v0.7 ifxetex legacy package. Use iftex instead.
)
(C:\Users\kolenikov-stanislav\AppData\Local\Programs\MiKTeX\tex/generic/iftex\i
fluatex.sty
Package: ifluatex 2019/10/25 v1.5 ifluatex legacy package. Use iftex instead.
)
(C:\Users\kolenikov-stanislav\AppData\Local\Programs\MiKTeX\tex/latex/xkeyval\x
keyval.sty
Package: xkeyval 2022/06/16 v2.9 package option processing (HA)

(C:\Users\kolenikov-stanislav\AppData\Local\Programs\MiKTeX\tex/generic/xkeyval
\xkeyval.tex
(C:\Users\kolenikov-stanislav\AppData\Local\Programs\MiKTeX\tex/generic/xkeyval
\xkvutils.tex
\XKV@toks=\toks49
\XKV@tempa@toks=\toks50
)
\XKV@depth=\count343
File: xkeyval.tex 2014/12/03 v2.7a key=value parser (HA)
))
(C:\Users\kolenikov-stanislav\AppData\Local\Programs\MiKTeX\tex/latex/base\text
comp.sty
Package: textcomp 2020/02/02 v2.0n Standard LaTeX package
)
(C:\Users\kolenikov-stanislav\AppData\Local\Programs\MiKTeX\tex/latex/base\font
enc.sty
Package: fontenc 2021/04/29 v2.0v Standard LaTeX package
)
(C:\Users\kolenikov-stanislav\AppData\Local\Programs\MiKTeX\tex/latex/fontaxes\
fontaxes.sty
Package: fontaxes 2020/07/21 v1.0e Font selection axes
LaTeX Info: Redefining \upshape on input line 29.
LaTeX Info: Redefining \itshape on input line 31.
LaTeX Info: Redefining \slshape on input line 33.
LaTeX Info: Redefining \swshape on input line 35.
LaTeX Info: Redefining \scshape on input line 37.
LaTeX Info: Redefining \sscshape on input line 39.
LaTeX Info: Redefining \ulcshape on input line 41.
LaTeX Info: Redefining \textsw on input line 47.
LaTeX Info: Redefining \textssc on input line 48.
LaTeX Info: Redefining \textulc on input line 49.
))
LaTeX Font Info:    Trying to load font information for OT1+Roboto-LF on input 
line 21.

(C:\Users\kolenikov-stanislav\AppData\Local\Programs\MiKTeX\tex/latex/roboto\ot
1roboto-lf.fd
File: OT1Roboto-LF.fd 2019/12/11 (autoinst) Font definitions for OT1/Roboto-LF.

)
LaTeX Font Info:    Font shape `OT1/Roboto-LF/m/n' aliased to
(Font)              `OT1/Roboto-LF/regular/n' on input line 21.
LaTeX Font Info:    Font shape `OT1/Roboto-LF/regular/n' will be
(Font)              scaled to size 10.95pt on input line 21.

(C:\Users\kolenikov-stanislav\AppData\Local\Programs\MiKTeX\tex/latex/l3backend
\l3backend-pdftex.def
File: l3backend-pdftex.def 2023-11-09 L3 backend support: PDF output (pdfTeX)
\l__color_backend_stack_int=\count344
\l__pdf_internal_box=\box78
)
(C:/Users/kolenikov-stanislav/OneDrive - National Opinion Research Center/Proje
cts.2022/ICHPS.2023/svy\ichps2023-kolenikov-svy.aux)
\openout1 = `ichps2023-kolenikov-svy.aux'.

LaTeX Font Info:    Checking defaults for OML/cmm/m/it on input line 21.
LaTeX Font Info:    ... okay on input line 21.
LaTeX Font Info:    Checking defaults for OMS/cmsy/m/n on input line 21.
LaTeX Font Info:    ... okay on input line 21.
LaTeX Font Info:    Checking defaults for OT1/cmr/m/n on input line 21.
LaTeX Font Info:    ... okay on input line 21.
LaTeX Font Info:    Checking defaults for T1/cmr/m/n on input line 21.
LaTeX Font Info:    ... okay on input line 21.
LaTeX Font Info:    Checking defaults for TS1/cmr/m/n on input line 21.
LaTeX Font Info:    ... okay on input line 21.
LaTeX Font Info:    Checking defaults for OMX/cmex/m/n on input line 21.
LaTeX Font Info:    ... okay on input line 21.
LaTeX Font Info:    Checking defaults for U/cmr/m/n on input line 21.
LaTeX Font Info:    ... okay on input line 21.
LaTeX Font Info:    Checking defaults for PD1/pdf/m/n on input line 21.
LaTeX Font Info:    ... okay on input line 21.
LaTeX Font Info:    Checking defaults for PU/pdf/m/n on input line 21.
LaTeX Font Info:    ... okay on input line 21.
*geometry* driver: auto-detecting
*geometry* detected driver: pdftex
*geometry* verbose mode - [ preamble ] result:
* driver: pdftex
* paper: custom
* layout: <same size as paper>
* layoutoffset:(h,v)=(0.0pt,0.0pt)
* modes: includehead includefoot 
* h-part:(L,W,R)=(10.95003pt, 342.2953pt, 10.95003pt)
* v-part:(T,H,B)=(0.0pt, 273.14662pt, 0.0pt)
* \paperwidth=364.19536pt
* \paperheight=273.14662pt
* \textwidth=342.2953pt
* \textheight=244.6939pt
* \oddsidemargin=-61.31996pt
* \evensidemargin=-61.31996pt
* \topmargin=-72.26999pt
* \headheight=14.22636pt
* \headsep=0.0pt
* \topskip=11.0pt
* \footskip=14.22636pt
* \marginparwidth=4.0pt
* \marginparsep=10.0pt
* \columnsep=10.0pt
* \skip\footins=10.0pt plus 4.0pt minus 2.0pt
* \hoffset=0.0pt
* \voffset=0.0pt
* \mag=1000
* \@twocolumnfalse
* \@twosidefalse
* \@mparswitchfalse
* \@reversemarginfalse
* (1in=72.27pt=25.4mm, 1cm=28.453pt)


(C:\Users\kolenikov-stanislav\AppData\Local\Programs\MiKTeX\tex/context/base/mk
ii\supp-pdf.mkii
[Loading MPS to PDF converter (version 2006.09.02).]
\scratchcounter=\count345
\scratchdimen=\dimen301
\scratchbox=\box79
\nofMPsegments=\count346
\nofMParguments=\count347
\everyMPshowfont=\toks51
\MPscratchCnt=\count348
\MPscratchDim=\dimen302
\MPnumerator=\count349
\makeMPintoPDFobject=\count350
\everyMPtoPDFconversion=\toks52
)
(C:\Users\kolenikov-stanislav\AppData\Local\Programs\MiKTeX\tex/latex/epstopdf-
pkg\epstopdf-base.sty
Package: epstopdf-base 2020-01-24 v2.11 Base part for package epstopdf
Package epstopdf-base Info: Redefining graphics rule for `.eps' on input line 4
85.

(C:\Users\kolenikov-stanislav\AppData\Local\Programs\MiKTeX\tex/latex/00miktex\
epstopdf-sys.cfg
File: epstopdf-sys.cfg 2021/03/18 v2.0 Configuration of epstopdf for MiKTeX
))
Package hyperref Info: Link coloring OFF on input line 21.

(C:/Users/kolenikov-stanislav/OneDrive - National Opinion Research Center/Proje
cts.2022/ICHPS.2023/svy\ichps2023-kolenikov-svy.out)
(C:/Users/kolenikov-stanislav/OneDrive - National Opinion Research Center/Proje
cts.2022/ICHPS.2023/svy\ichps2023-kolenikov-svy.out)
\@outlinefile=\write6
\openout6 = `ichps2023-kolenikov-svy.out'.

LaTeX Font Info:    Overwriting symbol font `operators' in version `normal'
(Font)                  OT1/cmr/m/n --> OT1/cmss/m/n on input line 21.
LaTeX Font Info:    Overwriting symbol font `operators' in version `bold'
(Font)                  OT1/cmr/bx/n --> OT1/cmss/b/n on input line 21.
\symnumbers=\mathgroup6
\sympureletters=\mathgroup7
LaTeX Font Info:    Overwriting math alphabet `\mathrm' in version `normal'
(Font)                  OT1/cmss/m/n --> OT1/cmr/m/n on input line 21.
LaTeX Font Info:    Redeclaring math alphabet \mathbf on input line 21.
LaTeX Font Info:    Overwriting math alphabet `\mathbf' in version `normal'
(Font)                  OT1/cmr/bx/n --> OT1/Roboto-LF/b/n on input line 21.
LaTeX Font Info:    Overwriting math alphabet `\mathbf' in version `bold'
(Font)                  OT1/cmr/bx/n --> OT1/Roboto-LF/b/n on input line 21.
LaTeX Font Info:    Redeclaring math alphabet \mathsf on input line 21.
LaTeX Font Info:    Overwriting math alphabet `\mathsf' in version `normal'
(Font)                  OT1/cmss/m/n --> OT1/Roboto-LF/m/n on input line 21.
LaTeX Font Info:    Overwriting math alphabet `\mathsf' in version `bold'
(Font)                  OT1/cmss/bx/n --> OT1/Roboto-LF/m/n on input line 21.
LaTeX Font Info:    Redeclaring math alphabet \mathit on input line 21.
LaTeX Font Info:    Overwriting math alphabet `\mathit' in version `normal'
(Font)                  OT1/cmr/m/it --> OT1/Roboto-LF/m/it on input line 21.
LaTeX Font Info:    Overwriting math alphabet `\mathit' in version `bold'
(Font)                  OT1/cmr/bx/it --> OT1/Roboto-LF/m/it on input line 21.
LaTeX Font Info:    Redeclaring math alphabet \mathtt on input line 21.
LaTeX Font Info:    Overwriting math alphabet `\mathtt' in version `normal'
(Font)                  OT1/cmtt/m/n --> OT1/cmtt/m/n on input line 21.
LaTeX Font Info:    Overwriting math alphabet `\mathtt' in version `bold'
(Font)                  OT1/cmtt/m/n --> OT1/cmtt/m/n on input line 21.
LaTeX Font Info:    Overwriting symbol font `numbers' in version `bold'
(Font)                  OT1/Roboto-LF/m/n --> OT1/Roboto-LF/b/n on input line 2
1.
LaTeX Font Info:    Overwriting symbol font `pureletters' in version `bold'
(Font)                  OT1/Roboto-LF/m/it --> OT1/Roboto-LF/b/it on input line
 21.
LaTeX Font Info:    Overwriting math alphabet `\mathrm' in version `bold'
(Font)                  OT1/cmss/b/n --> OT1/cmr/b/n on input line 21.
LaTeX Font Info:    Overwriting math alphabet `\mathbf' in version `bold'
(Font)                  OT1/Roboto-LF/b/n --> OT1/Roboto-LF/b/n on input line 2
1.
LaTeX Font Info:    Overwriting math alphabet `\mathsf' in version `bold'
(Font)                  OT1/Roboto-LF/m/n --> OT1/Roboto-LF/b/n on input line 2
1.
LaTeX Font Info:    Overwriting math alphabet `\mathit' in version `bold'
(Font)                  OT1/Roboto-LF/m/it --> OT1/Roboto-LF/b/it on input line
 21.
LaTeX Font Info:    Overwriting math alphabet `\mathtt' in version `bold'
(Font)                  OT1/cmtt/m/n --> OT1/cmtt/b/n on input line 21.

(C:\Users\kolenikov-stanislav\AppData\Local\Programs\MiKTeX\tex/latex/translato
r\translator-basic-dictionary-English.dict
Dictionary: translator-basic-dictionary, Language: English 
)
(C:\Users\kolenikov-stanislav\AppData\Local\Programs\MiKTeX\tex/latex/translato
r\translator-bibliography-dictionary-English.dict
Dictionary: translator-bibliography-dictionary, Language: English 
)
(C:\Users\kolenikov-stanislav\AppData\Local\Programs\MiKTeX\tex/latex/translato
r\translator-environment-dictionary-English.dict
Dictionary: translator-environment-dictionary, Language: English 
)
(C:\Users\kolenikov-stanislav\AppData\Local\Programs\MiKTeX\tex/latex/translato
r\translator-months-dictionary-English.dict
Dictionary: translator-months-dictionary, Language: English 
)
(C:\Users\kolenikov-stanislav\AppData\Local\Programs\MiKTeX\tex/latex/translato
r\translator-numbers-dictionary-English.dict
Dictionary: translator-numbers-dictionary, Language: English 
)
(C:\Users\kolenikov-stanislav\AppData\Local\Programs\MiKTeX\tex/latex/translato
r\translator-theorem-dictionary-English.dict
Dictionary: translator-theorem-dictionary, Language: English 
)
(C:\Users\kolenikov-stanislav\AppData\Local\Programs\MiKTeX\tex/latex/pdflscape
\pdflscape.sty
Package: pdflscape 2022-10-27 v0.13 Display of landscape pages in PDF

(C:\Users\kolenikov-stanislav\AppData\Local\Programs\MiKTeX\tex/latex/pdflscape
\pdflscape-nometadata.sty
Package: pdflscape-nometadata 2022-10-28 v0.13 Display of landscape pages in PD
F (HO)

(C:\Users\kolenikov-stanislav\AppData\Local\Programs\MiKTeX\tex/latex/graphics\
lscape.sty
Package: lscape 2020/05/28 v3.02 Landscape Pages (DPC)
)
Package pdflscape Info: Auto-detected driver: pdftex on input line 81.
))
\c@mv@tabular=\count351
\c@mv@boldtabular=\count352

(C:/Users/kolenikov-stanislav/OneDrive - National Opinion Research Center/Proje
cts.2022/ICHPS.2023/svy\ichps2023-kolenikov-svy.nav)
LaTeX Font Info:    Font shape `OT1/Roboto-LF/m/n' aliased to
(Font)              `OT1/Roboto-LF/regular/n' on input line 21.
LaTeX Font Info:    Font shape `OT1/Roboto-LF/regular/n' will be
(Font)              scaled to size 6.0pt on input line 21.

Package hyperref Warning: Option `pdfauthor' has already been used,
(hyperref)                setting the option has no effect on input line 24.

LaTeX Font Info:    Font shape `OT1/Roboto-LF/b/n' aliased to
(Font)              `OT1/Roboto-LF/bold/n' on input line 39.
LaTeX Font Info:    Font shape `OT1/Roboto-LF/bold/n' will be
(Font)              scaled to size 6.0pt on input line 39.
LaTeX Font Info:    Font shape `OT1/Roboto-LF/m/n' aliased to
(Font)              `OT1/Roboto-LF/regular/n' on input line 39.
LaTeX Font Info:    Font shape `OT1/Roboto-LF/regular/n' will be
(Font)              scaled to size 14.4pt on input line 39.
LaTeX Font Info:    Font shape `OT1/Roboto-LF/b/n' aliased to
(Font)              `OT1/Roboto-LF/bold/n' on input line 39.
LaTeX Font Info:    Font shape `OT1/Roboto-LF/bold/n' will be
(Font)              scaled to size 14.4pt on input line 39.
LaTeX Font Info:    Font shape `OT1/Roboto-LF/m/n' aliased to
(Font)              `OT1/Roboto-LF/regular/n' on input line 39.
LaTeX Font Info:    Font shape `OT1/Roboto-LF/regular/n' will be
(Font)              scaled to size 8.0pt on input line 39.

Overfull \vbox (14.73749pt too high) has occurred while \output is active []

LaTeX Font Info:    Font shape `OT1/Roboto-LF/m/n' aliased to
(Font)              `OT1/Roboto-LF/regular/n' on input line 39.
LaTeX Font Info:    Font shape `OT1/Roboto-LF/regular/n' will be
(Font)              scaled to size 4.0pt on input line 39.
<NORCLogo_Short_Color.png, id=86, 1254.6875pt x 276.03125pt>
File: NORCLogo_Short_Color.png Graphic file (type png)
<use NORCLogo_Short_Color.png>
Package pdftex.def Info: NORCLogo_Short_Color.png  used on input line 39.
(pdftex.def)             Requested size: 51.72969pt x 11.38092pt.
 [1

{C:/Users/kolenikov-stanislav/AppData/Local/MiKTeX/fonts/map/pdftex/pdftex.map}
{C:/Users/kolenikov-stanislav/AppData/Local/Programs/MiKTeX/fonts/enc/dvips/rob
oto/rbto_schjax.enc} <C:/Users/kolenikov-stanislav/OneDrive - National Opinion 
Research Center/Projects.2022/ICHPS.2023/svy/NORCLogo_Short_Color.png>]
File: NORCLogo_Short_Color.png Graphic file (type png)
<use NORCLogo_Short_Color.png>
Package pdftex.def Info: NORCLogo_Short_Color.png  used on input line 63.
(pdftex.def)             Requested size: 51.72969pt x 11.38092pt.
 [2

]
LaTeX Font Info:    Font shape `OT1/Roboto-LF/m/n' aliased to
(Font)              `OT1/Roboto-LF/regular/n' on input line 85.
LaTeX Font Info:    Font shape `OT1/Roboto-LF/regular/n' will be
(Font)              scaled to size 10.0pt on input line 85.
LaTeX Font Info:    Trying to load font information for U+msa on input line 85.


(C:\Users\kolenikov-stanislav\AppData\Local\Programs\MiKTeX\tex/latex/amsfonts\
umsa.fd
File: umsa.fd 2013/01/14 v3.01 AMS symbols A
)
LaTeX Font Info:    Trying to load font information for U+msb on input line 85.


(C:\Users\kolenikov-stanislav\AppData\Local\Programs\MiKTeX\tex/latex/amsfonts\
umsb.fd
File: umsb.fd 2013/01/14 v3.01 AMS symbols B
)
LaTeX Font Info:    Font shape `OT1/Roboto-LF/m/n' aliased to
(Font)              `OT1/Roboto-LF/regular/n' on input line 85.
LaTeX Font Info:    Font shape `OT1/Roboto-LF/regular/n' will be
(Font)              scaled to size 5.0pt on input line 85.
LaTeX Font Info:    Font shape `OT1/Roboto-LF/m/it' aliased to
(Font)              `OT1/Roboto-LF/regular/it' on input line 85.
LaTeX Font Info:    Font shape `OT1/Roboto-LF/regular/it' will be
(Font)              scaled to size 6.0pt on input line 85.
LaTeX Font Info:    Font shape `OT1/Roboto-LF/m/it' aliased to
(Font)              `OT1/Roboto-LF/regular/it' on input line 85.
LaTeX Font Info:    Font shape `OT1/Roboto-LF/regular/it' will be
(Font)              scaled to size 5.0pt on input line 85.
File: NORCLogo_Short_Color.png Graphic file (type png)
<use NORCLogo_Short_Color.png>
Package pdftex.def Info: NORCLogo_Short_Color.png  used on input line 85.
(pdftex.def)             Requested size: 51.72969pt x 11.38092pt.
 [3

]
LaTeX Font Info:    Font shape `OT1/Roboto-LF/b/n' aliased to
(Font)              `OT1/Roboto-LF/bold/n' on input line 111.
LaTeX Font Info:    Font shape `OT1/Roboto-LF/bold/n' will be
(Font)              scaled to size 10.95pt on input line 111.

Package natbib Warning: Citation `korn:graubard:1999' on page 4 undefined on in
put line 111.


Package natbib Warning: Citation `heeringa:west:berglund:2017' on page 4 undefi
ned on input line 111.


Package natbib Warning: Citation `lumley:2010' on page 4 undefined on input lin
e 111.


Package natbib Warning: Citation `chambers:skinner:2003' on page 4 undefined on
 input line 111.


Package natbib Warning: Citation `pfeffermann:rao:2009' on page 4 undefined on 
input line 111.


Package natbib Warning: Citation `wu:thompson:2020' on page 4 undefined on inpu
t line 111.


Package natbib Warning: Citation `skinner:wakefield:2017' on page 4 undefined o
n input line 111.


Package natbib Warning: Citation `west:sakshaug:aure:2016' on page 4 undefined 
on input line 111.

File: NORCLogo_Short_Color.png Graphic file (type png)
<use NORCLogo_Short_Color.png>
Package pdftex.def Info: NORCLogo_Short_Color.png  used on input line 111.
(pdftex.def)             Requested size: 51.72969pt x 11.38092pt.
 [4

]
File: NORCLogo_Short_Color.png Graphic file (type png)
<use NORCLogo_Short_Color.png>
Package pdftex.def Info: NORCLogo_Short_Color.png  used on input line 129.
(pdftex.def)             Requested size: 51.72969pt x 11.38092pt.
 [5

]
LaTeX Font Info:    Font shape `OT1/Roboto-LF/m/n' aliased to
(Font)              `OT1/Roboto-LF/regular/n' on input line 155.
LaTeX Font Info:    Font shape `OT1/Roboto-LF/regular/n' will be
(Font)              scaled to size 7.0pt on input line 155.
LaTeX Font Info:    Font shape `OT1/Roboto-LF/m/it' aliased to
(Font)              `OT1/Roboto-LF/regular/it' on input line 155.
LaTeX Font Info:    Font shape `OT1/Roboto-LF/regular/it' will be
(Font)              scaled to size 10.0pt on input line 155.
LaTeX Font Info:    Font shape `OT1/Roboto-LF/m/it' aliased to
(Font)              `OT1/Roboto-LF/regular/it' on input line 155.
LaTeX Font Info:    Font shape `OT1/Roboto-LF/regular/it' will be
(Font)              scaled to size 7.0pt on input line 155.
File: NORCLogo_Short_Color.png Graphic file (type png)
<use NORCLogo_Short_Color.png>
Package pdftex.def Info: NORCLogo_Short_Color.png  used on input line 155.
(pdftex.def)             Requested size: 51.72969pt x 11.38092pt.
 [6

{C:/Users/kolenikov-stanislav/AppData/Local/Programs/MiKTeX/fonts/enc/dvips/rob
oto/rbto_h6xohf.enc}]
File: NORCLogo_Short_Color.png Graphic file (type png)
<use NORCLogo_Short_Color.png>
Package pdftex.def Info: NORCLogo_Short_Color.png  used on input line 175.
(pdftex.def)             Requested size: 51.72969pt x 11.38092pt.
 [7

]
File: NORCLogo_Short_Color.png Graphic file (type png)
<use NORCLogo_Short_Color.png>
Package pdftex.def Info: NORCLogo_Short_Color.png  used on input line 190.
(pdftex.def)             Requested size: 51.72969pt x 11.38092pt.
 [8

]
File: NORCLogo_Short_Color.png Graphic file (type png)
<use NORCLogo_Short_Color.png>
Package pdftex.def Info: NORCLogo_Short_Color.png  used on input line 214.
(pdftex.def)             Requested size: 51.72969pt x 11.38092pt.
 [9

]
LaTeX Font Info:    Font shape `OT1/Roboto-LF/m/it' aliased to
(Font)              `OT1/Roboto-LF/regular/it' on input line 255.
LaTeX Font Info:    Font shape `OT1/Roboto-LF/regular/it' will be
(Font)              scaled to size 10.95pt on input line 255.
LaTeX Font Info:    Font shape `OT1/Roboto-LF/m/it' aliased to
(Font)              `OT1/Roboto-LF/regular/it' on input line 255.
LaTeX Font Info:    Font shape `OT1/Roboto-LF/regular/it' will be
(Font)              scaled to size 8.0pt on input line 255.
File: NORCLogo_Short_Color.png Graphic file (type png)
<use NORCLogo_Short_Color.png>
Package pdftex.def Info: NORCLogo_Short_Color.png  used on input line 255.
(pdftex.def)             Requested size: 51.72969pt x 11.38092pt.
 [10

]
File: NORCLogo_Short_Color.png Graphic file (type png)
<use NORCLogo_Short_Color.png>
Package pdftex.def Info: NORCLogo_Short_Color.png  used on input line 279.
(pdftex.def)             Requested size: 51.72969pt x 11.38092pt.
 [11

]
File: NORCLogo_Short_Color.png Graphic file (type png)
<use NORCLogo_Short_Color.png>
Package pdftex.def Info: NORCLogo_Short_Color.png  used on input line 302.
(pdftex.def)             Requested size: 51.72969pt x 11.38092pt.
 [12

]
File: NORCLogo_Short_Color.png Graphic file (type png)
<use NORCLogo_Short_Color.png>
Package pdftex.def Info: NORCLogo_Short_Color.png  used on input line 325.
(pdftex.def)             Requested size: 51.72969pt x 11.38092pt.
 [13

]
File: NORCLogo_Short_Color.png Graphic file (type png)
<use NORCLogo_Short_Color.png>
Package pdftex.def Info: NORCLogo_Short_Color.png  used on input line 353.
(pdftex.def)             Requested size: 51.72969pt x 11.38092pt.
 [14

]

Package natbib Warning: Citation `kalton:flores:cervantes:2003' on page 15 unde
fined on input line 372.


Package natbib Warning: Citation `valliant:dever:kreuter:2013' on page 15 undef
ined on input line 372.


Package natbib Warning: Citation `valliant:dever:2017' on page 15 undefined on 
input line 372.


Package natbib Warning: Citation `kolenikov:2016' on page 15 undefined on input
 line 372.

File: NORCLogo_Short_Color.png Graphic file (type png)
<use NORCLogo_Short_Color.png>
Package pdftex.def Info: NORCLogo_Short_Color.png  used on input line 372.
(pdftex.def)             Requested size: 51.72969pt x 11.38092pt.
 [15

]
LaTeX Font Info:    Trying to load font information for TS1+Roboto-LF on input 
line 395.

(C:\Users\kolenikov-stanislav\AppData\Local\Programs\MiKTeX\tex/latex/roboto\ts
1roboto-lf.fd
File: TS1Roboto-LF.fd 2019/12/11 (autoinst) Font definitions for TS1/Roboto-LF.

)
LaTeX Font Info:    Font shape `TS1/Roboto-LF/m/n' aliased to
(Font)              `TS1/Roboto-LF/regular/n' on input line 395.
LaTeX Font Info:    Font shape `TS1/Roboto-LF/regular/n' will be
(Font)              scaled to size 14.4pt on input line 395.
File: NORCLogo_Short_Color.png Graphic file (type png)
<use NORCLogo_Short_Color.png>
Package pdftex.def Info: NORCLogo_Short_Color.png  used on input line 395.
(pdftex.def)             Requested size: 51.72969pt x 11.38092pt.
 [16

{C:/Users/kolenikov-stanislav/AppData/Local/Programs/MiKTeX/fonts/enc/dvips/rob
oto/rbto_ocbbsb.enc}]
File: NORCLogo_Short_Color.png Graphic file (type png)
<use NORCLogo_Short_Color.png>
Package pdftex.def Info: NORCLogo_Short_Color.png  used on input line 419.
(pdftex.def)             Requested size: 51.72969pt x 11.38092pt.
 [17

]
File: NORCLogo_Short_Color.png Graphic file (type png)
<use NORCLogo_Short_Color.png>
Package pdftex.def Info: NORCLogo_Short_Color.png  used on input line 438.
(pdftex.def)             Requested size: 51.72969pt x 11.38092pt.
 [18

]
LaTeX Font Info:    Font shape `OT1/Roboto-LF/m/it' aliased to
(Font)              `OT1/Roboto-LF/regular/it' on input line 461.
LaTeX Font Info:    Font shape `OT1/Roboto-LF/regular/it' will be
(Font)              scaled to size 14.4pt on input line 461.
File: NORCLogo_Short_Color.png Graphic file (type png)
<use NORCLogo_Short_Color.png>
Package pdftex.def Info: NORCLogo_Short_Color.png  used on input line 461.
(pdftex.def)             Requested size: 51.72969pt x 11.38092pt.
 [19

]

Package natbib Warning: Citation `horvitz:thompson:1952' on page 20 undefined o
n input line 490.

LaTeX Font Info:    Font shape `OT1/Roboto-LF/m/sc' aliased to
(Font)              `OT1/Roboto-LF/regular/sc' on input line 490.
LaTeX Font Info:    Font shape `OT1/Roboto-LF/regular/sc' will be
(Font)              scaled to size 10.95pt on input line 490.
File: NORCLogo_Short_Color.png Graphic file (type png)
<use NORCLogo_Short_Color.png>
Package pdftex.def Info: NORCLogo_Short_Color.png  used on input line 490.
(pdftex.def)             Requested size: 51.72969pt x 11.38092pt.
 [20

{C:/Users/kolenikov-stanislav/AppData/Local/Programs/MiKTeX/fonts/enc/dvips/rob
oto/rbto_5xgh2b.enc}]
File: NORCLogo_Short_Color.png Graphic file (type png)
<use NORCLogo_Short_Color.png>
Package pdftex.def Info: NORCLogo_Short_Color.png  used on input line 507.
(pdftex.def)             Requested size: 51.72969pt x 11.38092pt.
 [21

]

Package natbib Warning: Citation `chen:elliott:etal:2017' on page 22 undefined 
on input line 526.

File: NORCLogo_Short_Color.png Graphic file (type png)
<use NORCLogo_Short_Color.png>
Package pdftex.def Info: NORCLogo_Short_Color.png  used on input line 526.
(pdftex.def)             Requested size: 51.72969pt x 11.38092pt.
 [22

]
File: NORCLogo_Short_Color.png Graphic file (type png)
<use NORCLogo_Short_Color.png>
Package pdftex.def Info: NORCLogo_Short_Color.png  used on input line 548.
(pdftex.def)             Requested size: 51.72969pt x 11.38092pt.
 [23

]
File: NORCLogo_Short_Color.png Graphic file (type png)
<use NORCLogo_Short_Color.png>
Package pdftex.def Info: NORCLogo_Short_Color.png  used on input line 574.
(pdftex.def)             Requested size: 51.72969pt x 11.38092pt.
 [24

]
File: NORCLogo_Short_Color.png Graphic file (type png)
<use NORCLogo_Short_Color.png>
Package pdftex.def Info: NORCLogo_Short_Color.png  used on input line 594.
(pdftex.def)             Requested size: 51.72969pt x 11.38092pt.
 [25

]
LaTeX Font Info:    Font shape `OT1/Roboto-LF/b/n' aliased to
(Font)              `OT1/Roboto-LF/bold/n' on input line 619.
LaTeX Font Info:    Font shape `OT1/Roboto-LF/bold/n' will be
(Font)              scaled to size 10.0pt on input line 619.

Package natbib Warning: Citation `kolenikov:pitblado:2014' on page 26 undefined
 on input line 619.

File: NORCLogo_Short_Color.png Graphic file (type png)
<use NORCLogo_Short_Color.png>
Package pdftex.def Info: NORCLogo_Short_Color.png  used on input line 619.
(pdftex.def)             Requested size: 51.72969pt x 11.38092pt.
 [26

]

Package natbib Warning: Citation `brewer:hanif:1983' on page 27 undefined on in
put line 645.

File: NORCLogo_Short_Color.png Graphic file (type png)
<use NORCLogo_Short_Color.png>
Package pdftex.def Info: NORCLogo_Short_Color.png  used on input line 645.
(pdftex.def)             Requested size: 51.72969pt x 11.38092pt.
 [27

]

Package natbib Warning: Citation `deville:sarndal:1992' on page 28 undefined on
 input line 671.


Package natbib Warning: Citation `henry:valliant:2015' on page 28 undefined on 
input line 671.


Package natbib Warning: Citation `devaud:tille:2019' on page 28 undefined on in
put line 671.

File: NORCLogo_Short_Color.png Graphic file (type png)
<use NORCLogo_Short_Color.png>
Package pdftex.def Info: NORCLogo_Short_Color.png  used on input line 671.
(pdftex.def)             Requested size: 51.72969pt x 11.38092pt.
 [28

]

Package natbib Warning: Citation `mccarthy:1969' on page 29 undefined on input 
line 697.


Package natbib Warning: Citation `krewski:rao:1981' on page 29 undefined on inp
ut line 697.


Package natbib Warning: Citation `rao:wu:1988' on page 29 undefined on input li
ne 697.


Package natbib Warning: Citation `sitter:1992:3bs' on page 29 undefined on inpu
t line 697.


Package natbib Warning: Citation `ash:2011' on page 29 undefined on input line 
697.


Package natbib Warning: Citation `shao:1996' on page 29 undefined on input line
 697.


Package natbib Warning: Citation `rust:rao:1996' on page 29 undefined on input 
line 697.


Package natbib Warning: Citation `kolenikov:2010' on page 29 undefined on input
 line 697.


Package natbib Warning: Citation `heeringa:west:berglund:2017' on page 29 undef
ined on input line 697.


Package natbib Warning: Citation `lumley:2010' on page 29 undefined on input li
ne 697.

File: NORCLogo_Short_Color.png Graphic file (type png)
<use NORCLogo_Short_Color.png>
Package pdftex.def Info: NORCLogo_Short_Color.png  used on input line 697.
(pdftex.def)             Requested size: 51.72969pt x 11.38092pt.
 [29

]
LaTeX Font Info:    Font shape `OT1/Roboto-LF/b/n' aliased to
(Font)              `OT1/Roboto-LF/bold/n' on input line 717.
LaTeX Font Info:    Font shape `OT1/Roboto-LF/bold/n' will be
(Font)              scaled to size 8.0pt on input line 717.
LaTeX Font Info:    Font shape `OT1/Roboto-LF/b/n' aliased to
(Font)              `OT1/Roboto-LF/bold/n' on input line 717.
LaTeX Font Info:    Font shape `OT1/Roboto-LF/bold/n' will be
(Font)              scaled to size 5.0pt on input line 717.
LaTeX Font Info:    Font shape `OT1/Roboto-LF/b/n' aliased to
(Font)              `OT1/Roboto-LF/bold/n' on input line 717.
LaTeX Font Info:    Font shape `OT1/Roboto-LF/bold/n' will be
(Font)              scaled to size 7.0pt on input line 717.
File: NORCLogo_Short_Color.png Graphic file (type png)
<use NORCLogo_Short_Color.png>
Package pdftex.def Info: NORCLogo_Short_Color.png  used on input line 717.
(pdftex.def)             Requested size: 51.72969pt x 11.38092pt.
 [30

]

Package natbib Warning: Citation `skinner:1989' on page 31 undefined on input l
ine 736.


Package natbib Warning: Citation `binder:roberts:2003' on page 31 undefined on 
input line 736.


Package natbib Warning: Citation `binder:roberts:2009' on page 31 undefined on 
input line 736.


Package natbib Warning: Citation `pfeffermann:2011:whymodel' on page 31 undefin
ed on input line 736.


Package natbib Warning: Citation `fuller:1975' on page 31 undefined on input li
ne 736.


Package natbib Warning: Citation `binder:1983' on page 31 undefined on input li
ne 736.

File: NORCLogo_Short_Color.png Graphic file (type png)
<use NORCLogo_Short_Color.png>
Package pdftex.def Info: NORCLogo_Short_Color.png  used on input line 736.
(pdftex.def)             Requested size: 51.72969pt x 11.38092pt.
 [31

]

Package natbib Warning: Citation `west:berglund:heeringa:2008' on page 32 undef
ined on input line 758.

File: NORCLogo_Short_Color.png Graphic file (type png)
<use NORCLogo_Short_Color.png>
Package pdftex.def Info: NORCLogo_Short_Color.png  used on input line 758.
(pdftex.def)             Requested size: 51.72969pt x 11.38092pt.
 [32

]

Package natbib Warning: Citation `seid:west:moser:2023' on page 33 undefined on
 input line 775.


Package natbib Warning: Citation `aapor:2016:standard:definitions' on page 33 u
ndefined on input line 775.

File: NORCLogo_Short_Color.png Graphic file (type png)
<use NORCLogo_Short_Color.png>
Package pdftex.def Info: NORCLogo_Short_Color.png  used on input line 775.
(pdftex.def)             Requested size: 51.72969pt x 11.38092pt.
 [33

]
File: NORCLogo_Short_Color.png Graphic file (type png)
<use NORCLogo_Short_Color.png>
Package pdftex.def Info: NORCLogo_Short_Color.png  used on input line 810.
(pdftex.def)             Requested size: 51.72969pt x 11.38092pt.
 [34

]
File: NORCLogo_Short_Color.png Graphic file (type png)
<use NORCLogo_Short_Color.png>
Package pdftex.def Info: NORCLogo_Short_Color.png  used on input line 831.
(pdftex.def)             Requested size: 51.72969pt x 11.38092pt.
 [35

]
<tse-slide.png, id=361, 722.7pt x 542.025pt>
File: tse-slide.png Graphic file (type png)
<use tse-slide.png>
Package pdftex.def Info: tse-slide.png  used on input line 843.
(pdftex.def)             Requested size: 303.53192pt x 227.64894pt.
File: NORCLogo_Short_Color.png Graphic file (type png)
<use NORCLogo_Short_Color.png>
Package pdftex.def Info: NORCLogo_Short_Color.png  used on input line 843.
(pdftex.def)             Requested size: 51.72969pt x 11.38092pt.
 [36

 <C:/Users/kolenikov-stanislav/OneDrive - National Opinion Research Center/Proj
ects.2022/ICHPS.2023/svy/tse-slide.png>]

Package natbib Warning: Citation `grov:fowl:coup:lepk:sing:tour:2009' on page 3
7 undefined on input line 865.


Package natbib Warning: Citation `groves:lyberg:2010' on page 37 undefined on i
nput line 865.


Package natbib Warning: Citation `johnson:2015:handbook' on page 37 undefined o
n input line 865.

File: NORCLogo_Short_Color.png Graphic file (type png)
<use NORCLogo_Short_Color.png>
Package pdftex.def Info: NORCLogo_Short_Color.png  used on input line 865.
(pdftex.def)             Requested size: 51.72969pt x 11.38092pt.
 [37

]
Overfull \hbox (3.39557pt too wide) in paragraph at lines 889--889
\OT1/Roboto-LF/regular/n/10.95 http://community.amstat.org/surveyresearchmethod
ssection/links  
 []

File: NORCLogo_Short_Color.png Graphic file (type png)
<use NORCLogo_Short_Color.png>
Package pdftex.def Info: NORCLogo_Short_Color.png  used on input line 889.
(pdftex.def)             Requested size: 51.72969pt x 11.38092pt.
 [38

]
(C:/Users/kolenikov-stanislav/OneDrive - National Opinion Research Center/Proje
cts.2022/ICHPS.2023/svy\ichps2023-kolenikov-svy.toc)
File: NORCLogo_Short_Color.png Graphic file (type png)
<use NORCLogo_Short_Color.png>
Package pdftex.def Info: NORCLogo_Short_Color.png  used on input line 894.
(pdftex.def)             Requested size: 51.72969pt x 11.38092pt.
 [39

]

Package hyperref Warning: Token not allowed in a PDF string (Unicode):
(hyperref)                removing `\translate ' on input line 897.

File: NORCLogo_Short_Color.png Graphic file (type png)
<use NORCLogo_Short_Color.png>
Package pdftex.def Info: NORCLogo_Short_Color.png  used on input line 912.
(pdftex.def)             Requested size: 51.72969pt x 11.38092pt.
 [40

]
File: NORCLogo_Short_Color.png Graphic file (type png)
<use NORCLogo_Short_Color.png>
Package pdftex.def Info: NORCLogo_Short_Color.png  used on input line 944.
(pdftex.def)             Requested size: 51.72969pt x 11.38092pt.
 [41

]

Package natbib Warning: Citation `lumley:2010' on page 42 undefined on input li
ne 970.

LaTeX Font Info:    Trying to load font information for OMS+cmtt on input line 
970.
LaTeX Font Info:    No file OMScmtt.fd. on input line 970.

LaTeX Font Warning: Font shape `OMS/cmtt/m/n' undefined
(Font)              using `OMS/cmsy/m/n' instead
(Font)              for symbol `textbraceleft' on input line 970.


Package natbib Warning: Citation `tille:2006' on page 42 undefined on input lin
e 970.

File: NORCLogo_Short_Color.png Graphic file (type png)
<use NORCLogo_Short_Color.png>
Package pdftex.def Info: NORCLogo_Short_Color.png  used on input line 970.
(pdftex.def)             Requested size: 51.72969pt x 11.38092pt.
 [42

]

Package natbib Warning: Citation `heeringa:west:berglund:2017' on page 43 undef
ined on input line 991.


Package natbib Warning: Citation `kolenikov:pitblado:2014' on page 43 undefined
 on input line 991.

File: NORCLogo_Short_Color.png Graphic file (type png)
<use NORCLogo_Short_Color.png>
Package pdftex.def Info: NORCLogo_Short_Color.png  used on input line 991.
(pdftex.def)             Requested size: 51.72969pt x 11.38092pt.
 [43

]
File: NORCLogo_Short_Color.png Graphic file (type png)
<use NORCLogo_Short_Color.png>
Package pdftex.def Info: NORCLogo_Short_Color.png  used on input line 1017.
(pdftex.def)             Requested size: 51.72969pt x 11.38092pt.
 [44

]
File: NORCLogo_Short_Color.png Graphic file (type png)
<use NORCLogo_Short_Color.png>
Package pdftex.def Info: NORCLogo_Short_Color.png  used on input line 1035.
(pdftex.def)             Requested size: 51.72969pt x 11.38092pt.
 [45

]
File: NORCLogo_Short_Color.png Graphic file (type png)
<use NORCLogo_Short_Color.png>
Package pdftex.def Info: NORCLogo_Short_Color.png  used on input line 1052.
(pdftex.def)             Requested size: 51.72969pt x 11.38092pt.
 [46

]
LaTeX Font Info:    Font shape `TS1/Roboto-LF/m/n' aliased to
(Font)              `TS1/Roboto-LF/regular/n' on input line 1083.
LaTeX Font Info:    Font shape `TS1/Roboto-LF/regular/n' will be
(Font)              scaled to size 10.95pt on input line 1083.
File: NORCLogo_Short_Color.png Graphic file (type png)
<use NORCLogo_Short_Color.png>
Package pdftex.def Info: NORCLogo_Short_Color.png  used on input line 1083.
(pdftex.def)             Requested size: 51.72969pt x 11.38092pt.
 [47

]
File: NORCLogo_Short_Color.png Graphic file (type png)
<use NORCLogo_Short_Color.png>
Package pdftex.def Info: NORCLogo_Short_Color.png  used on input line 1093.
(pdftex.def)             Requested size: 51.72969pt x 11.38092pt.
 [48

]
File: NORCLogo_Short_Color.png Graphic file (type png)
<use NORCLogo_Short_Color.png>
Package pdftex.def Info: NORCLogo_Short_Color.png  used on input line 1109.
(pdftex.def)             Requested size: 51.72969pt x 11.38092pt.
 [49

]

Package natbib Warning: Citation `pfef:skin:holm:gold:rasb:1998' on page 50 und
efined on input line 1128.

File: NORCLogo_Short_Color.png Graphic file (type png)
<use NORCLogo_Short_Color.png>
Package pdftex.def Info: NORCLogo_Short_Color.png  used on input line 1128.
(pdftex.def)             Requested size: 51.72969pt x 11.38092pt.
 [50

]

Package natbib Warning: Citation `fay:herriot:1979' on page 51 undefined on inp
ut line 1155.


Package natbib Warning: Citation `rao:molina:2015' on page 51 undefined on inpu
t line 1155.


Package natbib Warning: Citation `molina:rao:2010' on page 51 undefined on inpu
t line 1155.

File: NORCLogo_Short_Color.png Graphic file (type png)
<use NORCLogo_Short_Color.png>
Package pdftex.def Info: NORCLogo_Short_Color.png  used on input line 1155.
(pdftex.def)             Requested size: 51.72969pt x 11.38092pt.
 [51

]

Package natbib Warning: Citation `rubin:1996' on page 52 undefined on input lin
e 1176.


Package natbib Warning: Citation `vanbuuren:2018' on page 52 undefined on input
 line 1176.


Package natbib Warning: Citation `kim:brick:fuller:kalton:2006' on page 52 unde
fined on input line 1176.


Package natbib Warning: Citation `shao:sitter:1996' on page 52 undefined on inp
ut line 1176.


Package natbib Warning: Citation `dagdoug:goga:haziza:2023' on page 52 undefine
d on input line 1176.

File: NORCLogo_Short_Color.png Graphic file (type png)
<use NORCLogo_Short_Color.png>
Package pdftex.def Info: NORCLogo_Short_Color.png  used on input line 1176.
(pdftex.def)             Requested size: 51.72969pt x 11.38092pt.
 [52

]

Package natbib Warning: Citation `scott:wild:2003' on page 53 undefined on inpu
t line 1196.

File: NORCLogo_Short_Color.png Graphic file (type png)
<use NORCLogo_Short_Color.png>
Package pdftex.def Info: NORCLogo_Short_Color.png  used on input line 1196.
(pdftex.def)             Requested size: 51.72969pt x 11.38092pt.
 [53

]

Package natbib Warning: Citation `lawless:2003' on page 54 undefined on input l
ine 1216.


Package natbib Warning: Citation `binder:1992' on page 54 undefined on input li
ne 1216.

File: NORCLogo_Short_Color.png Graphic file (type png)
<use NORCLogo_Short_Color.png>
Package pdftex.def Info: NORCLogo_Short_Color.png  used on input line 1216.
(pdftex.def)             Requested size: 51.72969pt x 11.38092pt.
 [54

]

Package amsmath Warning: Foreign command \atopwithdelims;
(amsmath)                \frac or \genfrac should be used instead
(amsmath)                 on input line 1237.


Package natbib Warning: Citation `little:2012' on page 55 undefined on input li
ne 1237.

File: NORCLogo_Short_Color.png Graphic file (type png)
<use NORCLogo_Short_Color.png>
Package pdftex.def Info: NORCLogo_Short_Color.png  used on input line 1237.
(pdftex.def)             Requested size: 51.72969pt x 11.38092pt.
 [55

]
File: NORCLogo_Short_Color.png Graphic file (type png)
<use NORCLogo_Short_Color.png>
Package pdftex.def Info: NORCLogo_Short_Color.png  used on input line 1262.
(pdftex.def)             Requested size: 51.72969pt x 11.38092pt.
 [56

]

Package natbib Warning: Citation `dong:stuart:lenis:nguyen:2020' on page 57 und
efined on input line 1289.


Package natbib Warning: Citation `ridgeway:kovalchik:griffin:kabeto:2015' on pa
ge 57 undefined on input line 1289.


Package natbib Warning: Citation `lenis:nguyen:dong:stuart:2017' on page 57 und
efined on input line 1289.


Package natbib Warning: Citation `austin:jembere:chiu:2018' on page 57 undefine
d on input line 1289.


Package natbib Warning: Citation `dong:stuart:lenis:nguyen:2020' on page 57 und
efined on input line 1289.


Package natbib Warning: Citation `mercer:kreuter:keeter:stuart:2017' on page 57
 undefined on input line 1289.

File: NORCLogo_Short_Color.png Graphic file (type png)
<use NORCLogo_Short_Color.png>
Package pdftex.def Info: NORCLogo_Short_Color.png  used on input line 1289.
(pdftex.def)             Requested size: 51.72969pt x 11.38092pt.
 [57

]
File: NORCLogo_Short_Color.png Graphic file (type png)
<use NORCLogo_Short_Color.png>
Package pdftex.def Info: NORCLogo_Short_Color.png  used on input line 1307.
(pdftex.def)             Requested size: 51.72969pt x 11.38092pt.
 [58

]

Package natbib Warning: Citation `rao:2021:nonprob' on page 59 undefined on inp
ut line 1336.


Package natbib Warning: Citation `wu:2022:nonprob' on page 59 undefined on inpu
t line 1336.


Package natbib Warning: Citation `ganesh:2017:truenorth' on page 59 undefined o
n input line 1336.

File: NORCLogo_Short_Color.png Graphic file (type png)
<use NORCLogo_Short_Color.png>
Package pdftex.def Info: NORCLogo_Short_Color.png  used on input line 1336.
(pdftex.def)             Requested size: 51.72969pt x 11.38092pt.
 [59

]
(C:/Users/kolenikov-stanislav/OneDrive - National Opinion Research Center/Proje
cts.2022/ICHPS.2023/svy\ichps2023-kolenikov-svy.bbl)
File: NORCLogo_Short_Color.png Graphic file (type png)
<use NORCLogo_Short_Color.png>
Package pdftex.def Info: NORCLogo_Short_Color.png  used on input line 1343.
(pdftex.def)             Requested size: 51.72969pt x 11.38092pt.
 [60

]
\tf@nav=\write7
\openout7 = `ichps2023-kolenikov-svy.nav'.

\tf@toc=\write8
\openout8 = `ichps2023-kolenikov-svy.toc'.

\tf@snm=\write9
\openout9 = `ichps2023-kolenikov-svy.snm'.


Package natbib Warning: There were undefined citations.

 (ichps2023-kolenikov-svy.aux)
 ***********
LaTeX2e <2023-11-01>
L3 programming layer <2023-12-11>
 ***********

LaTeX Font Warning: Some font shapes were not available, defaults substituted.

Package rerunfilecheck Info: File `ichps2023-kolenikov-svy.out' has not changed
.
(rerunfilecheck)             Checksum: 63DAF8A4C138A798DFAE59C05CCDC8D8;3198.
 ) 
Here is how much of TeX's memory you used:
 24498 strings out of 474495
 483620 string characters out of 5737327
 1939460 words of memory out of 5000000
 46091 multiletter control sequences out of 15000+600000
 598487 words of font info for 104 fonts, out of 8000000 for 9000
 1141 hyphenation exceptions out of 8191
 128i,15n,123p,559b,685s stack positions out of 10000i,1000n,20000p,200000b,200000s
<C:/Users/kolenikov-stanislav/AppData/Local/Programs/MiKTeX/fonts/type1/googl
e/roboto/Roboto-Bold.pfb><C:/Users/kolenikov-stanislav/AppData/Local/Programs/M
iKTeX/fonts/type1/google/roboto/Roboto-Italic.pfb><C:/Users/kolenikov-stanislav
/AppData/Local/Programs/MiKTeX/fonts/type1/google/roboto/Roboto-Regular.pfb><C:
/Users/kolenikov-stanislav/AppData/Local/Programs/MiKTeX/fonts/type1/public/ams
fonts/cm/cmex10.pfb><C:/Users/kolenikov-stanislav/AppData/Local/Programs/MiKTeX
/fonts/type1/public/amsfonts/cmextra/cmex8.pfb><C:/Users/kolenikov-stanislav/Ap
pData/Local/Programs/MiKTeX/fonts/type1/public/amsfonts/cm/cmmi10.pfb><C:/Users
/kolenikov-stanislav/AppData/Local/Programs/MiKTeX/fonts/type1/public/amsfonts/
cm/cmmi8.pfb><C:/Users/kolenikov-stanislav/AppData/Local/Programs/MiKTeX/fonts/
type1/public/amsfonts/cm/cmr10.pfb><C:/Users/kolenikov-stanislav/AppData/Local/
Programs/MiKTeX/fonts/type1/public/amsfonts/cm/cmr8.pfb><C:/Users/kolenikov-sta
nislav/AppData/Local/Programs/MiKTeX/fonts/type1/public/amsfonts/cm/cmss10.pfb>
<C:/Users/kolenikov-stanislav/AppData/Local/Programs/MiKTeX/fonts/type1/public/
amsfonts/cm/cmss8.pfb><C:/Users/kolenikov-stanislav/AppData/Local/Programs/MiKT
eX/fonts/type1/public/amsfonts/cm/cmsy10.pfb><C:/Users/kolenikov-stanislav/AppD
ata/Local/Programs/MiKTeX/fonts/type1/public/amsfonts/cm/cmsy6.pfb><C:/Users/ko
lenikov-stanislav/AppData/Local/Programs/MiKTeX/fonts/type1/public/amsfonts/cm/
cmsy7.pfb><C:/Users/kolenikov-stanislav/AppData/Local/Programs/MiKTeX/fonts/typ
e1/public/amsfonts/cm/cmsy8.pfb><C:/Users/kolenikov-stanislav/AppData/Local/Pro
grams/MiKTeX/fonts/type1/public/amsfonts/cm/cmtt10.pfb><C:/Users/kolenikov-stan
islav/AppData/Local/Programs/MiKTeX/fonts/type1/public/amsfonts/symbols/msam7.p
fb><C:/Users/kolenikov-stanislav/AppData/Local/Programs/MiKTeX/fonts/type1/publ
ic/amsfonts/symbols/msbm10.pfb>
Output written on ichps2023-kolenikov-svy.pdf (60 pages, 568177 bytes).
PDF statistics:
 673 PDF objects out of 1000 (max. 8388607)
 139 named destinations out of 1000 (max. 500000)
 209 words of extra memory for PDF output out of 10000 (max. 10000000)

